#
# There is insufficient memory for the Java Runtime Environment to continue.
# Native memory allocation (malloc) failed to allocate 1089280 bytes. Error detail: Chunk::new
# Possible reasons:
#   The system is out of physical RAM or swap space
#   This process is running with CompressedOops enabled, and the Java Heap may be blocking the growth of the native heap
# Possible solutions:
#   Reduce memory load on the system
#   Increase physical memory or swap space
#   Check if swap backing store is full
#   Decrease Java heap size (-Xmx/-Xms)
#   Decrease number of Java threads
#   Decrease Java thread stack sizes (-Xss)
#   Set larger code cache with -XX:ReservedCodeCacheSize=
#   JVM is running with Unscaled Compressed Oops mode in which the Java heap is
#     placed in the first 4GB address space. The Java Heap base address is the
#     maximum limit for the native heap growth. Please use -XX:HeapBaseMinAddress
#     to set the Java Heap base and to place the Java Heap above 4GB virtual address.
# This output file may be truncated or incomplete.
#
#  Out of Memory Error (arena.cpp:168), pid=5092, tid=4948
#
# JRE version: OpenJDK Runtime Environment Temurin-21.0.8+9 (21.0.8+9) (build 21.0.8+9-LTS)
# Java VM: OpenJDK 64-Bit Server VM Temurin-21.0.8+9 (21.0.8+9-LTS, mixed mode, sharing, tiered, compressed oops, compressed class ptrs, parallel gc, windows-amd64)
# No core dump will be written. Minidumps are not enabled by default on client versions of Windows
#

---------------  S U M M A R Y ------------

Command Line: --add-modules=ALL-SYSTEM --add-opens=java.base/java.util=ALL-UNNAMED --add-opens=java.base/java.lang=ALL-UNNAMED --add-opens=java.base/sun.nio.fs=ALL-UNNAMED -Declipse.application=org.eclipse.jdt.ls.core.id1 -Dosgi.bundles.defaultStartLevel=4 -Declipse.product=org.eclipse.jdt.ls.core.product -Djava.import.generatesMetadataFilesAtProjectRoot=false -DDetectVMInstallationsJob.disabled=true -Dfile.encoding=utf8 -XX:+UseParallelGC -XX:GCTimeRatio=4 -XX:AdaptiveSizePolicyWeight=90 -Dsun.zip.disableMemoryMapping=true -Xmx2G -Xms100m -Xlog:disable -javaagent:c:\Users\yoelp\.vscode\extensions\redhat.java-1.45.0-win32-x64\lombok\lombok-1.18.39-4050.jar c:\Users\yoelp\.vscode\extensions\redhat.java-1.45.0-win32-x64\server\plugins\org.eclipse.equinox.launcher_1.7.0.v20250519-0528.jar -configuration c:\Users\yoelp\AppData\Roaming\Code\User\globalStorage\redhat.java\1.45.0\config_ss_win -data c:\Users\yoelp\AppData\Roaming\Code\User\workspaceStorage\ce60890354c079d3dad443cb89cf7f19\redhat.java\ss_ws --pipe=\\.\pipe\lsp-c982949d9aa776102e279030f9a776da-sock

Host: Intel(R) Core(TM) i5-2467M CPU @ 1.60GHz, 4 cores, 5G,  Windows 10 , 64 bit Build 19041 (10.0.19041.5915)
Time: Sun Sep  7 11:21:14 2025 Hora de verano romance elapsed time: 36.987719 seconds (0d 0h 0m 36s)

---------------  T H R E A D  ---------------

Current thread (0x000001a1d73ddda0):  JavaThread "C2 CompilerThread0" daemon [_thread_in_native, id=4948, stack(0x0000006131e00000,0x0000006131f00000) (1024K)]


Current CompileTask:
C2:36987 2849       4       java.lang.invoke.MethodType::makeImpl (109 bytes)

Stack: [0x0000006131e00000,0x0000006131f00000]
Native frames: (J=compiled Java code, j=interpreted, Vv=VM code, C=native code)
V  [jvm.dll+0x6d2449]
V  [jvm.dll+0x8ae341]
V  [jvm.dll+0x8b08be]
V  [jvm.dll+0x8b0fa3]
V  [jvm.dll+0x280c96]
V  [jvm.dll+0xc581d]
V  [jvm.dll+0xc5d53]
V  [jvm.dll+0x3b919c]
V  [jvm.dll+0x1e1213]
V  [jvm.dll+0x249022]
V  [jvm.dll+0x2484af]
V  [jvm.dll+0x1c89ee]
V  [jvm.dll+0x257d4d]
V  [jvm.dll+0x2562ea]
V  [jvm.dll+0x3f2d16]
V  [jvm.dll+0x857e6b]
V  [jvm.dll+0x6d0b0d]
C  [ucrtbase.dll+0x21bb2]
C  [KERNEL32.DLL+0x17374]
C  [ntdll.dll+0x4cc91]


---------------  P R O C E S S  ---------------

Threads class SMR info:
_java_thread_list=0x000001a21d3caa80, length=18, elements={
0x000001a1be5eb780, 0x000001a1d73d1210, 0x000001a1d73d2ee0, 0x000001a1d73d75e0,
0x000001a1d73da800, 0x000001a1d73db510, 0x000001a1d73dcf70, 0x000001a1d73ddda0,
0x000001a1d743e1b0, 0x000001a21d0852f0, 0x000001a21d2c2940, 0x000001a21d755870,
0x000001a21d5cb940, 0x000001a21d5cbfa0, 0x000001a21d5201a0, 0x000001a21da68150,
0x000001a21da9fd60, 0x000001a21daa03c0
}

Java Threads: ( => current thread )
  0x000001a1be5eb780 JavaThread "main"                              [_thread_blocked, id=9872, stack(0x0000006131400000,0x0000006131500000) (1024K)]
  0x000001a1d73d1210 JavaThread "Reference Handler"          daemon [_thread_blocked, id=17092, stack(0x0000006131800000,0x0000006131900000) (1024K)]
  0x000001a1d73d2ee0 JavaThread "Finalizer"                  daemon [_thread_blocked, id=5528, stack(0x0000006131900000,0x0000006131a00000) (1024K)]
  0x000001a1d73d75e0 JavaThread "Signal Dispatcher"          daemon [_thread_blocked, id=8924, stack(0x0000006131a00000,0x0000006131b00000) (1024K)]
  0x000001a1d73da800 JavaThread "Attach Listener"            daemon [_thread_blocked, id=3992, stack(0x0000006131b00000,0x0000006131c00000) (1024K)]
  0x000001a1d73db510 JavaThread "Service Thread"             daemon [_thread_blocked, id=14108, stack(0x0000006131c00000,0x0000006131d00000) (1024K)]
  0x000001a1d73dcf70 JavaThread "Monitor Deflation Thread"   daemon [_thread_blocked, id=15664, stack(0x0000006131d00000,0x0000006131e00000) (1024K)]
=>0x000001a1d73ddda0 JavaThread "C2 CompilerThread0"         daemon [_thread_in_native, id=4948, stack(0x0000006131e00000,0x0000006131f00000) (1024K)]
  0x000001a1d743e1b0 JavaThread "C1 CompilerThread0"         daemon [_thread_blocked, id=10408, stack(0x0000006131f00000,0x0000006132000000) (1024K)]
  0x000001a21d0852f0 JavaThread "Common-Cleaner"             daemon [_thread_blocked, id=15696, stack(0x0000006132000000,0x0000006132100000) (1024K)]
  0x000001a21d2c2940 JavaThread "Notification Thread"        daemon [_thread_blocked, id=16524, stack(0x0000006132100000,0x0000006132200000) (1024K)]
  0x000001a21d755870 JavaThread "Active Thread: Equinox Container: b4c5383a-1946-44d5-91df-c2085c651db9"        [_thread_blocked, id=3856, stack(0x0000006132500000,0x0000006132600000) (1024K)]
  0x000001a21d5cb940 JavaThread "Framework Event Dispatcher: Equinox Container: b4c5383a-1946-44d5-91df-c2085c651db9" daemon [_thread_blocked, id=3060, stack(0x0000006132600000,0x0000006132700000) (1024K)]
  0x000001a21d5cbfa0 JavaThread "Start Level: Equinox Container: b4c5383a-1946-44d5-91df-c2085c651db9" daemon [_thread_in_vm, id=14568, stack(0x0000006132700000,0x0000006132800000) (1024K)]
  0x000001a21d5201a0 JavaThread "SCR Component Actor"        daemon [_thread_blocked, id=14772, stack(0x0000006132800000,0x0000006132900000) (1024K)]
  0x000001a21da68150 JavaThread "Worker-JM"                         [_thread_blocked, id=12468, stack(0x0000006132a00000,0x0000006132b00000) (1024K)]
  0x000001a21da9fd60 JavaThread "Worker-0"                          [_thread_blocked, id=4608, stack(0x0000006132b00000,0x0000006132c00000) (1024K)]
  0x000001a21daa03c0 JavaThread "Worker-1"                          [_thread_blocked, id=7520, stack(0x0000006132c00000,0x0000006132d00000) (1024K)]
Total: 18

Other Threads:
  0x000001a1d73c06c0 VMThread "VM Thread"                           [id=4640, stack(0x0000006131700000,0x0000006131800000) (1024K)]
  0x000001a1d735d700 WatcherThread "VM Periodic Task Thread"        [id=15668, stack(0x0000006131600000,0x0000006131700000) (1024K)]
  0x000001a1c0a123e0 WorkerThread "GC Thread#0"                     [id=14188, stack(0x0000006131500000,0x0000006131600000) (1024K)]
  0x000001a21d8af9a0 WorkerThread "GC Thread#1"                     [id=15712, stack(0x0000006132200000,0x0000006132300000) (1024K)]
  0x000001a21d2eda40 WorkerThread "GC Thread#2"                     [id=17464, stack(0x0000006132300000,0x0000006132400000) (1024K)]
  0x000001a21d705040 WorkerThread "GC Thread#3"                     [id=15060, stack(0x0000006132400000,0x0000006132500000) (1024K)]
Total: 6

Threads with active compile tasks:
C2 CompilerThread0  37093 2849       4       java.lang.invoke.MethodType::makeImpl (109 bytes)
Total: 1

VM state: not at safepoint (normal execution)

VM Mutex/Monitor currently owned by a thread: None

Heap address: 0x0000000080000000, size: 2048 MB, Compressed Oops mode: 32-bit

CDS archive(s) mapped at: [0x000001a1d8000000-0x000001a1d8ba0000-0x000001a1d8ba0000), size 12189696, SharedBaseAddress: 0x000001a1d8000000, ArchiveRelocationMode: 1.
Compressed class space mapped at: 0x000001a1d9000000-0x000001a219000000, reserved size: 1073741824
Narrow klass base: 0x000001a1d8000000, Narrow klass shift: 0, Narrow klass range: 0x100000000

GC Precious Log:
 CardTable entry size: 512
 CPUs: 4 total, 4 available
 Memory: 5977M
 Large Page Support: Disabled
 NUMA Support: Disabled
 Compressed Oops: Enabled (32-bit)
 Alignments: Space 512K, Generation 512K, Heap 2M
 Heap Min Capacity: 100M
 Heap Initial Capacity: 100M
 Heap Max Capacity: 2G
 Pre-touch: Disabled
 Parallel Workers: 4

Heap:
 PSYoungGen      total 30720K, used 10015K [0x00000000d5580000, 0x00000000d7900000, 0x0000000100000000)
  eden space 25088K, 39% used [0x00000000d5580000,0x00000000d5f47da8,0x00000000d6e00000)
  from space 5632K, 0% used [0x00000000d7380000,0x00000000d7380000,0x00000000d7900000)
  to   space 5632K, 0% used [0x00000000d6e00000,0x00000000d6e00000,0x00000000d7380000)
 ParOldGen       total 68608K, used 10149K [0x0000000080000000, 0x0000000084300000, 0x00000000d5580000)
  object space 68608K, 14% used [0x0000000080000000,0x00000000809e9438,0x0000000084300000)
 Metaspace       used 22446K, committed 23104K, reserved 1114112K
  class space    used 2152K, committed 2432K, reserved 1048576K

Card table byte_map: [0x000001a1c0360000,0x000001a1c0770000] _byte_map_base: 0x000001a1bff60000

Marking Bits: (ParMarkBitMap*) 0x00007ffb081aa340
 Begin Bits: [0x000001a1d2e40000, 0x000001a1d4e40000)
 End Bits:   [0x000001a1d4e40000, 0x000001a1d6e40000)

Polling page: 0x000001a1be910000

Metaspace:

Usage:
  Non-class:     19.82 MB used.
      Class:      2.10 MB used.
       Both:     21.92 MB used.

Virtual space:
  Non-class space:       64.00 MB reserved,      20.19 MB ( 32%) committed,  1 nodes.
      Class space:        1.00 GB reserved,       2.38 MB ( <1%) committed,  1 nodes.
             Both:        1.06 GB reserved,      22.56 MB (  2%) committed. 

Chunk freelists:
   Non-Class:  11.72 MB
       Class:  13.44 MB
        Both:  25.16 MB

MaxMetaspaceSize: unlimited
CompressedClassSpaceSize: 1.00 GB
Initial GC threshold: 21.00 MB
Current GC threshold: 35.00 MB
CDS: on
 - commit_granule_bytes: 65536.
 - commit_granule_words: 8192.
 - virtual_space_node_default_size: 8388608.
 - enlarge_chunks_in_place: 1.
 - use_allocation_guard: 0.


Internal statistics:

num_allocs_failed_limit: 5.
num_arena_births: 502.
num_arena_deaths: 14.
num_vsnodes_births: 2.
num_vsnodes_deaths: 0.
num_space_committed: 361.
num_space_uncommitted: 0.
num_chunks_returned_to_freelist: 19.
num_chunks_taken_from_freelist: 1352.
num_chunk_merges: 5.
num_chunk_splits: 871.
num_chunks_enlarged: 557.
num_inconsistent_stats: 0.

CodeHeap 'non-profiled nmethods': size=120000Kb used=1289Kb max_used=1289Kb free=118710Kb
 bounds [0x000001a1cb660000, 0x000001a1cb8d0000, 0x000001a1d2b90000]
CodeHeap 'profiled nmethods': size=120000Kb used=5886Kb max_used=5886Kb free=114114Kb
 bounds [0x000001a1c3b90000, 0x000001a1c4150000, 0x000001a1cb0c0000]
CodeHeap 'non-nmethods': size=5760Kb used=1311Kb max_used=1345Kb free=4449Kb
 bounds [0x000001a1cb0c0000, 0x000001a1cb330000, 0x000001a1cb660000]
CodeCache: size=245760Kb, used=8486Kb, max_used=8520Kb, free=237273Kb
 total_blobs=3505, nmethods=2907, adapters=504, full_count=0
Compilation: enabled, stopped_count=0, restarted_count=0

Compilation events (20 events):
Event: 36.804 Thread 0x000001a1d743e1b0 2876       3       java.lang.invoke.MethodHandle::bindTo (19 bytes)
Event: 36.805 Thread 0x000001a1d743e1b0 nmethod 2876 0x000001a1c4138810 code [0x000001a1c4138a20, 0x000001a1c4139038]
Event: 36.805 Thread 0x000001a1d743e1b0 2877       3       java.lang.invoke.MethodType::leadingReferenceParameter (30 bytes)
Event: 36.806 Thread 0x000001a1d743e1b0 nmethod 2877 0x000001a1c4139290 code [0x000001a1c4139460, 0x000001a1c4139740]
Event: 36.806 Thread 0x000001a1d743e1b0 2879       3       java.lang.invoke.MethodHandleImpl::makePairwiseConvertByEditor (617 bytes)
Event: 36.817 Thread 0x000001a1d743e1b0 nmethod 2879 0x000001a1c4139890 code [0x000001a1c413a080, 0x000001a1c413ef10]
Event: 36.817 Thread 0x000001a1d743e1b0 2878       3       java.lang.invoke.MethodHandle::bindArgumentL (10 bytes)
Event: 36.818 Thread 0x000001a1d743e1b0 nmethod 2878 0x000001a1c4140e10 code [0x000001a1c4141020, 0x000001a1c4141668]
Event: 36.880 Thread 0x000001a1d743e1b0 2880       3       org.eclipse.core.runtime.Assert::isNotNull (19 bytes)
Event: 36.880 Thread 0x000001a1d743e1b0 nmethod 2880 0x000001a1c4141910 code [0x000001a1c4141ae0, 0x000001a1c4141d48]
Event: 36.880 Thread 0x000001a1d743e1b0 2881       3       org.eclipse.core.runtime.Assert::isNotNull (7 bytes)
Event: 36.881 Thread 0x000001a1d743e1b0 nmethod 2881 0x000001a1c4141e90 code [0x000001a1c4142060, 0x000001a1c4142330]
Event: 36.881 Thread 0x000001a1d743e1b0 2882       3       org.eclipse.core.runtime.Assert::isTrue (20 bytes)
Event: 36.881 Thread 0x000001a1d743e1b0 nmethod 2882 0x000001a1c4142490 code [0x000001a1c4142660, 0x000001a1c41428d0]
Event: 36.881 Thread 0x000001a1d743e1b0 2884       3       org.eclipse.core.runtime.Assert::isTrue (7 bytes)
Event: 36.882 Thread 0x000001a1d743e1b0 nmethod 2884 0x000001a1c4142a10 code [0x000001a1c4142be0, 0x000001a1c4142eb8]
Event: 36.882 Thread 0x000001a1d743e1b0 2883       1       org.eclipse.jface.text.templates.TemplateVariableResolver::getType (5 bytes)
Event: 36.882 Thread 0x000001a1d743e1b0 nmethod 2883 0x000001a1cb7a1a10 code [0x000001a1cb7a1ba0, 0x000001a1cb7a1c68]
Event: 36.882 Thread 0x000001a1d743e1b0 2885       3       org.eclipse.jface.text.templates.TemplateVariableResolver::<init> (25 bytes)
Event: 36.884 Thread 0x000001a1d743e1b0 nmethod 2885 0x000001a1c4143010 code [0x000001a1c41432e0, 0x000001a1c4143f38]

GC Heap History (14 events):
Event: 11.067 GC heap before
{Heap before GC invocations=1 (full 0):
 PSYoungGen      total 29696K, used 25600K [0x00000000d5580000, 0x00000000d7680000, 0x0000000100000000)
  eden space 25600K, 100% used [0x00000000d5580000,0x00000000d6e80000,0x00000000d6e80000)
  from space 4096K, 0% used [0x00000000d7280000,0x00000000d7280000,0x00000000d7680000)
  to   space 4096K, 0% used [0x00000000d6e80000,0x00000000d6e80000,0x00000000d7280000)
 ParOldGen       total 68608K, used 0K [0x0000000080000000, 0x0000000084300000, 0x00000000d5580000)
  object space 68608K, 0% used [0x0000000080000000,0x0000000080000000,0x0000000084300000)
 Metaspace       used 4338K, committed 4608K, reserved 1114112K
  class space    used 471K, committed 576K, reserved 1048576K
}
Event: 11.166 GC heap after
{Heap after GC invocations=1 (full 0):
 PSYoungGen      total 29696K, used 3335K [0x00000000d5580000, 0x00000000d7680000, 0x0000000100000000)
  eden space 25600K, 0% used [0x00000000d5580000,0x00000000d5580000,0x00000000d6e80000)
  from space 4096K, 81% used [0x00000000d6e80000,0x00000000d71c1e18,0x00000000d7280000)
  to   space 4096K, 0% used [0x00000000d7280000,0x00000000d7280000,0x00000000d7680000)
 ParOldGen       total 68608K, used 0K [0x0000000080000000, 0x0000000084300000, 0x00000000d5580000)
  object space 68608K, 0% used [0x0000000080000000,0x0000000080000000,0x0000000084300000)
 Metaspace       used 4338K, committed 4608K, reserved 1114112K
  class space    used 471K, committed 576K, reserved 1048576K
}
Event: 20.092 GC heap before
{Heap before GC invocations=2 (full 0):
 PSYoungGen      total 29696K, used 28935K [0x00000000d5580000, 0x00000000d7680000, 0x0000000100000000)
  eden space 25600K, 100% used [0x00000000d5580000,0x00000000d6e80000,0x00000000d6e80000)
  from space 4096K, 81% used [0x00000000d6e80000,0x00000000d71c1e18,0x00000000d7280000)
  to   space 4096K, 0% used [0x00000000d7280000,0x00000000d7280000,0x00000000d7680000)
 ParOldGen       total 68608K, used 0K [0x0000000080000000, 0x0000000084300000, 0x00000000d5580000)
  object space 68608K, 0% used [0x0000000080000000,0x0000000080000000,0x0000000084300000)
 Metaspace       used 8150K, committed 8512K, reserved 1114112K
  class space    used 866K, committed 1024K, reserved 1048576K
}
Event: 20.108 GC heap after
{Heap after GC invocations=2 (full 0):
 PSYoungGen      total 29696K, used 4071K [0x00000000d5580000, 0x00000000d7680000, 0x0000000100000000)
  eden space 25600K, 0% used [0x00000000d5580000,0x00000000d5580000,0x00000000d6e80000)
  from space 4096K, 99% used [0x00000000d7280000,0x00000000d7679e18,0x00000000d7680000)
  to   space 4096K, 0% used [0x00000000d6e80000,0x00000000d6e80000,0x00000000d7280000)
 ParOldGen       total 68608K, used 918K [0x0000000080000000, 0x0000000084300000, 0x00000000d5580000)
  object space 68608K, 1% used [0x0000000080000000,0x00000000800e5820,0x0000000084300000)
 Metaspace       used 8150K, committed 8512K, reserved 1114112K
  class space    used 866K, committed 1024K, reserved 1048576K
}
Event: 23.518 GC heap before
{Heap before GC invocations=3 (full 0):
 PSYoungGen      total 29696K, used 29671K [0x00000000d5580000, 0x00000000d7680000, 0x0000000100000000)
  eden space 25600K, 100% used [0x00000000d5580000,0x00000000d6e80000,0x00000000d6e80000)
  from space 4096K, 99% used [0x00000000d7280000,0x00000000d7679e18,0x00000000d7680000)
  to   space 4096K, 0% used [0x00000000d6e80000,0x00000000d6e80000,0x00000000d7280000)
 ParOldGen       total 68608K, used 918K [0x0000000080000000, 0x0000000084300000, 0x00000000d5580000)
  object space 68608K, 1% used [0x0000000080000000,0x00000000800e5820,0x0000000084300000)
 Metaspace       used 12985K, committed 13504K, reserved 1114112K
  class space    used 1372K, committed 1600K, reserved 1048576K
}
Event: 23.533 GC heap after
{Heap after GC invocations=3 (full 0):
 PSYoungGen      total 29696K, used 4085K [0x00000000d5580000, 0x00000000d7680000, 0x0000000100000000)
  eden space 25600K, 0% used [0x00000000d5580000,0x00000000d5580000,0x00000000d6e80000)
  from space 4096K, 99% used [0x00000000d6e80000,0x00000000d727d6e0,0x00000000d7280000)
  to   space 4096K, 0% used [0x00000000d7280000,0x00000000d7280000,0x00000000d7680000)
 ParOldGen       total 68608K, used 2729K [0x0000000080000000, 0x0000000084300000, 0x00000000d5580000)
  object space 68608K, 3% used [0x0000000080000000,0x00000000802aa790,0x0000000084300000)
 Metaspace       used 12985K, committed 13504K, reserved 1114112K
  class space    used 1372K, committed 1600K, reserved 1048576K
}
Event: 25.868 GC heap before
{Heap before GC invocations=4 (full 0):
 PSYoungGen      total 29696K, used 29685K [0x00000000d5580000, 0x00000000d7680000, 0x0000000100000000)
  eden space 25600K, 100% used [0x00000000d5580000,0x00000000d6e80000,0x00000000d6e80000)
  from space 4096K, 99% used [0x00000000d6e80000,0x00000000d727d6e0,0x00000000d7280000)
  to   space 4096K, 0% used [0x00000000d7280000,0x00000000d7280000,0x00000000d7680000)
 ParOldGen       total 68608K, used 2729K [0x0000000080000000, 0x0000000084300000, 0x00000000d5580000)
  object space 68608K, 3% used [0x0000000080000000,0x00000000802aa790,0x0000000084300000)
 Metaspace       used 16046K, committed 16640K, reserved 1114112K
  class space    used 1663K, committed 1920K, reserved 1048576K
}
Event: 25.880 GC heap after
{Heap after GC invocations=4 (full 0):
 PSYoungGen      total 29696K, used 4091K [0x00000000d5580000, 0x00000000d7680000, 0x0000000100000000)
  eden space 25600K, 0% used [0x00000000d5580000,0x00000000d5580000,0x00000000d6e80000)
  from space 4096K, 99% used [0x00000000d7280000,0x00000000d767edd0,0x00000000d7680000)
  to   space 4096K, 0% used [0x00000000d6e80000,0x00000000d6e80000,0x00000000d7280000)
 ParOldGen       total 68608K, used 5670K [0x0000000080000000, 0x0000000084300000, 0x00000000d5580000)
  object space 68608K, 8% used [0x0000000080000000,0x0000000080589a08,0x0000000084300000)
 Metaspace       used 16046K, committed 16640K, reserved 1114112K
  class space    used 1663K, committed 1920K, reserved 1048576K
}
Event: 28.922 GC heap before
{Heap before GC invocations=5 (full 0):
 PSYoungGen      total 29696K, used 29691K [0x00000000d5580000, 0x00000000d7680000, 0x0000000100000000)
  eden space 25600K, 100% used [0x00000000d5580000,0x00000000d6e80000,0x00000000d6e80000)
  from space 4096K, 99% used [0x00000000d7280000,0x00000000d767edd0,0x00000000d7680000)
  to   space 4096K, 0% used [0x00000000d6e80000,0x00000000d6e80000,0x00000000d7280000)
 ParOldGen       total 68608K, used 5670K [0x0000000080000000, 0x0000000084300000, 0x00000000d5580000)
  object space 68608K, 8% used [0x0000000080000000,0x0000000080589a08,0x0000000084300000)
 Metaspace       used 20033K, committed 20608K, reserved 1114112K
  class space    used 1958K, committed 2240K, reserved 1048576K
}
Event: 28.930 GC heap after
{Heap after GC invocations=5 (full 0):
 PSYoungGen      total 29184K, used 4029K [0x00000000d5580000, 0x00000000d7900000, 0x0000000100000000)
  eden space 25088K, 0% used [0x00000000d5580000,0x00000000d5580000,0x00000000d6e00000)
  from space 4096K, 98% used [0x00000000d6e80000,0x00000000d726f4b8,0x00000000d7280000)
  to   space 5632K, 0% used [0x00000000d7380000,0x00000000d7380000,0x00000000d7900000)
 ParOldGen       total 68608K, used 5915K [0x0000000080000000, 0x0000000084300000, 0x00000000d5580000)
  object space 68608K, 8% used [0x0000000080000000,0x00000000805c6df0,0x0000000084300000)
 Metaspace       used 20033K, committed 20608K, reserved 1114112K
  class space    used 1958K, committed 2240K, reserved 1048576K
}
Event: 30.559 GC heap before
{Heap before GC invocations=6 (full 0):
 PSYoungGen      total 29184K, used 23066K [0x00000000d5580000, 0x00000000d7900000, 0x0000000100000000)
  eden space 25088K, 75% used [0x00000000d5580000,0x00000000d6817740,0x00000000d6e00000)
  from space 4096K, 98% used [0x00000000d6e80000,0x00000000d726f4b8,0x00000000d7280000)
  to   space 5632K, 0% used [0x00000000d7380000,0x00000000d7380000,0x00000000d7900000)
 ParOldGen       total 68608K, used 5915K [0x0000000080000000, 0x0000000084300000, 0x00000000d5580000)
  object space 68608K, 8% used [0x0000000080000000,0x00000000805c6df0,0x0000000084300000)
 Metaspace       used 20910K, committed 21504K, reserved 1114112K
  class space    used 2002K, committed 2304K, reserved 1048576K
}
Event: 30.568 GC heap after
{Heap after GC invocations=6 (full 0):
 PSYoungGen      total 30720K, used 5311K [0x00000000d5580000, 0x00000000d7900000, 0x0000000100000000)
  eden space 25088K, 0% used [0x00000000d5580000,0x00000000d5580000,0x00000000d6e00000)
  from space 5632K, 94% used [0x00000000d7380000,0x00000000d78afe00,0x00000000d7900000)
  to   space 5632K, 0% used [0x00000000d6e00000,0x00000000d6e00000,0x00000000d7380000)
 ParOldGen       total 68608K, used 6704K [0x0000000080000000, 0x0000000084300000, 0x00000000d5580000)
  object space 68608K, 9% used [0x0000000080000000,0x000000008068c300,0x0000000084300000)
 Metaspace       used 20910K, committed 21504K, reserved 1114112K
  class space    used 2002K, committed 2304K, reserved 1048576K
}
Event: 30.568 GC heap before
{Heap before GC invocations=7 (full 1):
 PSYoungGen      total 30720K, used 5311K [0x00000000d5580000, 0x00000000d7900000, 0x0000000100000000)
  eden space 25088K, 0% used [0x00000000d5580000,0x00000000d5580000,0x00000000d6e00000)
  from space 5632K, 94% used [0x00000000d7380000,0x00000000d78afe00,0x00000000d7900000)
  to   space 5632K, 0% used [0x00000000d6e00000,0x00000000d6e00000,0x00000000d7380000)
 ParOldGen       total 68608K, used 6704K [0x0000000080000000, 0x0000000084300000, 0x00000000d5580000)
  object space 68608K, 9% used [0x0000000080000000,0x000000008068c300,0x0000000084300000)
 Metaspace       used 20910K, committed 21504K, reserved 1114112K
  class space    used 2002K, committed 2304K, reserved 1048576K
}
Event: 30.633 GC heap after
{Heap after GC invocations=7 (full 1):
 PSYoungGen      total 30720K, used 0K [0x00000000d5580000, 0x00000000d7900000, 0x0000000100000000)
  eden space 25088K, 0% used [0x00000000d5580000,0x00000000d5580000,0x00000000d6e00000)
  from space 5632K, 0% used [0x00000000d7380000,0x00000000d7380000,0x00000000d7900000)
  to   space 5632K, 0% used [0x00000000d6e00000,0x00000000d6e00000,0x00000000d7380000)
 ParOldGen       total 68608K, used 10149K [0x0000000080000000, 0x0000000084300000, 0x00000000d5580000)
  object space 68608K, 14% used [0x0000000080000000,0x00000000809e9438,0x0000000084300000)
 Metaspace       used 20897K, committed 21504K, reserved 1114112K
  class space    used 1998K, committed 2304K, reserved 1048576K
}

Dll operation events (9 events):
Event: 0.233 Loaded shared library c:\Users\yoelp\.vscode\extensions\redhat.java-1.45.0-win32-x64\jre\21.0.8-win32-x86_64\bin\java.dll
Event: 1.817 Loaded shared library c:\Users\yoelp\.vscode\extensions\redhat.java-1.45.0-win32-x64\jre\21.0.8-win32-x86_64\bin\zip.dll
Event: 2.228 Loaded shared library C:\Users\yoelp\.vscode\extensions\redhat.java-1.45.0-win32-x64\jre\21.0.8-win32-x86_64\bin\instrument.dll
Event: 2.248 Loaded shared library C:\Users\yoelp\.vscode\extensions\redhat.java-1.45.0-win32-x64\jre\21.0.8-win32-x86_64\bin\net.dll
Event: 2.254 Loaded shared library C:\Users\yoelp\.vscode\extensions\redhat.java-1.45.0-win32-x64\jre\21.0.8-win32-x86_64\bin\nio.dll
Event: 2.265 Loaded shared library C:\Users\yoelp\.vscode\extensions\redhat.java-1.45.0-win32-x64\jre\21.0.8-win32-x86_64\bin\zip.dll
Event: 2.837 Loaded shared library C:\Users\yoelp\.vscode\extensions\redhat.java-1.45.0-win32-x64\jre\21.0.8-win32-x86_64\bin\jimage.dll
Event: 4.058 Loaded shared library c:\Users\yoelp\.vscode\extensions\redhat.java-1.45.0-win32-x64\jre\21.0.8-win32-x86_64\bin\verify.dll
Event: 19.698 Loaded shared library C:\Users\yoelp\AppData\Roaming\Code\User\globalStorage\redhat.java\1.45.0\config_ss_win\org.eclipse.equinox.launcher\org.eclipse.equinox.launcher.win32.win32.x86_64_1.2.1400.v20250801-0854\eclipse_11916.dll

Deoptimization events (20 events):
Event: 36.408 Thread 0x000001a21d5cbfa0 DEOPT PACKING pc=0x000001a1c411e7c9 sp=0x00000061327f8b10
Event: 36.408 Thread 0x000001a21d5cbfa0 DEOPT UNPACKING pc=0x000001a1cb114242 sp=0x00000061327f7f80 mode 0
Event: 36.409 Thread 0x000001a21d5cbfa0 DEOPT PACKING pc=0x000001a1c411e7c9 sp=0x00000061327f8b10
Event: 36.409 Thread 0x000001a21d5cbfa0 DEOPT UNPACKING pc=0x000001a1cb114242 sp=0x00000061327f7f80 mode 0
Event: 36.409 Thread 0x000001a21d5cbfa0 DEOPT PACKING pc=0x000001a1c411e7c9 sp=0x00000061327f8b10
Event: 36.409 Thread 0x000001a21d5cbfa0 DEOPT UNPACKING pc=0x000001a1cb114242 sp=0x00000061327f7f80 mode 0
Event: 36.409 Thread 0x000001a21d5cbfa0 DEOPT PACKING pc=0x000001a1c411e7c9 sp=0x00000061327f8b10
Event: 36.409 Thread 0x000001a21d5cbfa0 DEOPT UNPACKING pc=0x000001a1cb114242 sp=0x00000061327f7f80 mode 0
Event: 36.410 Thread 0x000001a21d5cbfa0 DEOPT PACKING pc=0x000001a1c411e7c9 sp=0x00000061327f8b10
Event: 36.410 Thread 0x000001a21d5cbfa0 DEOPT UNPACKING pc=0x000001a1cb114242 sp=0x00000061327f7f80 mode 0
Event: 36.410 Thread 0x000001a21d5cbfa0 DEOPT PACKING pc=0x000001a1c411e7c9 sp=0x00000061327f8b10
Event: 36.410 Thread 0x000001a21d5cbfa0 DEOPT UNPACKING pc=0x000001a1cb114242 sp=0x00000061327f7f80 mode 0
Event: 36.411 Thread 0x000001a21d5cbfa0 DEOPT PACKING pc=0x000001a1c411e7c9 sp=0x00000061327f8b10
Event: 36.411 Thread 0x000001a21d5cbfa0 DEOPT UNPACKING pc=0x000001a1cb114242 sp=0x00000061327f7f80 mode 0
Event: 36.411 Thread 0x000001a21d5cbfa0 DEOPT PACKING pc=0x000001a1c411e7c9 sp=0x00000061327f8b10
Event: 36.411 Thread 0x000001a21d5cbfa0 DEOPT UNPACKING pc=0x000001a1cb114242 sp=0x00000061327f7f80 mode 0
Event: 36.411 Thread 0x000001a21d5cbfa0 DEOPT PACKING pc=0x000001a1c411e7c9 sp=0x00000061327f8b10
Event: 36.411 Thread 0x000001a21d5cbfa0 DEOPT UNPACKING pc=0x000001a1cb114242 sp=0x00000061327f7f80 mode 0
Event: 36.411 Thread 0x000001a21d5cbfa0 DEOPT PACKING pc=0x000001a1c411e7c9 sp=0x00000061327f8b10
Event: 36.412 Thread 0x000001a21d5cbfa0 DEOPT UNPACKING pc=0x000001a1cb114242 sp=0x00000061327f7f80 mode 0

Classes loaded (20 events):
Event: 36.604 Loading class sun/nio/fs/WindowsPath$1
Event: 36.604 Loading class sun/nio/fs/WindowsPath$1 done
Event: 36.636 Loading class java/util/Hashtable$EntrySet
Event: 36.637 Loading class java/util/Hashtable$EntrySet done
Event: 36.780 Loading class java/util/ResourceBundle$ResourceBundleControlProviderHolder
Event: 36.781 Loading class java/util/ResourceBundle$ResourceBundleControlProviderHolder done
Event: 36.782 Loading class java/util/spi/ResourceBundleControlProvider
Event: 36.782 Loading class java/util/spi/ResourceBundleControlProvider done
Event: 36.783 Loading class java/util/ServiceLoader$ProviderSpliterator
Event: 36.783 Loading class java/util/ServiceLoader$ProviderSpliterator done
Event: 36.786 Loading class java/util/ResourceBundle$CacheKey
Event: 36.787 Loading class java/util/ResourceBundle$CacheKey done
Event: 36.787 Loading class java/util/ResourceBundle$KeyElementReference
Event: 36.787 Loading class java/util/ResourceBundle$CacheKeyReference
Event: 36.787 Loading class java/util/ResourceBundle$CacheKeyReference done
Event: 36.787 Loading class java/util/ResourceBundle$KeyElementReference done
Event: 36.788 Loading class java/util/ResourceBundle$Control$2
Event: 36.788 Loading class java/util/ResourceBundle$Control$2 done
Event: 36.790 Loading class java/util/ResourceBundle$BundleReference
Event: 36.790 Loading class java/util/ResourceBundle$BundleReference done

Classes unloaded (7 events):
Event: 30.584 Thread 0x000001a1d73c06c0 Unloading class 0x000001a1d918d000 'java/lang/invoke/LambdaForm$MH+0x000001a1d918d000'
Event: 30.584 Thread 0x000001a1d73c06c0 Unloading class 0x000001a1d918cc00 'java/lang/invoke/LambdaForm$MH+0x000001a1d918cc00'
Event: 30.584 Thread 0x000001a1d73c06c0 Unloading class 0x000001a1d918c800 'java/lang/invoke/LambdaForm$MH+0x000001a1d918c800'
Event: 30.584 Thread 0x000001a1d73c06c0 Unloading class 0x000001a1d918c400 'java/lang/invoke/LambdaForm$MH+0x000001a1d918c400'
Event: 30.584 Thread 0x000001a1d73c06c0 Unloading class 0x000001a1d918c000 'java/lang/invoke/LambdaForm$BMH+0x000001a1d918c000'
Event: 30.584 Thread 0x000001a1d73c06c0 Unloading class 0x000001a1d918bc00 'java/lang/invoke/LambdaForm$DMH+0x000001a1d918bc00'
Event: 30.584 Thread 0x000001a1d73c06c0 Unloading class 0x000001a1d918a800 'java/lang/invoke/LambdaForm$DMH+0x000001a1d918a800'

Classes redefined (0 events):
No events

Internal exceptions (20 events):
Event: 25.048 Thread 0x000001a21d5cbfa0 Exception <a 'java/lang/NoSuchMethodError'{0x00000000d5df0470}: 'java.lang.Object java.lang.invoke.DirectMethodHandle$Holder.invokeSpecial(java.lang.Object, java.lang.Object, java.lang.Object, long, java.lang.Object)'> (0x00000000d5df0470) 
thrown [s\src\hotspot\share\interpreter\linkResolver.cpp, line 773]
Event: 25.051 Thread 0x000001a21d5cbfa0 Exception <a 'java/lang/NoSuchMethodError'{0x00000000d5df7cb8}: 'java.lang.Object java.lang.invoke.DirectMethodHandle$Holder.newInvokeSpecial(java.lang.Object, java.lang.Object, java.lang.Object, long)'> (0x00000000d5df7cb8) 
thrown [s\src\hotspot\share\interpreter\linkResolver.cpp, line 773]
Event: 25.052 Thread 0x000001a21d5cbfa0 Exception <a 'java/lang/NoSuchMethodError'{0x00000000d5dfc0a8}: 'java.lang.Object java.lang.invoke.DirectMethodHandle$Holder.invokeSpecial(java.lang.Object, java.lang.Object, java.lang.Object, java.lang.Object, long)'> (0x00000000d5dfc0a8) 
thrown [s\src\hotspot\share\interpreter\linkResolver.cpp, line 773]
Event: 25.052 Thread 0x000001a21d5cbfa0 Exception <a 'java/lang/NoSuchMethodError'{0x00000000d5dffcc8}: 'java.lang.Object java.lang.invoke.Invokers$Holder.linkToTargetMethod(java.lang.Object, java.lang.Object, long, java.lang.Object)'> (0x00000000d5dffcc8) 
thrown [s\src\hotspot\share\interpreter\linkResolver.cpp, line 773]
Event: 25.105 Thread 0x000001a21d5cbfa0 Exception <a 'java/lang/NoSuchMethodError'{0x00000000d5e71848}: 'int java.lang.invoke.DirectMethodHandle$Holder.invokeStaticInit(java.lang.Object, java.lang.Object, java.lang.Object)'> (0x00000000d5e71848) 
thrown [s\src\hotspot\share\interpreter\linkResolver.cpp, line 773]
Event: 25.170 Thread 0x000001a21d5cbfa0 Exception <a 'java/lang/IncompatibleClassChangeError'{0x00000000d5f009b0}: Found class java.lang.Object, but interface was expected> (0x00000000d5f009b0) 
thrown [s\src\hotspot\share\interpreter\linkResolver.cpp, line 840]
Event: 25.172 Thread 0x000001a21d5cbfa0 Exception <a 'java/lang/NoSuchMethodError'{0x00000000d5f12548}: 'java.lang.Object java.lang.invoke.DirectMethodHandle$Holder.invokeSpecial(java.lang.Object, java.lang.Object, java.lang.Object, int, java.lang.Object, java.lang.Object)'> (0x00000000d5f12548) 
thrown [s\src\hotspot\share\interpreter\linkResolver.cpp, line 773]
Event: 25.173 Thread 0x000001a21d5cbfa0 Exception <a 'java/lang/NoSuchMethodError'{0x00000000d5f1a020}: 'java.lang.Object java.lang.invoke.DirectMethodHandle$Holder.newInvokeSpecial(java.lang.Object, java.lang.Object, java.lang.Object, int, java.lang.Object)'> (0x00000000d5f1a020) 
thrown [s\src\hotspot\share\interpreter\linkResolver.cpp, line 773]
Event: 25.174 Thread 0x000001a21d5cbfa0 Exception <a 'java/lang/NoSuchMethodError'{0x00000000d5f1dfe0}: 'java.lang.Object java.lang.invoke.DirectMethodHandle$Holder.invokeSpecial(java.lang.Object, java.lang.Object, java.lang.Object, java.lang.Object, int, java.lang.Object)'> (0x00000000d5f1dfe0) 
thrown [s\src\hotspot\share\interpreter\linkResolver.cpp, line 773]
Event: 25.175 Thread 0x000001a21d5cbfa0 Exception <a 'java/lang/NoSuchMethodError'{0x00000000d5f21b20}: 'java.lang.Object java.lang.invoke.Invokers$Holder.linkToTargetMethod(java.lang.Object, java.lang.Object, int, java.lang.Object, java.lang.Object)'> (0x00000000d5f21b20) 
thrown [s\src\hotspot\share\interpreter\linkResolver.cpp, line 773]
Event: 25.177 Thread 0x000001a21da9fd60 Exception <a 'java/lang/NoSuchMethodError'{0x00000000d5e3c5f0}: 'java.lang.Object java.lang.invoke.DirectMethodHandle$Holder.invokeSpecial(java.lang.Object, java.lang.Object, int, java.lang.Object, java.lang.Object)'> (0x00000000d5e3c5f0) 
thrown [s\src\hotspot\share\interpreter\linkResolver.cpp, line 773]
Event: 25.179 Thread 0x000001a21da9fd60 Exception <a 'java/lang/NoSuchMethodError'{0x00000000d5e43328}: 'java.lang.Object java.lang.invoke.DirectMethodHandle$Holder.newInvokeSpecial(java.lang.Object, java.lang.Object, int, java.lang.Object)'> (0x00000000d5e43328) 
thrown [s\src\hotspot\share\interpreter\linkResolver.cpp, line 773]
Event: 25.179 Thread 0x000001a21da9fd60 Exception <a 'java/lang/NoSuchMethodError'{0x00000000d5e46c48}: 'java.lang.Object java.lang.invoke.DirectMethodHandle$Holder.invokeSpecial(java.lang.Object, java.lang.Object, java.lang.Object, int, java.lang.Object)'> (0x00000000d5e46c48) 
thrown [s\src\hotspot\share\interpreter\linkResolver.cpp, line 773]
Event: 25.240 Thread 0x000001a21d5cbfa0 Exception <a 'java/lang/NoSuchMethodError'{0x00000000d6066770}: 'void java.lang.invoke.DirectMethodHandle$Holder.invokeSpecial(java.lang.Object, java.lang.Object, java.lang.Object, java.lang.Object, java.lang.Object)'> (0x00000000d6066770) 
thrown [s\src\hotspot\share\interpreter\linkResolver.cpp, line 773]
Event: 25.484 Thread 0x000001a21d5cbfa0 Exception <a 'java/lang/NoSuchMethodError'{0x00000000d6326550}: 'double java.lang.invoke.DirectMethodHandle$Holder.invokeStatic(java.lang.Object, java.lang.Object)'> (0x00000000d6326550) 
thrown [s\src\hotspot\share\interpreter\linkResolver.cpp, line 773]
Event: 25.485 Thread 0x000001a21d5cbfa0 Exception <a 'java/lang/NoSuchMethodError'{0x00000000d6329c10}: 'double java.lang.invoke.DirectMethodHandle$Holder.invokeStaticInit(java.lang.Object, java.lang.Object)'> (0x00000000d6329c10) 
thrown [s\src\hotspot\share\interpreter\linkResolver.cpp, line 773]
Event: 27.568 Thread 0x000001a21d5cbfa0 Implicit null exception at 0x000001a1cb7710f5 to 0x000001a1cb7711c4
Event: 30.711 Thread 0x000001a21d5cbfa0 Exception <a 'java/lang/NoSuchMethodError'{0x00000000d56bcc80}: 'java.lang.Object java.lang.invoke.DirectMethodHandle$Holder.newInvokeSpecial(java.lang.Object, int, java.lang.Object, java.lang.Object)'> (0x00000000d56bcc80) 
thrown [s\src\hotspot\share\interpreter\linkResolver.cpp, line 773]
Event: 36.265 Thread 0x000001a21d5cbfa0 Exception <a 'java/lang/NoSuchMethodError'{0x00000000d5961a38}: 'java.lang.Object java.lang.invoke.DirectMethodHandle$Holder.invokeStaticInit(java.lang.Object, int, int, int, int)'> (0x00000000d5961a38) 
thrown [s\src\hotspot\share\interpreter\linkResolver.cpp, line 773]
Event: 36.352 Thread 0x000001a21d5cbfa0 Exception <a 'java/lang/NoSuchMethodError'{0x00000000d5a126e0}: 'java.lang.Object java.lang.invoke.DirectMethodHandle$Holder.invokeStaticInit(java.lang.Object, java.lang.Object, int, int, int, int)'> (0x00000000d5a126e0) 
thrown [s\src\hotspot\share\interpreter\linkResolver.cpp, line 773]

ZGC Phase Switch (0 events):
No events

VM Operations (20 events):
Event: 26.880 Executing VM operation: Cleanup
Event: 27.066 Executing VM operation: Cleanup done
Event: 28.067 Executing VM operation: Cleanup
Event: 28.128 Executing VM operation: Cleanup done
Event: 28.922 Executing VM operation: ParallelGCFailedAllocation (Allocation Failure)
Event: 28.930 Executing VM operation: ParallelGCFailedAllocation (Allocation Failure) done
Event: 29.930 Executing VM operation: Cleanup
Event: 29.941 Executing VM operation: Cleanup done
Event: 30.474 Executing VM operation: CollectForMetadataAllocation (Metadata GC Threshold)
Event: 30.633 Executing VM operation: CollectForMetadataAllocation (Metadata GC Threshold) done
Event: 30.635 Executing VM operation: CollectForMetadataAllocation (Metadata GC Threshold)
Event: 30.635 Executing VM operation: CollectForMetadataAllocation (Metadata GC Threshold) done
Event: 30.903 Executing VM operation: HandshakeAllThreads (Deoptimize)
Event: 36.142 Executing VM operation: HandshakeAllThreads (Deoptimize) done
Event: 36.142 Executing VM operation: Cleanup
Event: 36.142 Executing VM operation: Cleanup done
Event: 36.450 Executing VM operation: HandshakeAllThreads (Deoptimize)
Event: 36.450 Executing VM operation: HandshakeAllThreads (Deoptimize) done
Event: 36.455 Executing VM operation: HandshakeAllThreads (Deoptimize)
Event: 36.455 Executing VM operation: HandshakeAllThreads (Deoptimize) done

Memory protections (0 events):
No events

Nmethod flushes (0 events):
No events

Events (20 events):
Event: 7.703 Thread 0x000001a21d506990 Thread exited: 0x000001a21d506990
Event: 8.497 Thread 0x000001a1d73ddda0 Thread added: 0x000001a21d2e9cc0
Event: 8.886 Thread 0x000001a21d2e9cc0 Thread exited: 0x000001a21d2e9cc0
Event: 13.910 Thread 0x000001a1d743e1b0 Thread added: 0x000001a21d906e90
Event: 14.272 Thread 0x000001a21d906e90 Thread exited: 0x000001a21d906e90
Event: 16.755 Thread 0x000001a1be5eb780 Thread added: 0x000001a21d755870
Event: 19.669 Thread 0x000001a1be5eb780 Thread added: 0x000001a21d5cb940
Event: 19.685 Thread 0x000001a1be5eb780 Thread added: 0x000001a21d5cbfa0
Event: 20.262 Thread 0x000001a21d5cbfa0 Thread added: 0x000001a21d5201a0
Event: 21.178 Thread 0x000001a21d5cbfa0 Thread added: 0x000001a21d14c020
Event: 21.868 Thread 0x000001a1d743e1b0 Thread added: 0x000001a21dbf8010
Event: 22.202 Thread 0x000001a21dbf8010 Thread exited: 0x000001a21dbf8010
Event: 22.959 Thread 0x000001a21d5cbfa0 Thread added: 0x000001a21da68150
Event: 25.080 Thread 0x000001a21d5cbfa0 Thread added: 0x000001a21da9fd60
Event: 25.178 Thread 0x000001a21d5cbfa0 Thread added: 0x000001a21daa03c0
Event: 30.276 Thread 0x000001a21d14c020 Thread exited: 0x000001a21d14c020
Event: 30.668 Thread 0x000001a21d5cbfa0 Thread added: 0x000001a21d18ef20
Event: 36.166 Thread 0x000001a21d18ef20 Thread exited: 0x000001a21d18ef20
Event: 36.527 Thread 0x000001a1d743e1b0 Thread added: 0x000001a21dd89c40
Event: 36.753 Thread 0x000001a21dd89c40 Thread exited: 0x000001a21dd89c40


Dynamic libraries:
0x00007ff6db070000 - 0x00007ff6db07e000 	c:\Users\yoelp\.vscode\extensions\redhat.java-1.45.0-win32-x64\jre\21.0.8-win32-x86_64\bin\java.exe
0x00007ffb3bc90000 - 0x00007ffb3be88000 	C:\Windows\SYSTEM32\ntdll.dll
0x00007ffb3a510000 - 0x00007ffb3a5d2000 	C:\Windows\System32\KERNEL32.DLL
0x00007ffb39410000 - 0x00007ffb39707000 	C:\Windows\System32\KERNELBASE.dll
0x00007ffb39b30000 - 0x00007ffb39c30000 	C:\Windows\System32\ucrtbase.dll
0x00007ffb33390000 - 0x00007ffb333a8000 	c:\Users\yoelp\.vscode\extensions\redhat.java-1.45.0-win32-x64\jre\21.0.8-win32-x86_64\bin\jli.dll
0x00007ffb39d50000 - 0x00007ffb39eed000 	C:\Windows\System32\USER32.dll
0x00007ffb393b0000 - 0x00007ffb393d2000 	C:\Windows\System32\win32u.dll
0x00007ffb3bc20000 - 0x00007ffb3bc4b000 	C:\Windows\System32\GDI32.dll
0x00007ffb39760000 - 0x00007ffb39879000 	C:\Windows\System32\gdi32full.dll
0x00007ffb399e0000 - 0x00007ffb39a7d000 	C:\Windows\System32\msvcp_win.dll
0x00007ffb2cbb0000 - 0x00007ffb2cbce000 	c:\Users\yoelp\.vscode\extensions\redhat.java-1.45.0-win32-x64\jre\21.0.8-win32-x86_64\bin\VCRUNTIME140.dll
0x00007ffb2cbd0000 - 0x00007ffb2ce6a000 	C:\Windows\WinSxS\amd64_microsoft.windows.common-controls_6595b64144ccf1df_6.0.19041.5915_none_60b4b9d171f9c7c7\COMCTL32.dll
0x00007ffb3ae10000 - 0x00007ffb3aeae000 	C:\Windows\System32\msvcrt.dll
0x00007ffb3ade0000 - 0x00007ffb3ae0f000 	C:\Windows\System32\IMM32.DLL
0x00007ffb38e50000 - 0x00007ffb38e87000 	C:\Windows\system32\DriverStore\FileRepository\nvacwu.inf_amd64_9d2734742a07f3cf\nvinitx.dll
0x00007ffb3b250000 - 0x00007ffb3b301000 	C:\Windows\System32\ADVAPI32.dll
0x00007ffb39cb0000 - 0x00007ffb39d4f000 	C:\Windows\System32\sechost.dll
0x00007ffb3b0c0000 - 0x00007ffb3b1e6000 	C:\Windows\System32\RPCRT4.dll
0x00007ffb393e0000 - 0x00007ffb39407000 	C:\Windows\System32\bcrypt.dll
0x00007ffb38e40000 - 0x00007ffb38e4a000 	C:\Windows\SYSTEM32\VERSION.dll
0x00007ffb3b320000 - 0x00007ffb3ba8e000 	C:\Windows\System32\Shell32.dll
0x00007ffb37350000 - 0x00007ffb37af4000 	C:\Windows\SYSTEM32\windows.storage.dll
0x00007ffb3a1b0000 - 0x00007ffb3a503000 	C:\Windows\System32\combase.dll
0x00007ffb38c90000 - 0x00007ffb38cbb000 	C:\Windows\SYSTEM32\Wldp.dll
0x00007ffb39fd0000 - 0x00007ffb3a09d000 	C:\Windows\System32\OLEAUT32.dll
0x00007ffb3a100000 - 0x00007ffb3a1ad000 	C:\Windows\System32\SHCORE.dll
0x00007ffb3ba90000 - 0x00007ffb3baeb000 	C:\Windows\System32\shlwapi.dll
0x000000005ff20000 - 0x000000005ff26000 	C:\Program Files\NVIDIA Corporation\CoProcManager\_etoured.dll
0x00007ffb29660000 - 0x00007ffb296a4000 	C:\Program Files\NVIDIA Corporation\CoProcManager\nvd3d9wrapx.dll
0x00007ffb3a900000 - 0x00007ffb3ad70000 	C:\Windows\System32\SETUPAPI.dll
0x00007ffb39710000 - 0x00007ffb3975e000 	C:\Windows\System32\cfgmgr32.dll
0x00007ffb29630000 - 0x00007ffb2965e000 	C:\Program Files\NVIDIA Corporation\CoProcManager\nvdxgiwrapx.dll
0x00007ffb36940000 - 0x00007ffb3694c000 	c:\Users\yoelp\.vscode\extensions\redhat.java-1.45.0-win32-x64\jre\21.0.8-win32-x86_64\bin\vcruntime140_1.dll
0x00007ffb1eba0000 - 0x00007ffb1ec2d000 	c:\Users\yoelp\.vscode\extensions\redhat.java-1.45.0-win32-x64\jre\21.0.8-win32-x86_64\bin\msvcp140.dll
0x00007ffb074f0000 - 0x00007ffb08287000 	c:\Users\yoelp\.vscode\extensions\redhat.java-1.45.0-win32-x64\jre\21.0.8-win32-x86_64\bin\server\jvm.dll
0x00007ffb3ad70000 - 0x00007ffb3addb000 	C:\Windows\System32\WS2_32.dll
0x00007ffb390d0000 - 0x00007ffb3911b000 	C:\Windows\SYSTEM32\POWRPROF.dll
0x00007ffb2ce70000 - 0x00007ffb2ce97000 	C:\Windows\SYSTEM32\WINMM.dll
0x00007ffb390b0000 - 0x00007ffb390c2000 	C:\Windows\SYSTEM32\UMPDC.dll
0x00007ffb37150000 - 0x00007ffb37162000 	C:\Windows\SYSTEM32\kernel.appcore.dll
0x00007ffb35c90000 - 0x00007ffb35c9a000 	c:\Users\yoelp\.vscode\extensions\redhat.java-1.45.0-win32-x64\jre\21.0.8-win32-x86_64\bin\jimage.dll
0x00007ffb31b40000 - 0x00007ffb31d41000 	C:\Windows\SYSTEM32\DBGHELP.DLL
0x00007ffb31e90000 - 0x00007ffb31ec4000 	C:\Windows\SYSTEM32\dbgcore.DLL
0x000001a1c00d0000 - 0x000001a1c0152000 	C:\Windows\System32\bcryptPrimitives.dll
0x00007ffb35bf0000 - 0x00007ffb35bff000 	c:\Users\yoelp\.vscode\extensions\redhat.java-1.45.0-win32-x64\jre\21.0.8-win32-x86_64\bin\instrument.dll
0x00007ffb2cb70000 - 0x00007ffb2cb8f000 	c:\Users\yoelp\.vscode\extensions\redhat.java-1.45.0-win32-x64\jre\21.0.8-win32-x86_64\bin\java.dll
0x00007ffb39250000 - 0x00007ffb39274000 	C:\Windows\SYSTEM32\profapi.dll
0x00007ffb29810000 - 0x00007ffb29828000 	c:\Users\yoelp\.vscode\extensions\redhat.java-1.45.0-win32-x64\jre\21.0.8-win32-x86_64\bin\zip.dll
0x00007ffb29800000 - 0x00007ffb29810000 	C:\Users\yoelp\.vscode\extensions\redhat.java-1.45.0-win32-x64\jre\21.0.8-win32-x86_64\bin\net.dll
0x00007ffb30d40000 - 0x00007ffb30e4a000 	C:\Windows\SYSTEM32\WINHTTP.dll
0x00007ffb38990000 - 0x00007ffb389fa000 	C:\Windows\system32\mswsock.dll
0x00007ffb293b0000 - 0x00007ffb293c6000 	C:\Users\yoelp\.vscode\extensions\redhat.java-1.45.0-win32-x64\jre\21.0.8-win32-x86_64\bin\nio.dll
0x00007ffb296b0000 - 0x00007ffb296c0000 	c:\Users\yoelp\.vscode\extensions\redhat.java-1.45.0-win32-x64\jre\21.0.8-win32-x86_64\bin\verify.dll
0x00007ffb1eb50000 - 0x00007ffb1eb94000 	C:\Users\yoelp\AppData\Roaming\Code\User\globalStorage\redhat.java\1.45.0\config_ss_win\org.eclipse.equinox.launcher\org.eclipse.equinox.launcher.win32.win32.x86_64_1.2.1400.v20250801-0854\eclipse_11916.dll
0x00007ffb3baf0000 - 0x00007ffb3bc1b000 	C:\Windows\System32\ole32.dll
0x00007ffb38b90000 - 0x00007ffb38ba8000 	C:\Windows\SYSTEM32\CRYPTSP.dll
0x00007ffb382b0000 - 0x00007ffb382e8000 	C:\Windows\system32\rsaenh.dll
0x00007ffb391d0000 - 0x00007ffb391fe000 	C:\Windows\SYSTEM32\USERENV.dll
0x00007ffb38b80000 - 0x00007ffb38b8c000 	C:\Windows\SYSTEM32\CRYPTBASE.dll
0x00007ffb38670000 - 0x00007ffb386ab000 	C:\Windows\SYSTEM32\IPHLPAPI.DLL
0x00007ffb3b310000 - 0x00007ffb3b318000 	C:\Windows\System32\NSI.dll

JVMTI agents:
c:\Users\yoelp\.vscode\extensions\redhat.java-1.45.0-win32-x64\lombok\lombok-1.18.39-4050.jar path:c:\Users\yoelp\.vscode\extensions\redhat.java-1.45.0-win32-x64\jre\21.0.8-win32-x86_64\bin\instrument.dll, loaded, initialized, instrumentlib options:none

dbghelp: loaded successfully - version: 4.0.5 - missing functions: none
symbol engine: initialized successfully - sym options: 0x614 - pdb path: .;c:\Users\yoelp\.vscode\extensions\redhat.java-1.45.0-win32-x64\jre\21.0.8-win32-x86_64\bin;C:\Windows\SYSTEM32;C:\Windows\WinSxS\amd64_microsoft.windows.common-controls_6595b64144ccf1df_6.0.19041.5915_none_60b4b9d171f9c7c7;C:\Windows\system32\DriverStore\FileRepository\nvacwu.inf_amd64_9d2734742a07f3cf;C:\Program Files\NVIDIA Corporation\CoProcManager;c:\Users\yoelp\.vscode\extensions\redhat.java-1.45.0-win32-x64\jre\21.0.8-win32-x86_64\bin\server;C:\Users\yoelp\AppData\Roaming\Code\User\globalStorage\redhat.java\1.45.0\config_ss_win\org.eclipse.equinox.launcher\org.eclipse.equinox.launcher.win32.win32.x86_64_1.2.1400.v20250801-0854

VM Arguments:
jvm_args: --add-modules=ALL-SYSTEM --add-opens=java.base/java.util=ALL-UNNAMED --add-opens=java.base/java.lang=ALL-UNNAMED --add-opens=java.base/sun.nio.fs=ALL-UNNAMED -Declipse.application=org.eclipse.jdt.ls.core.id1 -Dosgi.bundles.defaultStartLevel=4 -Declipse.product=org.eclipse.jdt.ls.core.product -Djava.import.generatesMetadataFilesAtProjectRoot=false -DDetectVMInstallationsJob.disabled=true -Dfile.encoding=utf8 -XX:+UseParallelGC -XX:GCTimeRatio=4 -XX:AdaptiveSizePolicyWeight=90 -Dsun.zip.disableMemoryMapping=true -Xmx2G -Xms100m -Xlog:disable -javaagent:c:\Users\yoelp\.vscode\extensions\redhat.java-1.45.0-win32-x64\lombok\lombok-1.18.39-4050.jar 
java_command: c:\Users\yoelp\.vscode\extensions\redhat.java-1.45.0-win32-x64\server\plugins\org.eclipse.equinox.launcher_1.7.0.v20250519-0528.jar -configuration c:\Users\yoelp\AppData\Roaming\Code\User\globalStorage\redhat.java\1.45.0\config_ss_win -data c:\Users\yoelp\AppData\Roaming\Code\User\workspaceStorage\ce60890354c079d3dad443cb89cf7f19\redhat.java\ss_ws --pipe=\\.\pipe\lsp-c982949d9aa776102e279030f9a776da-sock
java_class_path (initial): c:\Users\yoelp\.vscode\extensions\redhat.java-1.45.0-win32-x64\server\plugins\org.eclipse.equinox.launcher_1.7.0.v20250519-0528.jar
Launcher Type: SUN_STANDARD

[Global flags]
    uintx AdaptiveSizePolicyWeight                 = 90                                        {product} {command line}
     intx CICompilerCount                          = 3                                         {product} {ergonomic}
    uintx GCTimeRatio                              = 4                                         {product} {command line}
   size_t InitialHeapSize                          = 104857600                                 {product} {command line}
   size_t MaxHeapSize                              = 2147483648                                {product} {command line}
   size_t MaxNewSize                               = 715653120                                 {product} {ergonomic}
   size_t MinHeapDeltaBytes                        = 524288                                    {product} {ergonomic}
   size_t MinHeapSize                              = 104857600                                 {product} {command line}
   size_t NewSize                                  = 34603008                                  {product} {ergonomic}
    uintx NonNMethodCodeHeapSize                   = 5832780                                {pd product} {ergonomic}
    uintx NonProfiledCodeHeapSize                  = 122912730                              {pd product} {ergonomic}
   size_t OldSize                                  = 70254592                                  {product} {ergonomic}
    uintx ProfiledCodeHeapSize                     = 122912730                              {pd product} {ergonomic}
    uintx ReservedCodeCacheSize                    = 251658240                              {pd product} {ergonomic}
     bool SegmentedCodeCache                       = true                                      {product} {ergonomic}
   size_t SoftMaxHeapSize                          = 2147483648                             {manageable} {ergonomic}
     bool UseCompressedOops                        = true                           {product lp64_product} {ergonomic}
     bool UseLargePagesIndividualAllocation        = false                                  {pd product} {ergonomic}
     bool UseParallelGC                            = true                                      {product} {command line}

Logging:
Log output configuration:
 #0: stdout all=off uptime,level,tags foldmultilines=false
 #1: stderr all=off uptime,level,tags foldmultilines=false

Environment Variables:
JAVA_HOME=C:\Program Files\Eclipse Adoptium\jdk-17.0.8.101-hotspot\
PATH=C:\app\yoelp\product\21c\dbhomeXE\bin;C:\Program Files\Eclipse Adoptium\jdk-17.0.8.101-hotspot\bin;C:\Windows\system32;C:\Windows;C:\Windows\System32\Wbem;C:\Windows\System32\WindowsPowerShell\v1.0\;C:\Windows\System32\OpenSSH\;C:\Program Files\Microsoft SQL Server\Client SDK\ODBC\170\Tools\Binn\;C:\Program Files\Microsoft SQL Server\150\Tools\Binn\;C:\Program Files\Git\cmd;C:\Program Files\AutoFirma\AutoFirma;C:\Program Files\dotnet\;C:\Program Files\nodejs\;C:\apache-maven-3.9.9\bin;C:\Program Files\MySQL\MySQL Shell 8.0\bin\;C:\Users\yoelp\AppData\Local\Programs\Python\Python313\Scripts\;C:\Users\yoelp\AppData\Local\Programs\Python\Python313\;C:\Users\yoelp\AppData\Local\Programs\Python\Launcher\;C:\Users\yoelp\AppData\Local\Microsoft\WindowsApps;C:\Users\yoelp\AppData\Local\Programs\Microsoft VS Code\bin;C:\Program Files\MongoDB\Server\8.0\bin;C:\Users\yoelp\.dotnet\tools;C:\Users\yoelp\AppData\Roaming\npm
USERNAME=yoelp
OS=Windows_NT
PROCESSOR_IDENTIFIER=Intel64 Family 6 Model 42 Stepping 7, GenuineIntel
TMP=C:\Users\yoelp\AppData\Local\Temp
TEMP=C:\Users\yoelp\AppData\Local\Temp




Periodic native trim disabled

---------------  S Y S T E M  ---------------

OS:
 Windows 10 , 64 bit Build 19041 (10.0.19041.5915)
OS uptime: 24 days 16:06 hours

CPU: total 4 (initial active 4) (2 cores per cpu, 2 threads per core) family 6 model 42 stepping 7 microcode 0x2f, cx8, cmov, fxsr, ht, mmx, sse, sse2, sse3, ssse3, sse4.1, sse4.2, popcnt, tsc, tscinvbit, avx, aes, clmul, vzeroupper, clflush, rdtscp
Processor Information for the first 4 processors :
  Max Mhz: 1601, Current Mhz: 1601, Mhz Limit: 1601

Memory: 4k page, system-wide physical 5977M (393M free)
TotalPageFile size 24409M (AvailPageFile size 5M)
current process WorkingSet (physical memory assigned to process): 145M, peak: 148M
current process commit charge ("private bytes"): 268M, peak: 278M

vm_info: OpenJDK 64-Bit Server VM (21.0.8+9-LTS) for windows-amd64 JRE (21.0.8+9-LTS), built on 2025-07-15T00:00:00Z by "admin" with MS VC++ 17.7 (VS2022)

END.
