#
# There is insufficient memory for the Java Runtime Environment to continue.
# Native memory allocation (malloc) failed to allocate 1048576 bytes. Error detail: AllocateHeap
# Possible reasons:
#   The system is out of physical RAM or swap space
#   This process is running with CompressedOops enabled, and the Java Heap may be blocking the growth of the native heap
# Possible solutions:
#   Reduce memory load on the system
#   Increase physical memory or swap space
#   Check if swap backing store is full
#   Decrease Java heap size (-Xmx/-Xms)
#   Decrease number of Java threads
#   Decrease Java thread stack sizes (-Xss)
#   Set larger code cache with -XX:ReservedCodeCacheSize=
#   JVM is running with Unscaled Compressed Oops mode in which the Java heap is
#     placed in the first 4GB address space. The Java Heap base address is the
#     maximum limit for the native heap growth. Please use -XX:HeapBaseMinAddress
#     to set the Java Heap base and to place the Java Heap above 4GB virtual address.
# This output file may be truncated or incomplete.
#
#  Out of Memory Error (allocation.cpp:44), pid=15852, tid=16112
#
# JRE version: OpenJDK Runtime Environment Temurin-21.0.8+9 (21.0.8+9) (build 21.0.8+9-LTS)
# Java VM: OpenJDK 64-Bit Server VM Temurin-21.0.8+9 (21.0.8+9-LTS, mixed mode, sharing, tiered, compressed oops, compressed class ptrs, parallel gc, windows-amd64)
# No core dump will be written. Minidumps are not enabled by default on client versions of Windows
#

---------------  S U M M A R Y ------------

Command Line: --add-modules=ALL-SYSTEM --add-opens=java.base/java.util=ALL-UNNAMED --add-opens=java.base/java.lang=ALL-UNNAMED --add-opens=java.base/sun.nio.fs=ALL-UNNAMED -Declipse.application=org.eclipse.jdt.ls.core.id1 -Dosgi.bundles.defaultStartLevel=4 -Declipse.product=org.eclipse.jdt.ls.core.product -Djava.import.generatesMetadataFilesAtProjectRoot=false -DDetectVMInstallationsJob.disabled=true -Dfile.encoding=utf8 -XX:+UseParallelGC -XX:GCTimeRatio=4 -XX:AdaptiveSizePolicyWeight=90 -Dsun.zip.disableMemoryMapping=true -Xmx2G -Xms100m -Xlog:disable -javaagent:c:\Users\yoelp\.vscode\extensions\redhat.java-1.45.0-win32-x64\lombok\lombok-1.18.39-4050.jar -XX:+HeapDumpOnOutOfMemoryError -XX:HeapDumpPath=c:\Users\yoelp\AppData\Roaming\Code\User\workspaceStorage\ce60890354c079d3dad443cb89cf7f19\redhat.java -Daether.dependencyCollector.impl=bf c:\Users\yoelp\.vscode\extensions\redhat.java-1.45.0-win32-x64\server\plugins\org.eclipse.equinox.launcher_1.7.0.v20250519-0528.jar -configuration c:\Users\yoelp\AppData\Roaming\Code\User\globalStorage\redhat.java\1.45.0\config_win -data c:\Users\yoelp\AppData\Roaming\Code\User\workspaceStorage\ce60890354c079d3dad443cb89cf7f19\redhat.java\jdt_ws --pipe=\\.\pipe\lsp-25cf81350eacaa44df92a0323c266c05-sock

Host: Intel(R) Core(TM) i5-2467M CPU @ 1.60GHz, 4 cores, 5G,  Windows 10 , 64 bit Build 19041 (10.0.19041.5915)
Time: Sat Sep  6 21:03:38 2025 Hora de verano romance elapsed time: 36719.837692 seconds (0d 10h 11m 59s)

---------------  T H R E A D  ---------------

Current thread (0x0000020ee04d87f0):  JavaThread "Attach Listener" daemon [_thread_in_vm, id=16112, stack(0x0000003555500000,0x0000003555600000) (1024K)]

Stack: [0x0000003555500000,0x0000003555600000]
Native frames: (J=compiled Java code, j=interpreted, Vv=VM code, C=native code)
V  [jvm.dll+0x6d2449]
V  [jvm.dll+0x8ae341]
V  [jvm.dll+0x8b08be]
V  [jvm.dll+0x8b0fa3]
V  [jvm.dll+0x280c96]
V  [jvm.dll+0xc0347]
V  [jvm.dll+0x6d2cf9]
V  [jvm.dll+0x131116]
V  [jvm.dll+0x3f2d16]
V  [jvm.dll+0x857e6b]
V  [jvm.dll+0x6d0b0d]
C  [ucrtbase.dll+0x21bb2]
C  [KERNEL32.DLL+0x17374]
C  [ntdll.dll+0x4cc91]


---------------  P R O C E S S  ---------------

Threads class SMR info:
_java_thread_list=0x0000020ee8988280, length=30, elements={
0x0000020ec780ae10, 0x0000020ee04d0420, 0x0000020ee04d24c0, 0x0000020ee04d78e0,
0x0000020ee04d87f0, 0x0000020ee04db510, 0x0000020ee04dcf70, 0x0000020ee04ddda0,
0x0000020ee1105670, 0x0000020ec9b2aa70, 0x0000020ee13d63d0, 0x0000020ee1cdca90,
0x0000020ee1cdd120, 0x0000020ee1cdc400, 0x0000020ee1cd9ca0, 0x0000020ee12228b0,
0x0000020ee121e710, 0x0000020ee121fac0, 0x0000020ee1221500, 0x0000020ee121ccd0,
0x0000020ee1222f40, 0x0000020ee121d360, 0x0000020ee121f430, 0x0000020ee12235d0,
0x0000020ee1223c60, 0x0000020ee12242f0, 0x0000020ee121e080, 0x0000020ee121eda0,
0x0000020ee1cdbd70, 0x0000020ee1cda330
}

Java Threads: ( => current thread )
  0x0000020ec780ae10 JavaThread "main"                              [_thread_blocked, id=15196, stack(0x0000003554e00000,0x0000003554f00000) (1024K)]
  0x0000020ee04d0420 JavaThread "Reference Handler"          daemon [_thread_blocked, id=15712, stack(0x0000003555200000,0x0000003555300000) (1024K)]
  0x0000020ee04d24c0 JavaThread "Finalizer"                  daemon [_thread_blocked, id=6928, stack(0x0000003555300000,0x0000003555400000) (1024K)]
  0x0000020ee04d78e0 JavaThread "Signal Dispatcher"          daemon [_thread_blocked, id=2792, stack(0x0000003555400000,0x0000003555500000) (1024K)]
=>0x0000020ee04d87f0 JavaThread "Attach Listener"            daemon [_thread_in_vm, id=16112, stack(0x0000003555500000,0x0000003555600000) (1024K)]
  0x0000020ee04db510 JavaThread "Service Thread"             daemon [_thread_blocked, id=18312, stack(0x0000003555600000,0x0000003555700000) (1024K)]
  0x0000020ee04dcf70 JavaThread "Monitor Deflation Thread"   daemon [_thread_blocked, id=6452, stack(0x0000003555700000,0x0000003555800000) (1024K)]
  0x0000020ee04ddda0 JavaThread "C2 CompilerThread0"         daemon [_thread_blocked, id=9688, stack(0x0000003555800000,0x0000003555900000) (1024K)]
  0x0000020ee1105670 JavaThread "C1 CompilerThread0"         daemon [_thread_blocked, id=8084, stack(0x0000003555900000,0x0000003555a00000) (1024K)]
  0x0000020ec9b2aa70 JavaThread "Common-Cleaner"             daemon [_thread_blocked, id=16828, stack(0x0000003555a00000,0x0000003555b00000) (1024K)]
  0x0000020ee13d63d0 JavaThread "Notification Thread"        daemon [_thread_blocked, id=9644, stack(0x0000003555b00000,0x0000003555c00000) (1024K)]
  0x0000020ee1cdca90 JavaThread "Active Thread: Equinox Container: 3ea0c738-4b86-477d-bee0-22419d0d2e99"        [_thread_blocked, id=15796, stack(0x0000003556300000,0x0000003556400000) (1024K)]
  0x0000020ee1cdd120 JavaThread "Framework Event Dispatcher: Equinox Container: 3ea0c738-4b86-477d-bee0-22419d0d2e99" daemon [_thread_blocked, id=12420, stack(0x0000003555c00000,0x0000003555d00000) (1024K)]
  0x0000020ee1cdc400 JavaThread "Start Level: Equinox Container: 3ea0c738-4b86-477d-bee0-22419d0d2e99" daemon [_thread_blocked, id=16928, stack(0x0000003556000000,0x0000003556100000) (1024K)]
  0x0000020ee1cd9ca0 JavaThread "Refresh Thread: Equinox Container: 3ea0c738-4b86-477d-bee0-22419d0d2e99" daemon [_thread_blocked, id=14216, stack(0x0000003556100000,0x0000003556200000) (1024K)]
  0x0000020ee12228b0 JavaThread "Bundle File Closer"         daemon [_thread_blocked, id=11192, stack(0x0000003556200000,0x0000003556300000) (1024K)]
  0x0000020ee121e710 JavaThread "SCR Component Actor"        daemon [_thread_blocked, id=13560, stack(0x0000003556400000,0x0000003556500000) (1024K)]
  0x0000020ee121fac0 JavaThread "Worker-JM"                         [_thread_blocked, id=8660, stack(0x0000003556500000,0x0000003556600000) (1024K)]
  0x0000020ee1221500 JavaThread "Worker-2"                          [_thread_blocked, id=13340, stack(0x0000003556700000,0x0000003556800000) (1024K)]
  0x0000020ee121ccd0 JavaThread "Java indexing"              daemon [_thread_blocked, id=17808, stack(0x0000003556c00000,0x0000003556d00000) (1024K)]
  0x0000020ee1222f40 JavaThread "JNA Cleaner"                daemon [_thread_blocked, id=14488, stack(0x0000003556d00000,0x0000003556e00000) (1024K)]
  0x0000020ee121d360 JavaThread "Worker-4"                          [_thread_blocked, id=17676, stack(0x0000003556e00000,0x0000003556f00000) (1024K)]
  0x0000020ee121f430 JavaThread "Thread-2"                   daemon [_thread_in_native, id=6340, stack(0x0000003557000000,0x0000003557100000) (1024K)]
  0x0000020ee12235d0 JavaThread "Thread-3"                   daemon [_thread_in_native, id=12272, stack(0x0000003557100000,0x0000003557200000) (1024K)]
  0x0000020ee1223c60 JavaThread "Thread-4"                   daemon [_thread_in_native, id=9724, stack(0x0000003557200000,0x0000003557300000) (1024K)]
  0x0000020ee12242f0 JavaThread "Thread-5"                   daemon [_thread_in_native, id=15108, stack(0x0000003557300000,0x0000003557400000) (1024K)]
  0x0000020ee121e080 JavaThread "Thread-6"                   daemon [_thread_in_native, id=13452, stack(0x0000003557400000,0x0000003557500000) (1024K)]
  0x0000020ee121eda0 JavaThread "pool-2-thread-1"                   [_thread_blocked, id=12188, stack(0x0000003557500000,0x0000003557600000) (1024K)]
  0x0000020ee1cdbd70 JavaThread "WorkspaceEventsHandler"            [_thread_blocked, id=15656, stack(0x0000003557600000,0x0000003557700000) (1024K)]
  0x0000020ee1cda330 JavaThread "pool-1-thread-1"                   [_thread_blocked, id=3864, stack(0x0000003557700000,0x0000003557800000) (1024K)]
Total: 30

Other Threads:
  0x0000020ee04c06a0 VMThread "VM Thread"                           [id=14084, stack(0x0000003555100000,0x0000003555200000) (1024K)]
  0x0000020ec9b28f10 WatcherThread "VM Periodic Task Thread"        [id=15016, stack(0x0000003555000000,0x0000003555100000) (1024K)]
  0x0000020ec9b19580 WorkerThread "GC Thread#0"                     [id=16240, stack(0x0000003554f00000,0x0000003555000000) (1024K)]
  0x0000020ee14f70c0 WorkerThread "GC Thread#1"                     [id=3916, stack(0x0000003555d00000,0x0000003555e00000) (1024K)]
  0x0000020ee14f7460 WorkerThread "GC Thread#2"                     [id=17584, stack(0x0000003555e00000,0x0000003555f00000) (1024K)]
  0x0000020ee14f7800 WorkerThread "GC Thread#3"                     [id=14524, stack(0x0000003555f00000,0x0000003556000000) (1024K)]
Total: 6

Threads with active compile tasks:
Total: 0

VM state: not at safepoint (normal execution)

VM Mutex/Monitor currently owned by a thread: None

Heap address: 0x0000000080000000, size: 2048 MB, Compressed Oops mode: 32-bit

CDS archive(s) mapped at: [0x0000020e80000000-0x0000020e80ba0000-0x0000020e80ba0000), size 12189696, SharedBaseAddress: 0x0000020e80000000, ArchiveRelocationMode: 1.
Compressed class space mapped at: 0x0000020e81000000-0x0000020ec1000000, reserved size: 1073741824
Narrow klass base: 0x0000020e80000000, Narrow klass shift: 0, Narrow klass range: 0x100000000

GC Precious Log:
 CardTable entry size: 512
 CPUs: 4 total, 4 available
 Memory: 5977M
 Large Page Support: Disabled
 NUMA Support: Disabled
 Compressed Oops: Enabled (32-bit)
 Alignments: Space 512K, Generation 512K, Heap 2M
 Heap Min Capacity: 100M
 Heap Initial Capacity: 100M
 Heap Max Capacity: 2G
 Pre-touch: Disabled
 Parallel Workers: 4

Heap:
 PSYoungGen      total 2560K, used 1122K [0x00000000d5580000, 0x00000000d5900000, 0x0000000100000000)
  eden space 1536K, 64% used [0x00000000d5580000,0x00000000d5678a70,0x00000000d5700000)
  from space 1024K, 12% used [0x00000000d5700000,0x00000000d5720000,0x00000000d5800000)
  to   space 512K, 0% used [0x00000000d5880000,0x00000000d5880000,0x00000000d5900000)
 ParOldGen       total 243712K, used 219782K [0x0000000080000000, 0x000000008ee00000, 0x00000000d5580000)
  object space 243712K, 90% used [0x0000000080000000,0x000000008d6a19f0,0x000000008ee00000)
 Metaspace       used 73955K, committed 75520K, reserved 1179648K
  class space    used 7752K, committed 8448K, reserved 1048576K

Card table byte_map: [0x0000020ec9470000,0x0000020ec9880000] _byte_map_base: 0x0000020ec9070000

Marking Bits: (ParMarkBitMap*) 0x00007ffae320a340
 Begin Bits: [0x0000020edbf40000, 0x0000020eddf40000)
 End Bits:   [0x0000020eddf40000, 0x0000020edff40000)

Polling page: 0x0000020ec9260000

Metaspace:

Usage:
  Non-class:     64.65 MB used.
      Class:      7.57 MB used.
       Both:     72.22 MB used.

Virtual space:
  Non-class space:      128.00 MB reserved,      65.50 MB ( 51%) committed,  2 nodes.
      Class space:        1.00 GB reserved,       8.25 MB ( <1%) committed,  1 nodes.
             Both:        1.12 GB reserved,      73.75 MB (  6%) committed. 

Chunk freelists:
   Non-Class:  13.66 MB
       Class:  7.59 MB
        Both:  21.25 MB

MaxMetaspaceSize: unlimited
CompressedClassSpaceSize: 1.00 GB
Initial GC threshold: 21.00 MB
Current GC threshold: 122.75 MB
CDS: on
 - commit_granule_bytes: 65536.
 - commit_granule_words: 8192.
 - virtual_space_node_default_size: 8388608.
 - enlarge_chunks_in_place: 1.
 - use_allocation_guard: 0.


Internal statistics:

num_allocs_failed_limit: 11.
num_arena_births: 1318.
num_arena_deaths: 58.
num_vsnodes_births: 3.
num_vsnodes_deaths: 0.
num_space_committed: 1180.
num_space_uncommitted: 0.
num_chunks_returned_to_freelist: 79.
num_chunks_taken_from_freelist: 4661.
num_chunk_merges: 21.
num_chunk_splits: 2830.
num_chunks_enlarged: 1629.
num_inconsistent_stats: 0.

CodeHeap 'non-profiled nmethods': size=120000Kb used=12273Kb max_used=12835Kb free=107727Kb
 bounds [0x0000020ed4760000, 0x0000020ed5420000, 0x0000020edbc90000]
CodeHeap 'profiled nmethods': size=120000Kb used=31929Kb max_used=35204Kb free=88070Kb
 bounds [0x0000020eccc90000, 0x0000020ecef00000, 0x0000020ed41c0000]
CodeHeap 'non-nmethods': size=5760Kb used=1486Kb max_used=1571Kb free=4273Kb
 bounds [0x0000020ed41c0000, 0x0000020ed4430000, 0x0000020ed4760000]
CodeCache: size=245760Kb, used=45688Kb, max_used=49610Kb, free=200070Kb
 total_blobs=14596, nmethods=13798, adapters=701, full_count=0
Compilation: enabled, stopped_count=0, restarted_count=0

Compilation events (20 events):
Event: 23737.109 Thread 0x0000020ee1105670 nmethod 15796 0x0000020ed4b11890 code [0x0000020ed4b11a20, 0x0000020ed4b11ae8]
Event: 23737.110 Thread 0x0000020ee04ddda0 nmethod 15795 0x0000020ed4be3a90 code [0x0000020ed4be3c20, 0x0000020ed4be3cd0]
Event: 23953.570 Thread 0x0000020ee04ddda0 15797   !   4       java.util.concurrent.locks.AbstractQueuedSynchronizer::tryInitializeHead (66 bytes)
Event: 23953.573 Thread 0x0000020ee04ddda0 nmethod 15797 0x0000020ed47ec390 code [0x0000020ed47ec520, 0x0000020ed47ec6d8]
Event: 28344.711 Thread 0x0000020ee04ddda0 15798   !   4       java.util.concurrent.locks.AbstractQueuedSynchronizer$ConditionObject::newConditionNode (78 bytes)
Event: 28344.759 Thread 0x0000020ee04ddda0 nmethod 15798 0x0000020ed481e310 code [0x0000020ed481e500, 0x0000020ed481e898]
Event: 29094.931 Thread 0x0000020ee04ddda0 15799       4       java.util.concurrent.locks.AbstractQueuedSynchronizer$ConditionObject::unlinkCancelledWaiters (91 bytes)
Event: 29094.933 Thread 0x0000020ee04ddda0 nmethod 15799 0x0000020ed47ecf10 code [0x0000020ed47ed0a0, 0x0000020ed47ed208]
Event: 30937.312 Thread 0x0000020ee1105670 15800  s    1       org.eclipse.core.internal.jobs.ThreadJob::isRunning (5 bytes)
Event: 30937.312 Thread 0x0000020ee1105670 nmethod 15800 0x0000020ed491f010 code [0x0000020ed491f1a0, 0x0000020ed491f328]
Event: 31537.448 Thread 0x0000020ee04ddda0 15801       4       org.eclipse.core.internal.jobs.JobManager::lifeTimeInMs (19 bytes)
Event: 31537.450 Thread 0x0000020ee04ddda0 nmethod 15801 0x0000020ed4b2c490 code [0x0000020ed4b2c620, 0x0000020ed4b2c6f0]
Event: 31597.453 Thread 0x0000020ee04ddda0 15802       4       java.util.concurrent.atomic.AtomicLong::updateAndGet (59 bytes)
Event: 31597.498 Thread 0x0000020ee04ddda0 nmethod 15802 0x0000020ed4819790 code [0x0000020ed4819920, 0x0000020ed4819ac0]
Event: 33937.187 Thread 0x0000020ee04ddda0 15803       4       java.util.concurrent.locks.AbstractQueuedSynchronizer$ConditionObject::enableWait (84 bytes)
Event: 33937.195 Thread 0x0000020ee04ddda0 nmethod 15803 0x0000020ed48c8410 code [0x0000020ed48c85e0, 0x0000020ed48c88e8]
Event: 36346.767 Thread 0x0000020ee04ddda0 15804       4       java.util.concurrent.ThreadPoolExecutor$Worker::unlock (7 bytes)
Event: 36346.769 Thread 0x0000020ee04ddda0 nmethod 15804 0x0000020ed4bc3690 code [0x0000020ed4bc3820, 0x0000020ed4bc3938]
Event: 36639.268 Thread 0x0000020ee04ddda0 15805       4       java.util.concurrent.ThreadPoolExecutor$Worker::tryAcquire (20 bytes)
Event: 36639.269 Thread 0x0000020ee04ddda0 nmethod 15805 0x0000020ed4bfa790 code [0x0000020ed4bfa920, 0x0000020ed4bfaa00]

GC Heap History (20 events):
Event: 155.935 GC heap before
{Heap before GC invocations=1409 (full 4):
 PSYoungGen      total 1024K, used 790K [0x00000000d5580000, 0x00000000d5800000, 0x0000000100000000)
  eden space 512K, 77% used [0x00000000d5580000,0x00000000d55e3be0,0x00000000d5600000)
  from space 512K, 76% used [0x00000000d5600000,0x00000000d5661f90,0x00000000d5680000)
  to   space 1024K, 0% used [0x00000000d5700000,0x00000000d5700000,0x00000000d5800000)
 ParOldGen       total 243712K, used 214757K [0x0000000080000000, 0x000000008ee00000, 0x00000000d5580000)
  object space 243712K, 88% used [0x0000000080000000,0x000000008d1b9500,0x000000008ee00000)
 Metaspace       used 73749K, committed 75392K, reserved 1179648K
  class space    used 7724K, committed 8448K, reserved 1048576K
}
Event: 155.937 GC heap after
{Heap after GC invocations=1409 (full 4):
 PSYoungGen      total 1024K, used 342K [0x00000000d5580000, 0x00000000d5780000, 0x0000000100000000)
  eden space 512K, 0% used [0x00000000d5580000,0x00000000d5580000,0x00000000d5600000)
  from space 512K, 66% used [0x00000000d5700000,0x00000000d5755880,0x00000000d5780000)
  to   space 512K, 0% used [0x00000000d5600000,0x00000000d5600000,0x00000000d5680000)
 ParOldGen       total 243712K, used 215088K [0x0000000080000000, 0x000000008ee00000, 0x00000000d5580000)
  object space 243712K, 88% used [0x0000000080000000,0x000000008d20c180,0x000000008ee00000)
 Metaspace       used 73749K, committed 75392K, reserved 1179648K
  class space    used 7724K, committed 8448K, reserved 1048576K
}
Event: 155.959 GC heap before
{Heap before GC invocations=1410 (full 4):
 PSYoungGen      total 1024K, used 803K [0x00000000d5580000, 0x00000000d5780000, 0x0000000100000000)
  eden space 512K, 90% used [0x00000000d5580000,0x00000000d55f3650,0x00000000d5600000)
  from space 512K, 66% used [0x00000000d5700000,0x00000000d5755880,0x00000000d5780000)
  to   space 512K, 0% used [0x00000000d5600000,0x00000000d5600000,0x00000000d5680000)
 ParOldGen       total 243712K, used 215088K [0x0000000080000000, 0x000000008ee00000, 0x00000000d5580000)
  object space 243712K, 88% used [0x0000000080000000,0x000000008d20c180,0x000000008ee00000)
 Metaspace       used 73749K, committed 75392K, reserved 1179648K
  class space    used 7724K, committed 8448K, reserved 1048576K
}
Event: 155.961 GC heap after
{Heap after GC invocations=1410 (full 4):
 PSYoungGen      total 1024K, used 409K [0x00000000d5580000, 0x00000000d5780000, 0x0000000100000000)
  eden space 512K, 0% used [0x00000000d5580000,0x00000000d5580000,0x00000000d5600000)
  from space 512K, 79% used [0x00000000d5600000,0x00000000d56664c8,0x00000000d5680000)
  to   space 512K, 0% used [0x00000000d5700000,0x00000000d5700000,0x00000000d5780000)
 ParOldGen       total 243712K, used 215354K [0x0000000080000000, 0x000000008ee00000, 0x00000000d5580000)
  object space 243712K, 88% used [0x0000000080000000,0x000000008d24eba0,0x000000008ee00000)
 Metaspace       used 73749K, committed 75392K, reserved 1179648K
  class space    used 7724K, committed 8448K, reserved 1048576K
}
Event: 155.964 GC heap before
{Heap before GC invocations=1411 (full 4):
 PSYoungGen      total 1024K, used 921K [0x00000000d5580000, 0x00000000d5780000, 0x0000000100000000)
  eden space 512K, 100% used [0x00000000d5580000,0x00000000d5600000,0x00000000d5600000)
  from space 512K, 79% used [0x00000000d5600000,0x00000000d56664c8,0x00000000d5680000)
  to   space 512K, 0% used [0x00000000d5700000,0x00000000d5700000,0x00000000d5780000)
 ParOldGen       total 243712K, used 215354K [0x0000000080000000, 0x000000008ee00000, 0x00000000d5580000)
  object space 243712K, 88% used [0x0000000080000000,0x000000008d24eba0,0x000000008ee00000)
 Metaspace       used 73749K, committed 75392K, reserved 1179648K
  class space    used 7724K, committed 8448K, reserved 1048576K
}
Event: 155.968 GC heap after
{Heap after GC invocations=1411 (full 4):
 PSYoungGen      total 1024K, used 505K [0x00000000d5580000, 0x00000000d5880000, 0x0000000100000000)
  eden space 512K, 0% used [0x00000000d5580000,0x00000000d5580000,0x00000000d5600000)
  from space 512K, 98% used [0x00000000d5700000,0x00000000d577e4e8,0x00000000d5780000)
  to   space 1024K, 0% used [0x00000000d5600000,0x00000000d5600000,0x00000000d5700000)
 ParOldGen       total 243712K, used 215713K [0x0000000080000000, 0x000000008ee00000, 0x00000000d5580000)
  object space 243712K, 88% used [0x0000000080000000,0x000000008d2a85d8,0x000000008ee00000)
 Metaspace       used 73749K, committed 75392K, reserved 1179648K
  class space    used 7724K, committed 8448K, reserved 1048576K
}
Event: 155.978 GC heap before
{Heap before GC invocations=1412 (full 4):
 PSYoungGen      total 1024K, used 963K [0x00000000d5580000, 0x00000000d5880000, 0x0000000100000000)
  eden space 512K, 89% used [0x00000000d5580000,0x00000000d55f29c0,0x00000000d5600000)
  from space 512K, 98% used [0x00000000d5700000,0x00000000d577e4e8,0x00000000d5780000)
  to   space 1024K, 0% used [0x00000000d5600000,0x00000000d5600000,0x00000000d5700000)
 ParOldGen       total 243712K, used 215713K [0x0000000080000000, 0x000000008ee00000, 0x00000000d5580000)
  object space 243712K, 88% used [0x0000000080000000,0x000000008d2a85d8,0x000000008ee00000)
 Metaspace       used 73749K, committed 75392K, reserved 1179648K
  class space    used 7724K, committed 8448K, reserved 1048576K
}
Event: 155.981 GC heap after
{Heap after GC invocations=1412 (full 4):
 PSYoungGen      total 1536K, used 325K [0x00000000d5580000, 0x00000000d5780000, 0x0000000100000000)
  eden space 512K, 0% used [0x00000000d5580000,0x00000000d5580000,0x00000000d5600000)
  from space 1024K, 31% used [0x00000000d5600000,0x00000000d5651698,0x00000000d5700000)
  to   space 512K, 0% used [0x00000000d5700000,0x00000000d5700000,0x00000000d5780000)
 ParOldGen       total 243712K, used 216154K [0x0000000080000000, 0x000000008ee00000, 0x00000000d5580000)
  object space 243712K, 88% used [0x0000000080000000,0x000000008d316bc8,0x000000008ee00000)
 Metaspace       used 73749K, committed 75392K, reserved 1179648K
  class space    used 7724K, committed 8448K, reserved 1048576K
}
Event: 155.997 GC heap before
{Heap before GC invocations=1413 (full 4):
 PSYoungGen      total 1536K, used 837K [0x00000000d5580000, 0x00000000d5780000, 0x0000000100000000)
  eden space 512K, 99% used [0x00000000d5580000,0x00000000d55fffa0,0x00000000d5600000)
  from space 1024K, 31% used [0x00000000d5600000,0x00000000d5651698,0x00000000d5700000)
  to   space 512K, 0% used [0x00000000d5700000,0x00000000d5700000,0x00000000d5780000)
 ParOldGen       total 243712K, used 216154K [0x0000000080000000, 0x000000008ee00000, 0x00000000d5580000)
  object space 243712K, 88% used [0x0000000080000000,0x000000008d316bc8,0x000000008ee00000)
 Metaspace       used 73749K, committed 75392K, reserved 1179648K
  class space    used 7724K, committed 8448K, reserved 1048576K
}
Event: 155.999 GC heap after
{Heap after GC invocations=1413 (full 4):
 PSYoungGen      total 1536K, used 389K [0x00000000d5580000, 0x00000000d5780000, 0x0000000100000000)
  eden space 1024K, 0% used [0x00000000d5580000,0x00000000d5580000,0x00000000d5680000)
  from space 512K, 75% used [0x00000000d5700000,0x00000000d5761450,0x00000000d5780000)
  to   space 512K, 0% used [0x00000000d5680000,0x00000000d5680000,0x00000000d5700000)
 ParOldGen       total 243712K, used 216453K [0x0000000080000000, 0x000000008ee00000, 0x00000000d5580000)
  object space 243712K, 88% used [0x0000000080000000,0x000000008d3615e0,0x000000008ee00000)
 Metaspace       used 73749K, committed 75392K, reserved 1179648K
  class space    used 7724K, committed 8448K, reserved 1048576K
}
Event: 156.018 GC heap before
{Heap before GC invocations=1414 (full 4):
 PSYoungGen      total 1536K, used 1413K [0x00000000d5580000, 0x00000000d5780000, 0x0000000100000000)
  eden space 1024K, 100% used [0x00000000d5580000,0x00000000d5680000,0x00000000d5680000)
  from space 512K, 75% used [0x00000000d5700000,0x00000000d5761450,0x00000000d5780000)
  to   space 512K, 0% used [0x00000000d5680000,0x00000000d5680000,0x00000000d5700000)
 ParOldGen       total 243712K, used 216453K [0x0000000080000000, 0x000000008ee00000, 0x00000000d5580000)
  object space 243712K, 88% used [0x0000000080000000,0x000000008d3615e0,0x000000008ee00000)
 Metaspace       used 73749K, committed 75392K, reserved 1179648K
  class space    used 7724K, committed 8448K, reserved 1048576K
}
Event: 156.040 GC heap after
{Heap after GC invocations=1414 (full 4):
 PSYoungGen      total 1536K, used 502K [0x00000000d5580000, 0x00000000d5a00000, 0x0000000100000000)
  eden space 1024K, 0% used [0x00000000d5580000,0x00000000d5580000,0x00000000d5680000)
  from space 512K, 98% used [0x00000000d5680000,0x00000000d56fda80,0x00000000d5700000)
  to   space 1536K, 0% used [0x00000000d5880000,0x00000000d5880000,0x00000000d5a00000)
 ParOldGen       total 243712K, used 216959K [0x0000000080000000, 0x000000008ee00000, 0x00000000d5580000)
  object space 243712K, 89% used [0x0000000080000000,0x000000008d3dfe78,0x000000008ee00000)
 Metaspace       used 73749K, committed 75392K, reserved 1179648K
  class space    used 7724K, committed 8448K, reserved 1048576K
}
Event: 156.070 GC heap before
{Heap before GC invocations=1415 (full 4):
 PSYoungGen      total 1536K, used 1526K [0x00000000d5580000, 0x00000000d5a00000, 0x0000000100000000)
  eden space 1024K, 99% used [0x00000000d5580000,0x00000000d567ffe0,0x00000000d5680000)
  from space 512K, 98% used [0x00000000d5680000,0x00000000d56fda80,0x00000000d5700000)
  to   space 1536K, 0% used [0x00000000d5880000,0x00000000d5880000,0x00000000d5a00000)
 ParOldGen       total 243712K, used 217801K [0x0000000080000000, 0x000000008ee00000, 0x00000000d5580000)
  object space 243712K, 89% used [0x0000000080000000,0x000000008d4b2708,0x000000008ee00000)
 Metaspace       used 73749K, committed 75392K, reserved 1179648K
  class space    used 7724K, committed 8448K, reserved 1048576K
}
Event: 156.074 GC heap after
{Heap after GC invocations=1415 (full 4):
 PSYoungGen      total 2048K, used 340K [0x00000000d5580000, 0x00000000d5900000, 0x0000000100000000)
  eden space 1536K, 0% used [0x00000000d5580000,0x00000000d5580000,0x00000000d5700000)
  from space 512K, 66% used [0x00000000d5880000,0x00000000d58d51b0,0x00000000d5900000)
  to   space 1024K, 0% used [0x00000000d5700000,0x00000000d5700000,0x00000000d5800000)
 ParOldGen       total 243712K, used 218291K [0x0000000080000000, 0x000000008ee00000, 0x00000000d5580000)
  object space 243712K, 89% used [0x0000000080000000,0x000000008d52ccd8,0x000000008ee00000)
 Metaspace       used 73749K, committed 75392K, reserved 1179648K
  class space    used 7724K, committed 8448K, reserved 1048576K
}
Event: 156.187 GC heap before
{Heap before GC invocations=1416 (full 4):
 PSYoungGen      total 2048K, used 1876K [0x00000000d5580000, 0x00000000d5900000, 0x0000000100000000)
  eden space 1536K, 100% used [0x00000000d5580000,0x00000000d5700000,0x00000000d5700000)
  from space 512K, 66% used [0x00000000d5880000,0x00000000d58d51b0,0x00000000d5900000)
  to   space 1024K, 0% used [0x00000000d5700000,0x00000000d5700000,0x00000000d5800000)
 ParOldGen       total 243712K, used 218291K [0x0000000080000000, 0x000000008ee00000, 0x00000000d5580000)
  object space 243712K, 89% used [0x0000000080000000,0x000000008d52ccd8,0x000000008ee00000)
 Metaspace       used 73821K, committed 75392K, reserved 1179648K
  class space    used 7745K, committed 8448K, reserved 1048576K
}
Event: 156.190 GC heap after
{Heap after GC invocations=1416 (full 4):
 PSYoungGen      total 2560K, used 825K [0x00000000d5580000, 0x00000000d5980000, 0x0000000100000000)
  eden space 1536K, 0% used [0x00000000d5580000,0x00000000d5580000,0x00000000d5700000)
  from space 1024K, 80% used [0x00000000d5700000,0x00000000d57ce4b8,0x00000000d5800000)
  to   space 1024K, 0% used [0x00000000d5880000,0x00000000d5880000,0x00000000d5980000)
 ParOldGen       total 243712K, used 218539K [0x0000000080000000, 0x000000008ee00000, 0x00000000d5580000)
  object space 243712K, 89% used [0x0000000080000000,0x000000008d56af48,0x000000008ee00000)
 Metaspace       used 73821K, committed 75392K, reserved 1179648K
  class space    used 7745K, committed 8448K, reserved 1048576K
}
Event: 156.286 GC heap before
{Heap before GC invocations=1417 (full 4):
 PSYoungGen      total 2560K, used 2361K [0x00000000d5580000, 0x00000000d5980000, 0x0000000100000000)
  eden space 1536K, 99% used [0x00000000d5580000,0x00000000d56fffe0,0x00000000d5700000)
  from space 1024K, 80% used [0x00000000d5700000,0x00000000d57ce4b8,0x00000000d5800000)
  to   space 1024K, 0% used [0x00000000d5880000,0x00000000d5880000,0x00000000d5980000)
 ParOldGen       total 243712K, used 218539K [0x0000000080000000, 0x000000008ee00000, 0x00000000d5580000)
  object space 243712K, 89% used [0x0000000080000000,0x000000008d56af48,0x000000008ee00000)
 Metaspace       used 73827K, committed 75392K, reserved 1179648K
  class space    used 7746K, committed 8448K, reserved 1048576K
}
Event: 156.291 GC heap after
{Heap after GC invocations=1417 (full 4):
 PSYoungGen      total 2560K, used 564K [0x00000000d5580000, 0x00000000d5980000, 0x0000000100000000)
  eden space 1536K, 0% used [0x00000000d5580000,0x00000000d5580000,0x00000000d5700000)
  from space 1024K, 55% used [0x00000000d5880000,0x00000000d590d370,0x00000000d5980000)
  to   space 1024K, 0% used [0x00000000d5700000,0x00000000d5700000,0x00000000d5800000)
 ParOldGen       total 243712K, used 219302K [0x0000000080000000, 0x000000008ee00000, 0x00000000d5580000)
  object space 243712K, 89% used [0x0000000080000000,0x000000008d6299f0,0x000000008ee00000)
 Metaspace       used 73827K, committed 75392K, reserved 1179648K
  class space    used 7746K, committed 8448K, reserved 1048576K
}
Event: 7536.205 GC heap before
{Heap before GC invocations=1418 (full 4):
 PSYoungGen      total 2560K, used 2100K [0x00000000d5580000, 0x00000000d5980000, 0x0000000100000000)
  eden space 1536K, 99% used [0x00000000d5580000,0x00000000d56ffff0,0x00000000d5700000)
  from space 1024K, 55% used [0x00000000d5880000,0x00000000d590d370,0x00000000d5980000)
  to   space 1024K, 0% used [0x00000000d5700000,0x00000000d5700000,0x00000000d5800000)
 ParOldGen       total 243712K, used 219302K [0x0000000080000000, 0x000000008ee00000, 0x00000000d5580000)
  object space 243712K, 89% used [0x0000000080000000,0x000000008d6299f0,0x000000008ee00000)
 Metaspace       used 73932K, committed 75520K, reserved 1179648K
  class space    used 7752K, committed 8448K, reserved 1048576K
}
Event: 7536.257 GC heap after
{Heap after GC invocations=1418 (full 4):
 PSYoungGen      total 2560K, used 128K [0x00000000d5580000, 0x00000000d5900000, 0x0000000100000000)
  eden space 1536K, 0% used [0x00000000d5580000,0x00000000d5580000,0x00000000d5700000)
  from space 1024K, 12% used [0x00000000d5700000,0x00000000d5720000,0x00000000d5800000)
  to   space 512K, 0% used [0x00000000d5880000,0x00000000d5880000,0x00000000d5900000)
 ParOldGen       total 243712K, used 219782K [0x0000000080000000, 0x000000008ee00000, 0x00000000d5580000)
  object space 243712K, 90% used [0x0000000080000000,0x000000008d6a19f0,0x000000008ee00000)
 Metaspace       used 73932K, committed 75520K, reserved 1179648K
  class space    used 7752K, committed 8448K, reserved 1048576K
}

Dll operation events (14 events):
Event: 0.021 Loaded shared library c:\Users\yoelp\.vscode\extensions\redhat.java-1.45.0-win32-x64\jre\21.0.8-win32-x86_64\bin\java.dll
Event: 0.718 Loaded shared library c:\Users\yoelp\.vscode\extensions\redhat.java-1.45.0-win32-x64\jre\21.0.8-win32-x86_64\bin\zip.dll
Event: 0.865 Loaded shared library C:\Users\yoelp\.vscode\extensions\redhat.java-1.45.0-win32-x64\jre\21.0.8-win32-x86_64\bin\instrument.dll
Event: 0.899 Loaded shared library C:\Users\yoelp\.vscode\extensions\redhat.java-1.45.0-win32-x64\jre\21.0.8-win32-x86_64\bin\net.dll
Event: 0.916 Loaded shared library C:\Users\yoelp\.vscode\extensions\redhat.java-1.45.0-win32-x64\jre\21.0.8-win32-x86_64\bin\nio.dll
Event: 1.058 Loaded shared library C:\Users\yoelp\.vscode\extensions\redhat.java-1.45.0-win32-x64\jre\21.0.8-win32-x86_64\bin\zip.dll
Event: 1.226 Loaded shared library C:\Users\yoelp\.vscode\extensions\redhat.java-1.45.0-win32-x64\jre\21.0.8-win32-x86_64\bin\jimage.dll
Event: 2.112 Loaded shared library c:\Users\yoelp\.vscode\extensions\redhat.java-1.45.0-win32-x64\jre\21.0.8-win32-x86_64\bin\verify.dll
Event: 18.239 Loaded shared library C:\Users\yoelp\AppData\Roaming\Code\User\globalStorage\redhat.java\1.45.0\config_win\org.eclipse.equinox.launcher\org.eclipse.equinox.launcher.win32.win32.x86_64_1.2.1400.v20250801-0854\eclipse_11916.dll
Event: 35.464 Loaded shared library C:\Users\yoelp\.vscode\extensions\redhat.java-1.45.0-win32-x64\jre\21.0.8-win32-x86_64\bin\management.dll
Event: 35.471 Loaded shared library C:\Users\yoelp\.vscode\extensions\redhat.java-1.45.0-win32-x64\jre\21.0.8-win32-x86_64\bin\management_ext.dll
Event: 39.812 Loaded shared library C:\Users\yoelp\AppData\Local\Temp\jna-115153363\jna8742206044910619974.dll
Event: 40.222 Loaded shared library C:\Users\yoelp\.vscode\extensions\redhat.java-1.45.0-win32-x64\jre\21.0.8-win32-x86_64\bin\sunmscapi.dll
Event: 41.547 Loaded shared library C:\Users\yoelp\.vscode\extensions\redhat.java-1.45.0-win32-x64\jre\21.0.8-win32-x86_64\bin\extnet.dll

Deoptimization events (20 events):
Event: 156.359 Thread 0x0000020ee75e5830 DEOPT PACKING pc=0x0000020ed51b2e60 sp=0x00000035583fdc60
Event: 156.360 Thread 0x0000020ee75e5830 DEOPT UNPACKING pc=0x0000020ed4213aa2 sp=0x00000035583fdc38 mode 2
Event: 384.938 Thread 0x0000020ee1221500 Uncommon trap: trap_request=0xffffff45 fr.pc=0x0000020ed4eaa6a4 relative=0x0000000000004a04
Event: 384.938 Thread 0x0000020ee1221500 Uncommon trap: reason=unstable_if action=reinterpret pc=0x0000020ed4eaa6a4 method=org.eclipse.m2e.core.internal.project.registry.ProjectRegistryReader$2.replaceObject(Ljava/lang/Object;)Ljava/lang/Object; @ 25 c2
Event: 384.938 Thread 0x0000020ee1221500 DEOPT PACKING pc=0x0000020ed4eaa6a4 sp=0x00000035567fe7e0
Event: 384.938 Thread 0x0000020ee1221500 DEOPT UNPACKING pc=0x0000020ed4213aa2 sp=0x00000035567fe768 mode 2
Event: 384.986 Thread 0x0000020ee1221500 Uncommon trap: trap_request=0xffffffc6 fr.pc=0x0000020ed4ebbe1c relative=0x0000000000001bbc
Event: 384.986 Thread 0x0000020ee1221500 Uncommon trap: reason=bimorphic_or_optimized_type_check action=maybe_recompile pc=0x0000020ed4ebbe1c method=org.eclipse.core.internal.dtree.AbstractDataTreeNode.assembleWith([Lorg/eclipse/core/internal/dtree/AbstractDataTreeNode;[Lorg/eclipse/core/interna
Event: 384.986 Thread 0x0000020ee1221500 DEOPT PACKING pc=0x0000020ed4ebbe1c sp=0x00000035567febc0
Event: 384.986 Thread 0x0000020ee1221500 DEOPT UNPACKING pc=0x0000020ed4213aa2 sp=0x00000035567feb80 mode 2
Event: 384.986 Thread 0x0000020ee1221500 Uncommon trap: trap_request=0xffffffc6 fr.pc=0x0000020ed4ebbe1c relative=0x0000000000001bbc
Event: 384.986 Thread 0x0000020ee1221500 Uncommon trap: reason=bimorphic_or_optimized_type_check action=maybe_recompile pc=0x0000020ed4ebbe1c method=org.eclipse.core.internal.dtree.AbstractDataTreeNode.assembleWith([Lorg/eclipse/core/internal/dtree/AbstractDataTreeNode;[Lorg/eclipse/core/interna
Event: 384.986 Thread 0x0000020ee1221500 DEOPT PACKING pc=0x0000020ed4ebbe1c sp=0x00000035567fec80
Event: 384.987 Thread 0x0000020ee1221500 DEOPT UNPACKING pc=0x0000020ed4213aa2 sp=0x00000035567fec40 mode 2
Event: 384.987 Thread 0x0000020ee1221500 Uncommon trap: trap_request=0xffffffc6 fr.pc=0x0000020ed4ebbe1c relative=0x0000000000001bbc
Event: 384.987 Thread 0x0000020ee1221500 Uncommon trap: reason=bimorphic_or_optimized_type_check action=maybe_recompile pc=0x0000020ed4ebbe1c method=org.eclipse.core.internal.dtree.AbstractDataTreeNode.assembleWith([Lorg/eclipse/core/internal/dtree/AbstractDataTreeNode;[Lorg/eclipse/core/interna
Event: 384.987 Thread 0x0000020ee1221500 DEOPT PACKING pc=0x0000020ed4ebbe1c sp=0x00000035567fed40
Event: 384.987 Thread 0x0000020ee1221500 DEOPT UNPACKING pc=0x0000020ed4213aa2 sp=0x00000035567fed00 mode 2
Event: 385.017 Thread 0x0000020ee1221500 DEOPT PACKING pc=0x0000020ecebc86db sp=0x00000035567fe980
Event: 385.017 Thread 0x0000020ee1221500 DEOPT UNPACKING pc=0x0000020ed4214242 sp=0x00000035567fdea0 mode 0

Classes loaded (20 events):
Event: 90.560 Loading class java/util/Hashtable$ValueCollection
Event: 90.561 Loading class java/util/Hashtable$ValueCollection done
Event: 90.609 Loading class java/util/concurrent/ConcurrentHashMap$KeySpliterator
Event: 90.610 Loading class java/util/concurrent/ConcurrentHashMap$KeySpliterator done
Event: 93.255 Loading class jdk/internal/module/IllegalAccessLogger
Event: 93.255 Loading class jdk/internal/module/IllegalAccessLogger done
Event: 95.861 Loading class java/util/concurrent/CompletableFuture$UniApply
Event: 95.864 Loading class java/util/concurrent/CompletableFuture$UniApply done
Event: 95.865 Loading class java/util/concurrent/CompletableFuture$UniExceptionally
Event: 95.865 Loading class java/util/concurrent/CompletableFuture$UniExceptionally done
Event: 95.880 Loading class jdk/internal/icu/text/NormalizerBase$NFCModeImpl
Event: 95.880 Loading class jdk/internal/icu/text/NormalizerBase$NFCModeImpl done
Event: 95.880 Loading class jdk/internal/icu/impl/Norm2AllModes$NFCSingleton
Event: 95.880 Loading class jdk/internal/icu/impl/Norm2AllModes$NFCSingleton done
Event: 95.883 Loading class java/nio/StringCharBuffer
Event: 95.883 Loading class java/nio/StringCharBuffer done
Event: 97.860 Loading class java/io/CharArrayWriter
Event: 97.860 Loading class java/io/CharArrayWriter done
Event: 97.883 Loading class java/nio/file/attribute/PosixFileAttributes
Event: 97.883 Loading class java/nio/file/attribute/PosixFileAttributes done

Classes unloaded (20 events):
Event: 40.073 Thread 0x0000020ee04c06a0 Unloading class 0x0000020e812e2c00 'java/lang/invoke/LambdaForm$MH+0x0000020e812e2c00'
Event: 40.073 Thread 0x0000020ee04c06a0 Unloading class 0x0000020e812e2800 'java/lang/invoke/LambdaForm$DMH+0x0000020e812e2800'
Event: 40.073 Thread 0x0000020ee04c06a0 Unloading class 0x0000020e812e1800 'java/lang/invoke/LambdaForm$MH+0x0000020e812e1800'
Event: 40.073 Thread 0x0000020ee04c06a0 Unloading class 0x0000020e812de000 'java/lang/invoke/LambdaForm$MH+0x0000020e812de000'
Event: 153.383 Thread 0x0000020ee04c06a0 Unloading class 0x0000020e8185c800 'com/google/gson/internal/reflect/ReflectionHelper$RecordSupportedHelper$$InjectedInvoker+0x0000020e8185c800'
Event: 153.383 Thread 0x0000020ee04c06a0 Unloading class 0x0000020e8185bc00 'java/lang/invoke/LambdaForm$MH+0x0000020e8185bc00'
Event: 153.383 Thread 0x0000020ee04c06a0 Unloading class 0x0000020e8185b400 'java/lang/invoke/LambdaForm$MH+0x0000020e8185b400'
Event: 153.383 Thread 0x0000020ee04c06a0 Unloading class 0x0000020e8185b000 'java/lang/invoke/LambdaForm$MH+0x0000020e8185b000'
Event: 153.383 Thread 0x0000020ee04c06a0 Unloading class 0x0000020e8185ac00 'java/lang/invoke/LambdaForm$DMH+0x0000020e8185ac00'
Event: 153.383 Thread 0x0000020ee04c06a0 Unloading class 0x0000020e8185a000 'java/lang/invoke/LambdaForm$MH+0x0000020e8185a000'
Event: 153.383 Thread 0x0000020ee04c06a0 Unloading class 0x0000020e81859400 'java/lang/invoke/LambdaForm$DMH+0x0000020e81859400'
Event: 153.383 Thread 0x0000020ee04c06a0 Unloading class 0x0000020e81859000 'java/lang/invoke/LambdaForm$MH+0x0000020e81859000'
Event: 153.383 Thread 0x0000020ee04c06a0 Unloading class 0x0000020e81858400 'java/lang/invoke/LambdaForm$MH+0x0000020e81858400'
Event: 153.383 Thread 0x0000020ee04c06a0 Unloading class 0x0000020e81857400 'java/lang/invoke/LambdaForm$MH+0x0000020e81857400'
Event: 153.383 Thread 0x0000020ee04c06a0 Unloading class 0x0000020e81857000 'java/lang/invoke/LambdaForm$MH+0x0000020e81857000'
Event: 153.383 Thread 0x0000020ee04c06a0 Unloading class 0x0000020e81856800 'java/lang/invoke/LambdaForm$DMH+0x0000020e81856800'
Event: 153.383 Thread 0x0000020ee04c06a0 Unloading class 0x0000020e81855c00 'java/lang/invoke/LambdaForm$MH+0x0000020e81855c00'
Event: 153.383 Thread 0x0000020ee04c06a0 Unloading class 0x0000020e81855400 'java/lang/invoke/LambdaForm$MH+0x0000020e81855400'
Event: 153.383 Thread 0x0000020ee04c06a0 Unloading class 0x0000020e81854800 'java/lang/invoke/LambdaForm$MH+0x0000020e81854800'
Event: 153.383 Thread 0x0000020ee04c06a0 Unloading class 0x0000020e81854000 'java/lang/invoke/LambdaForm$MH+0x0000020e81854000'

Classes redefined (0 events):
No events

Internal exceptions (20 events):
Event: 149.889 Thread 0x0000020ee75e2a40 Exception <a 'sun/nio/fs/WindowsException'{0x00000000d559d7d8}> (0x00000000d559d7d8) 
thrown [s\src\hotspot\share\prims\jni.cpp, line 520]
Event: 149.890 Thread 0x0000020ee75e2a40 Exception <a 'sun/nio/fs/WindowsException'{0x00000000d55b0218}> (0x00000000d55b0218) 
thrown [s\src\hotspot\share\prims\jni.cpp, line 520]
Event: 149.892 Thread 0x0000020ee75e2a40 Exception <a 'sun/nio/fs/WindowsException'{0x00000000d55b1228}> (0x00000000d55b1228) 
thrown [s\src\hotspot\share\prims\jni.cpp, line 520]
Event: 149.892 Thread 0x0000020ee1220e70 Exception <a 'sun/nio/fs/WindowsException'{0x00000000d55b3ac8}> (0x00000000d55b3ac8) 
thrown [s\src\hotspot\share\prims\jni.cpp, line 520]
Event: 149.892 Thread 0x0000020ee75e2a40 Exception <a 'sun/nio/fs/WindowsException'{0x00000000d55b1c00}> (0x00000000d55b1c00) 
thrown [s\src\hotspot\share\prims\jni.cpp, line 520]
Event: 149.892 Thread 0x0000020ee1220e70 Exception <a 'sun/nio/fs/WindowsException'{0x00000000d55b5010}> (0x00000000d55b5010) 
thrown [s\src\hotspot\share\prims\jni.cpp, line 520]
Event: 149.892 Thread 0x0000020ee12207e0 Exception <a 'sun/nio/fs/WindowsException'{0x00000000d55b40e0}> (0x00000000d55b40e0) 
thrown [s\src\hotspot\share\prims\jni.cpp, line 520]
Event: 149.893 Thread 0x0000020ee12207e0 Exception <a 'sun/nio/fs/WindowsException'{0x00000000d55b4808}> (0x00000000d55b4808) 
thrown [s\src\hotspot\share\prims\jni.cpp, line 520]
Event: 149.903 Thread 0x0000020ee75e2a40 Exception <a 'sun/nio/fs/WindowsException'{0x00000000d55bd860}> (0x00000000d55bd860) 
thrown [s\src\hotspot\share\prims\jni.cpp, line 520]
Event: 149.903 Thread 0x0000020ee75e2a40 Exception <a 'sun/nio/fs/WindowsException'{0x00000000d55be238}> (0x00000000d55be238) 
thrown [s\src\hotspot\share\prims\jni.cpp, line 520]
Event: 149.990 Thread 0x0000020ee12207e0 Exception <a 'java/lang/NoSuchMethodError'{0x00000000d566f058}: 'long java.lang.invoke.DirectMethodHandle$Holder.invokeSpecial(java.lang.Object, java.lang.Object, java.lang.Object, java.lang.Object, int, int)'> (0x00000000d566f058) 
thrown [s\src\hotspot\share\interpreter\linkResolver.cpp, line 773]
Event: 150.006 Thread 0x0000020ee12207e0 Exception <a 'java/lang/NoSuchMethodError'{0x00000000d568ce58}: 'java.lang.Object java.lang.invoke.Invokers$Holder.linkToTargetMethod(java.lang.Object, java.lang.Object, int, int, java.lang.Object)'> (0x00000000d568ce58) 
thrown [s\src\hotspot\share\interpreter\linkResolver.cpp, line 773]
Event: 150.008 Thread 0x0000020ee1220e70 Exception <a 'java/lang/NoSuchMethodError'{0x00000000d5688368}: 'java.lang.Object java.lang.invoke.DirectMethodHandle$Holder.invokeSpecial(java.lang.Object, java.lang.Object, java.lang.Object, java.lang.Object, int, int)'> (0x00000000d5688368) 
thrown [s\src\hotspot\share\interpreter\linkResolver.cpp, line 773]
Event: 150.010 Thread 0x0000020ee1220e70 Exception <a 'java/lang/NoSuchMethodError'{0x00000000d5694208}: 'java.lang.Object java.lang.invoke.Invokers$Holder.linkToTargetMethod(java.lang.Object, java.lang.Object, int, int, java.lang.Object)'> (0x00000000d5694208) 
thrown [s\src\hotspot\share\interpreter\linkResolver.cpp, line 773]
Event: 150.062 Thread 0x0000020ee12207e0 Exception <a 'java/lang/NoSuchMethodError'{0x00000000d56fce08}: method resolution failed> (0x00000000d56fce08) 
thrown [s\src\hotspot\share\prims\methodHandles.cpp, line 1144]
Event: 150.064 Thread 0x0000020ee1220e70 Exception <a 'java/lang/NoSuchMethodError'{0x00000000d56fc730}: method resolution failed> (0x00000000d56fc730) 
thrown [s\src\hotspot\share\prims\methodHandles.cpp, line 1144]
Event: 150.137 Thread 0x0000020ee75e2a40 Exception <a 'sun/nio/fs/WindowsException'{0x00000000d55dab60}> (0x00000000d55dab60) 
thrown [s\src\hotspot\share\prims\jni.cpp, line 520]
Event: 150.137 Thread 0x0000020ee75e2a40 Exception <a 'sun/nio/fs/WindowsException'{0x00000000d55db538}> (0x00000000d55db538) 
thrown [s\src\hotspot\share\prims\jni.cpp, line 520]
Event: 151.507 Thread 0x0000020ee75e5830 Exception <a 'java/lang/IncompatibleClassChangeError'{0x00000000d55b4520}: Found class java.lang.Object, but interface was expected> (0x00000000d55b4520) 
thrown [s\src\hotspot\share\interpreter\linkResolver.cpp, line 840]
Event: 156.341 Thread 0x0000020ee75e5830 Implicit null exception at 0x0000020ed53e428c to 0x0000020ed53e5f78

ZGC Phase Switch (0 events):
No events

VM Operations (20 events):
Event: 36384.976 Executing VM operation: RendezvousGCThreads
Event: 36384.976 Executing VM operation: RendezvousGCThreads done
Event: 36505.414 Executing VM operation: HandshakeAllThreads (HandshakeForDeflation)
Event: 36505.414 Executing VM operation: HandshakeAllThreads (HandshakeForDeflation) done
Event: 36505.414 Executing VM operation: RendezvousGCThreads
Event: 36505.414 Executing VM operation: RendezvousGCThreads done
Event: 36565.514 Executing VM operation: HandshakeAllThreads (HandshakeForDeflation)
Event: 36565.515 Executing VM operation: HandshakeAllThreads (HandshakeForDeflation) done
Event: 36565.515 Executing VM operation: RendezvousGCThreads
Event: 36565.515 Executing VM operation: RendezvousGCThreads done
Event: 36625.768 Executing VM operation: HandshakeAllThreads (HandshakeForDeflation)
Event: 36625.769 Executing VM operation: HandshakeAllThreads (HandshakeForDeflation) done
Event: 36625.769 Executing VM operation: RendezvousGCThreads
Event: 36625.769 Executing VM operation: RendezvousGCThreads done
Event: 36646.932 Executing VM operation: Cleanup
Event: 36646.932 Executing VM operation: Cleanup done
Event: 36686.017 Executing VM operation: HandshakeAllThreads (HandshakeForDeflation)
Event: 36686.017 Executing VM operation: HandshakeAllThreads (HandshakeForDeflation) done
Event: 36686.017 Executing VM operation: RendezvousGCThreads
Event: 36686.017 Executing VM operation: RendezvousGCThreads done

Memory protections (0 events):
No events

Nmethod flushes (20 events):
Event: 153.903 Thread 0x0000020ee04c06a0 flushing  nmethod 0x0000020ece028b90
Event: 153.903 Thread 0x0000020ee04c06a0 flushing  nmethod 0x0000020ece03e490
Event: 153.903 Thread 0x0000020ee04c06a0 flushing  nmethod 0x0000020ece042d10
Event: 153.903 Thread 0x0000020ee04c06a0 flushing  nmethod 0x0000020ece056f90
Event: 153.903 Thread 0x0000020ee04c06a0 flushing  nmethod 0x0000020ece093110
Event: 153.903 Thread 0x0000020ee04c06a0 flushing  nmethod 0x0000020ece098890
Event: 153.903 Thread 0x0000020ee04c06a0 flushing  nmethod 0x0000020ece0c1010
Event: 153.903 Thread 0x0000020ee04c06a0 flushing  nmethod 0x0000020ece0c2090
Event: 153.903 Thread 0x0000020ee04c06a0 flushing  nmethod 0x0000020ece0c2510
Event: 153.903 Thread 0x0000020ee04c06a0 flushing  nmethod 0x0000020ece0d4a10
Event: 153.903 Thread 0x0000020ee04c06a0 flushing  nmethod 0x0000020ece10eb10
Event: 153.903 Thread 0x0000020ee04c06a0 flushing  nmethod 0x0000020ece10f410
Event: 153.903 Thread 0x0000020ee04c06a0 flushing  nmethod 0x0000020ece113110
Event: 153.903 Thread 0x0000020ee04c06a0 flushing  nmethod 0x0000020ece12d010
Event: 153.903 Thread 0x0000020ee04c06a0 flushing  nmethod 0x0000020ece12ea10
Event: 153.903 Thread 0x0000020ee04c06a0 flushing  nmethod 0x0000020ece12f510
Event: 153.903 Thread 0x0000020ee04c06a0 flushing  nmethod 0x0000020ece130410
Event: 153.903 Thread 0x0000020ee04c06a0 flushing  nmethod 0x0000020ece132790
Event: 153.903 Thread 0x0000020ee04c06a0 flushing  nmethod 0x0000020ece1b9990
Event: 153.903 Thread 0x0000020ee04c06a0 flushing osr nmethod 0x0000020ece202290

Events (20 events):
Event: 155.833 Thread 0x0000020ee75e3df0 Thread exited: 0x0000020ee75e3df0
Event: 156.271 Thread 0x0000020ee1105670 Thread added: 0x0000020ee1be34f0
Event: 164.064 Thread 0x0000020ee1be34f0 Thread exited: 0x0000020ee1be34f0
Event: 210.239 Thread 0x0000020ee75e6be0 Thread exited: 0x0000020ee75e6be0
Event: 210.240 Thread 0x0000020ee12207e0 Thread exited: 0x0000020ee12207e0
Event: 210.428 Thread 0x0000020ee1220e70 Thread exited: 0x0000020ee1220e70
Event: 210.428 Thread 0x0000020ee1220150 Thread exited: 0x0000020ee1220150
Event: 210.428 Thread 0x0000020ee121d9f0 Thread exited: 0x0000020ee121d9f0
Event: 215.835 Thread 0x0000020ee75e51a0 Thread exited: 0x0000020ee75e51a0
Event: 216.509 Thread 0x0000020ee75e5830 Thread exited: 0x0000020ee75e5830
Event: 275.846 Thread 0x0000020ee75e30d0 Thread exited: 0x0000020ee75e30d0
Event: 276.516 Thread 0x0000020ee75e2a40 Thread exited: 0x0000020ee75e2a40
Event: 335.858 Thread 0x0000020ee75e7900 Thread exited: 0x0000020ee75e7900
Event: 336.518 Thread 0x0000020ee75e6550 Thread exited: 0x0000020ee75e6550
Event: 384.924 Thread 0x0000020ee1221500 Thread added: 0x0000020ee75e6be0
Event: 384.929 Thread 0x0000020ee75e6be0 Thread exited: 0x0000020ee75e6be0
Event: 387.051 Thread 0x0000020ee75e1690 Thread exited: 0x0000020ee75e1690
Event: 392.740 Thread 0x0000020ee75e5ec0 Thread exited: 0x0000020ee75e5ec0
Event: 393.097 Thread 0x0000020ee75e3760 Thread exited: 0x0000020ee75e3760
Event: 393.275 Thread 0x0000020ee75e7270 Thread exited: 0x0000020ee75e7270


Dynamic libraries:
0x00007ff6db070000 - 0x00007ff6db07e000 	c:\Users\yoelp\.vscode\extensions\redhat.java-1.45.0-win32-x64\jre\21.0.8-win32-x86_64\bin\java.exe
0x00007ffb3bc90000 - 0x00007ffb3be88000 	C:\Windows\SYSTEM32\ntdll.dll
0x00007ffb3a510000 - 0x00007ffb3a5d2000 	C:\Windows\System32\KERNEL32.DLL
0x00007ffb39410000 - 0x00007ffb39707000 	C:\Windows\System32\KERNELBASE.dll
0x00007ffb39b30000 - 0x00007ffb39c30000 	C:\Windows\System32\ucrtbase.dll
0x00007ffb29890000 - 0x00007ffb298a8000 	c:\Users\yoelp\.vscode\extensions\redhat.java-1.45.0-win32-x64\jre\21.0.8-win32-x86_64\bin\jli.dll
0x00007ffb39d50000 - 0x00007ffb39eed000 	C:\Windows\System32\USER32.dll
0x00007ffb393b0000 - 0x00007ffb393d2000 	C:\Windows\System32\win32u.dll
0x00007ffb3bc20000 - 0x00007ffb3bc4b000 	C:\Windows\System32\GDI32.dll
0x00007ffb39760000 - 0x00007ffb39879000 	C:\Windows\System32\gdi32full.dll
0x00007ffb399e0000 - 0x00007ffb39a7d000 	C:\Windows\System32\msvcp_win.dll
0x00007ffb29870000 - 0x00007ffb2988e000 	c:\Users\yoelp\.vscode\extensions\redhat.java-1.45.0-win32-x64\jre\21.0.8-win32-x86_64\bin\VCRUNTIME140.dll
0x00007ffb2cbd0000 - 0x00007ffb2ce6a000 	C:\Windows\WinSxS\amd64_microsoft.windows.common-controls_6595b64144ccf1df_6.0.19041.5915_none_60b4b9d171f9c7c7\COMCTL32.dll
0x00007ffb3ae10000 - 0x00007ffb3aeae000 	C:\Windows\System32\msvcrt.dll
0x00007ffb3ade0000 - 0x00007ffb3ae0f000 	C:\Windows\System32\IMM32.DLL
0x00007ffb38e50000 - 0x00007ffb38e87000 	C:\Windows\system32\DriverStore\FileRepository\nvacwu.inf_amd64_9d2734742a07f3cf\nvinitx.dll
0x00007ffb3b250000 - 0x00007ffb3b301000 	C:\Windows\System32\ADVAPI32.dll
0x00007ffb39cb0000 - 0x00007ffb39d4f000 	C:\Windows\System32\sechost.dll
0x00007ffb3b0c0000 - 0x00007ffb3b1e6000 	C:\Windows\System32\RPCRT4.dll
0x00007ffb393e0000 - 0x00007ffb39407000 	C:\Windows\System32\bcrypt.dll
0x00007ffb38e40000 - 0x00007ffb38e4a000 	C:\Windows\SYSTEM32\VERSION.dll
0x00007ffb3b320000 - 0x00007ffb3ba8e000 	C:\Windows\System32\Shell32.dll
0x00007ffb37350000 - 0x00007ffb37af4000 	C:\Windows\SYSTEM32\windows.storage.dll
0x00007ffb3a1b0000 - 0x00007ffb3a503000 	C:\Windows\System32\combase.dll
0x00007ffb38c90000 - 0x00007ffb38cbb000 	C:\Windows\SYSTEM32\Wldp.dll
0x00007ffb39fd0000 - 0x00007ffb3a09d000 	C:\Windows\System32\OLEAUT32.dll
0x00007ffb3a100000 - 0x00007ffb3a1ad000 	C:\Windows\System32\SHCORE.dll
0x00007ffb3ba90000 - 0x00007ffb3baeb000 	C:\Windows\System32\shlwapi.dll
0x000000005ff20000 - 0x000000005ff26000 	C:\Program Files\NVIDIA Corporation\CoProcManager\_etoured.dll
0x00007ffb29660000 - 0x00007ffb296a4000 	C:\Program Files\NVIDIA Corporation\CoProcManager\nvd3d9wrapx.dll
0x00007ffb3a900000 - 0x00007ffb3ad70000 	C:\Windows\System32\SETUPAPI.dll
0x00007ffb39710000 - 0x00007ffb3975e000 	C:\Windows\System32\cfgmgr32.dll
0x00007ffb29630000 - 0x00007ffb2965e000 	C:\Program Files\NVIDIA Corporation\CoProcManager\nvdxgiwrapx.dll
0x00007ffb29860000 - 0x00007ffb2986c000 	c:\Users\yoelp\.vscode\extensions\redhat.java-1.45.0-win32-x64\jre\21.0.8-win32-x86_64\bin\vcruntime140_1.dll
0x00007ffb19bd0000 - 0x00007ffb19c5d000 	c:\Users\yoelp\.vscode\extensions\redhat.java-1.45.0-win32-x64\jre\21.0.8-win32-x86_64\bin\msvcp140.dll
0x00007ffae2550000 - 0x00007ffae32e7000 	c:\Users\yoelp\.vscode\extensions\redhat.java-1.45.0-win32-x64\jre\21.0.8-win32-x86_64\bin\server\jvm.dll
0x00007ffb3ad70000 - 0x00007ffb3addb000 	C:\Windows\System32\WS2_32.dll
0x00007ffb390d0000 - 0x00007ffb3911b000 	C:\Windows\SYSTEM32\POWRPROF.dll
0x00007ffb2ce70000 - 0x00007ffb2ce97000 	C:\Windows\SYSTEM32\WINMM.dll
0x00007ffb390b0000 - 0x00007ffb390c2000 	C:\Windows\SYSTEM32\UMPDC.dll
0x00007ffb37150000 - 0x00007ffb37162000 	C:\Windows\SYSTEM32\kernel.appcore.dll
0x00007ffb29850000 - 0x00007ffb2985a000 	c:\Users\yoelp\.vscode\extensions\redhat.java-1.45.0-win32-x64\jre\21.0.8-win32-x86_64\bin\jimage.dll
0x00007ffb31b40000 - 0x00007ffb31d41000 	C:\Windows\SYSTEM32\DBGHELP.DLL
0x00007ffb31e90000 - 0x00007ffb31ec4000 	C:\Windows\SYSTEM32\dbgcore.DLL
0x0000020ec91d0000 - 0x0000020ec9252000 	C:\Windows\System32\bcryptPrimitives.dll
0x00007ffb29840000 - 0x00007ffb2984f000 	c:\Users\yoelp\.vscode\extensions\redhat.java-1.45.0-win32-x64\jre\21.0.8-win32-x86_64\bin\instrument.dll
0x00007ffb29820000 - 0x00007ffb2983f000 	c:\Users\yoelp\.vscode\extensions\redhat.java-1.45.0-win32-x64\jre\21.0.8-win32-x86_64\bin\java.dll
0x00007ffb39250000 - 0x00007ffb39274000 	C:\Windows\SYSTEM32\profapi.dll
0x00007ffb29800000 - 0x00007ffb29818000 	c:\Users\yoelp\.vscode\extensions\redhat.java-1.45.0-win32-x64\jre\21.0.8-win32-x86_64\bin\zip.dll
0x00007ffb35d50000 - 0x00007ffb35d60000 	C:\Users\yoelp\.vscode\extensions\redhat.java-1.45.0-win32-x64\jre\21.0.8-win32-x86_64\bin\net.dll
0x00007ffb30d40000 - 0x00007ffb30e4a000 	C:\Windows\SYSTEM32\WINHTTP.dll
0x00007ffb38990000 - 0x00007ffb389fa000 	C:\Windows\system32\mswsock.dll
0x00007ffb35a60000 - 0x00007ffb35a76000 	C:\Users\yoelp\.vscode\extensions\redhat.java-1.45.0-win32-x64\jre\21.0.8-win32-x86_64\bin\nio.dll
0x00007ffb35b40000 - 0x00007ffb35b50000 	c:\Users\yoelp\.vscode\extensions\redhat.java-1.45.0-win32-x64\jre\21.0.8-win32-x86_64\bin\verify.dll
0x00007ffb297b0000 - 0x00007ffb297f4000 	C:\Users\yoelp\AppData\Roaming\Code\User\globalStorage\redhat.java\1.45.0\config_win\org.eclipse.equinox.launcher\org.eclipse.equinox.launcher.win32.win32.x86_64_1.2.1400.v20250801-0854\eclipse_11916.dll
0x00007ffb3baf0000 - 0x00007ffb3bc1b000 	C:\Windows\System32\ole32.dll
0x00007ffb34dc0000 - 0x00007ffb34dca000 	C:\Users\yoelp\.vscode\extensions\redhat.java-1.45.0-win32-x64\jre\21.0.8-win32-x86_64\bin\management.dll
0x00007ffb33e60000 - 0x00007ffb33e6b000 	C:\Users\yoelp\.vscode\extensions\redhat.java-1.45.0-win32-x64\jre\21.0.8-win32-x86_64\bin\management_ext.dll
0x00007ffb3a8f0000 - 0x00007ffb3a8f8000 	C:\Windows\System32\PSAPI.DLL
0x00007ffb38b90000 - 0x00007ffb38ba8000 	C:\Windows\SYSTEM32\CRYPTSP.dll
0x00007ffb382b0000 - 0x00007ffb382e8000 	C:\Windows\system32\rsaenh.dll
0x00007ffb391d0000 - 0x00007ffb391fe000 	C:\Windows\SYSTEM32\USERENV.dll
0x00007ffb38b80000 - 0x00007ffb38b8c000 	C:\Windows\SYSTEM32\CRYPTBASE.dll
0x00007ffb38670000 - 0x00007ffb386ab000 	C:\Windows\SYSTEM32\IPHLPAPI.DLL
0x00007ffb3b310000 - 0x00007ffb3b318000 	C:\Windows\System32\NSI.dll
0x00007ffb21280000 - 0x00007ffb212c9000 	C:\Users\yoelp\AppData\Local\Temp\jna-115153363\jna8742206044910619974.dll
0x00007ffb32cc0000 - 0x00007ffb32cd7000 	C:\Windows\SYSTEM32\dhcpcsvc6.DLL
0x00007ffb32ca0000 - 0x00007ffb32cbd000 	C:\Windows\SYSTEM32\dhcpcsvc.DLL
0x00007ffb33e50000 - 0x00007ffb33e5e000 	C:\Users\yoelp\.vscode\extensions\redhat.java-1.45.0-win32-x64\jre\21.0.8-win32-x86_64\bin\sunmscapi.dll
0x00007ffb39880000 - 0x00007ffb399dd000 	C:\Windows\System32\CRYPT32.dll
0x00007ffb38d00000 - 0x00007ffb38d27000 	C:\Windows\SYSTEM32\ncrypt.dll
0x00007ffb38cc0000 - 0x00007ffb38cfb000 	C:\Windows\SYSTEM32\NTASN1.dll
0x00007ffb386b0000 - 0x00007ffb3877a000 	C:\Windows\SYSTEM32\DNSAPI.dll
0x00007ffb2ff10000 - 0x00007ffb2ff1a000 	C:\Windows\System32\rasadhlp.dll
0x00007ffb2ff60000 - 0x00007ffb2ffe0000 	C:\Windows\System32\fwpuclnt.dll
0x00007ffb33d30000 - 0x00007ffb33d39000 	C:\Users\yoelp\.vscode\extensions\redhat.java-1.45.0-win32-x64\jre\21.0.8-win32-x86_64\bin\extnet.dll
0x00007ffb38500000 - 0x00007ffb38533000 	C:\Windows\SYSTEM32\ntmarta.dll

JVMTI agents:
c:\Users\yoelp\.vscode\extensions\redhat.java-1.45.0-win32-x64\lombok\lombok-1.18.39-4050.jar path:c:\Users\yoelp\.vscode\extensions\redhat.java-1.45.0-win32-x64\jre\21.0.8-win32-x86_64\bin\instrument.dll, loaded, initialized, instrumentlib options:none

dbghelp: loaded successfully - version: 4.0.5 - missing functions: none
symbol engine: initialized successfully - sym options: 0x614 - pdb path: .;c:\Users\yoelp\.vscode\extensions\redhat.java-1.45.0-win32-x64\jre\21.0.8-win32-x86_64\bin;C:\Windows\SYSTEM32;C:\Windows\WinSxS\amd64_microsoft.windows.common-controls_6595b64144ccf1df_6.0.19041.5915_none_60b4b9d171f9c7c7;C:\Windows\system32\DriverStore\FileRepository\nvacwu.inf_amd64_9d2734742a07f3cf;C:\Program Files\NVIDIA Corporation\CoProcManager;c:\Users\yoelp\.vscode\extensions\redhat.java-1.45.0-win32-x64\jre\21.0.8-win32-x86_64\bin\server;C:\Users\yoelp\AppData\Roaming\Code\User\globalStorage\redhat.java\1.45.0\config_win\org.eclipse.equinox.launcher\org.eclipse.equinox.launcher.win32.win32.x86_64_1.2.1400.v20250801-0854;C:\Users\yoelp\AppData\Local\Temp\jna-115153363

VM Arguments:
jvm_args: --add-modules=ALL-SYSTEM --add-opens=java.base/java.util=ALL-UNNAMED --add-opens=java.base/java.lang=ALL-UNNAMED --add-opens=java.base/sun.nio.fs=ALL-UNNAMED -Declipse.application=org.eclipse.jdt.ls.core.id1 -Dosgi.bundles.defaultStartLevel=4 -Declipse.product=org.eclipse.jdt.ls.core.product -Djava.import.generatesMetadataFilesAtProjectRoot=false -DDetectVMInstallationsJob.disabled=true -Dfile.encoding=utf8 -XX:+UseParallelGC -XX:GCTimeRatio=4 -XX:AdaptiveSizePolicyWeight=90 -Dsun.zip.disableMemoryMapping=true -Xmx2G -Xms100m -Xlog:disable -javaagent:c:\Users\yoelp\.vscode\extensions\redhat.java-1.45.0-win32-x64\lombok\lombok-1.18.39-4050.jar -XX:+HeapDumpOnOutOfMemoryError -XX:HeapDumpPath=c:\Users\yoelp\AppData\Roaming\Code\User\workspaceStorage\ce60890354c079d3dad443cb89cf7f19\redhat.java -Daether.dependencyCollector.impl=bf 
java_command: c:\Users\yoelp\.vscode\extensions\redhat.java-1.45.0-win32-x64\server\plugins\org.eclipse.equinox.launcher_1.7.0.v20250519-0528.jar -configuration c:\Users\yoelp\AppData\Roaming\Code\User\globalStorage\redhat.java\1.45.0\config_win -data c:\Users\yoelp\AppData\Roaming\Code\User\workspaceStorage\ce60890354c079d3dad443cb89cf7f19\redhat.java\jdt_ws --pipe=\\.\pipe\lsp-25cf81350eacaa44df92a0323c266c05-sock
java_class_path (initial): c:\Users\yoelp\.vscode\extensions\redhat.java-1.45.0-win32-x64\server\plugins\org.eclipse.equinox.launcher_1.7.0.v20250519-0528.jar
Launcher Type: SUN_STANDARD

[Global flags]
    uintx AdaptiveSizePolicyWeight                 = 90                                        {product} {command line}
     intx CICompilerCount                          = 3                                         {product} {ergonomic}
    uintx GCTimeRatio                              = 4                                         {product} {command line}
     bool HeapDumpOnOutOfMemoryError               = true                                   {manageable} {command line}
    ccstr HeapDumpPath                             = c:\Users\yoelp\AppData\Roaming\Code\User\workspaceStorage\ce60890354c079d3dad443cb89cf7f19\redhat.java         {manageable} {command line}
   size_t InitialHeapSize                          = 104857600                                 {product} {command line}
   size_t MaxHeapSize                              = 2147483648                                {product} {command line}
   size_t MaxNewSize                               = 715653120                                 {product} {ergonomic}
   size_t MinHeapDeltaBytes                        = 524288                                    {product} {ergonomic}
   size_t MinHeapSize                              = 104857600                                 {product} {command line}
   size_t NewSize                                  = 34603008                                  {product} {ergonomic}
    uintx NonNMethodCodeHeapSize                   = 5832780                                {pd product} {ergonomic}
    uintx NonProfiledCodeHeapSize                  = 122912730                              {pd product} {ergonomic}
   size_t OldSize                                  = 70254592                                  {product} {ergonomic}
    uintx ProfiledCodeHeapSize                     = 122912730                              {pd product} {ergonomic}
    uintx ReservedCodeCacheSize                    = 251658240                              {pd product} {ergonomic}
     bool SegmentedCodeCache                       = true                                      {product} {ergonomic}
   size_t SoftMaxHeapSize                          = 2147483648                             {manageable} {ergonomic}
     bool UseCompressedOops                        = true                           {product lp64_product} {ergonomic}
     bool UseLargePagesIndividualAllocation        = false                                  {pd product} {ergonomic}
     bool UseParallelGC                            = true                                      {product} {command line}

Logging:
Log output configuration:
 #0: stdout all=off uptime,level,tags foldmultilines=false
 #1: stderr all=off uptime,level,tags foldmultilines=false

Environment Variables:
JAVA_HOME=C:\Program Files\Eclipse Adoptium\jdk-17.0.8.101-hotspot\
PATH=C:\app\yoelp\product\21c\dbhomeXE\bin;C:\Program Files\Eclipse Adoptium\jdk-17.0.8.101-hotspot\bin;C:\Windows\system32;C:\Windows;C:\Windows\System32\Wbem;C:\Windows\System32\WindowsPowerShell\v1.0\;C:\Windows\System32\OpenSSH\;C:\Program Files\Microsoft SQL Server\Client SDK\ODBC\170\Tools\Binn\;C:\Program Files\Microsoft SQL Server\150\Tools\Binn\;C:\Program Files\Git\cmd;C:\Program Files\AutoFirma\AutoFirma;C:\Program Files\dotnet\;C:\Program Files\nodejs\;C:\apache-maven-3.9.9\bin;C:\Program Files\MySQL\MySQL Shell 8.0\bin\;C:\Users\yoelp\AppData\Local\Programs\Python\Python313\Scripts\;C:\Users\yoelp\AppData\Local\Programs\Python\Python313\;C:\Users\yoelp\AppData\Local\Programs\Python\Launcher\;C:\Users\yoelp\AppData\Local\Microsoft\WindowsApps;C:\Users\yoelp\AppData\Local\Programs\Microsoft VS Code\bin;C:\Program Files\MongoDB\Server\8.0\bin;C:\Users\yoelp\.dotnet\tools;C:\Users\yoelp\AppData\Roaming\npm
USERNAME=yoelp
OS=Windows_NT
PROCESSOR_IDENTIFIER=Intel64 Family 6 Model 42 Stepping 7, GenuineIntel
TMP=C:\Users\yoelp\AppData\Local\Temp
TEMP=C:\Users\yoelp\AppData\Local\Temp




Periodic native trim disabled

---------------  S Y S T E M  ---------------

OS:
 Windows 10 , 64 bit Build 19041 (10.0.19041.5915)
OS uptime: 24 days 1:49 hours

CPU: total 4 (initial active 4) (2 cores per cpu, 2 threads per core) family 6 model 42 stepping 7 microcode 0x2f, cx8, cmov, fxsr, ht, mmx, sse, sse2, sse3, ssse3, sse4.1, sse4.2, popcnt, tsc, tscinvbit, avx, aes, clmul, vzeroupper, clflush, rdtscp
Processor Information for the first 4 processors :
  Max Mhz: 1601, Current Mhz: 1601, Mhz Limit: 1601

Memory: 4k page, system-wide physical 5977M (708M free)
TotalPageFile size 24409M (AvailPageFile size 1M)
current process WorkingSet (physical memory assigned to process): 75M, peak: 834M
current process commit charge ("private bytes"): 562M, peak: 1102M

vm_info: OpenJDK 64-Bit Server VM (21.0.8+9-LTS) for windows-amd64 JRE (21.0.8+9-LTS), built on 2025-07-15T00:00:00Z by "admin" with MS VC++ 17.7 (VS2022)

END.
