#
# There is insufficient memory for the Java Runtime Environment to continue.
# Native memory allocation (mmap) failed to map 65536 bytes. Error detail: Failed to commit metaspace.
# Possible reasons:
#   The system is out of physical RAM or swap space
#   This process is running with CompressedOops enabled, and the Java Heap may be blocking the growth of the native heap
# Possible solutions:
#   Reduce memory load on the system
#   Increase physical memory or swap space
#   Check if swap backing store is full
#   Decrease Java heap size (-Xmx/-Xms)
#
#  , pid=9884
#
# ]
V  [jvm.dll+0x8ae341]
V  [jvm.dll+0x8b08be]
V  [jvm.dll+0x8b0fa3]
V  [jvm.dll+0x280c96]
V  [jvm.dll+0x8aa07e]
V  [jvm.dll+0x6745b5]
V  [jvm.dll+0x1e5b2c]
V  [jvm.dll+0x1e58fe]
V  [jvm.dll+0x676eb2]
V  [jvm.dll+0x676cd2]
V  [jvm.dll+0x674f8e]
V  [jvm.dll+0x30b131]
V  [jvm.dll+0x218073]
V  [jvm.dll+0x20cee7]
V  [jvm.dll+0x5b19dc]
V  [jvm.dll+0x827606]
V  [jvm.dll+0x4741b6]
V  [jvm.dll+0x47a088]
C  [java.dll+0x17ec]

Java frames: (J=compiled Java code, j=interpreted, Vv=VM code)
j  java.lang.ClassLoader.defineClass1(Ljava/lang/ClassLoader;Ljava/lang/String;[BIILjava/security/ProtectionDomain;Ljava/lang/String;)Ljava/lang/Class;+0 java.base@21.0.8
j  java.lang.ClassLoader.defineClass(Ljava/lang/String;[BIILjava/security/ProtectionDomain;)Ljava/lang/Class;+27 java.base@21.0.8
j  java.security.SecureClassLoader.defineClass(Ljava/lang/String;[BIILjava/security/CodeSource;)Ljava/lang/Class;+12 java.base@21.0.8
j  java.net.URLClassLoader.defineClass(Ljava/lang/String;Ljdk/internal/loader/Resource;)Ljava/lang/Class;+220 java.base@21.0.8
j  java.net.URLClassLoader$1.run()Ljava/lang/Class;+43 java.base@21.0.8
j  java.net.URLClassLoader$1.run()Ljava/lang/Object;+1 java.base@21.0.8
j  java.security.AccessController.executePrivileged(Ljava/security/PrivilegedExceptionAction;Ljava/security/AccessControlContext;Ljava/lang/Class;)Ljava/lang/Object;+29 java.base@21.0.8
j  java.security.AccessController.doPrivileged(Ljava/security/PrivilegedExceptionAction;Ljava/security/AccessControlContext;)Ljava/lang/Object;+13 java.base@21.0.8
j  java.net.URLClassLoader.findClass(Ljava/lang/String;)Ljava/lang/Class;+13 java.base@21.0.8
j  java.lang.ClassLoader.loadClass(Ljava/lang/String;Z)Ljava/lang/Class;+69 java.base@21.0.8
J 1004 c1 java.lang.ClassLoader.loadClass(Ljava/lang/String;)Ljava/lang/Class; java.base@21.0.8 (7 bytes) @ 0x000002a2d33e16d4 [0x000002a2d33e15c0+0x0000000000000114]
v  ~StubRoutines::call_stub 0x000002a2da78100d
j  org.eclipse.osgi.internal.framework.EquinoxConfiguration.initializeProperties()V+779
j  org.eclipse.osgi.internal.framework.EquinoxConfiguration.<init>(Ljava/util/Map;Lorg/eclipse/osgi/internal/hookregistry/HookRegistry;)V+70
j  org.eclipse.osgi.internal.framework.EquinoxContainer.<init>(Ljava/util/Map;Lorg/osgi/framework/connect/ModuleConnector;)V+82
j  org.eclipse.osgi.launch.Equinox.<init>(Ljava/util/Map;Lorg/osgi/framework/connect/ModuleConnector;)V+10
j  org.eclipse.osgi.launch.Equinox.<init>(Ljava/util/Map;)V+3
j  org.eclipse.core.runtime.adaptor.EclipseStarter.startup([Ljava/lang/String;Ljava/lang/Runnable;)Lorg/osgi/framework/BundleContext;+28
j  org.eclipse.core.runtime.adaptor.EclipseStarter.run([Ljava/lang/String;Ljava/lang/Runnable;)Ljava/lang/Object;+21
j  java.lang.invoke.DirectMethodHandle$Holder.invokeStatic(Ljava/lang/Object;Ljava/lang/Object;Ljava/lang/Object;)Ljava/lang/Object;+11 java.base@21.0.8
j  java.lang.invoke.LambdaForm$MH+0x000002a28108a800.invoke(Ljava/lang/Object;Ljava/lang/Object;Ljava/lang/Object;Ljava/lang/Object;)Ljava/lang/Object;+54 java.base@21.0.8
j  java.lang.invoke.LambdaForm$MH+0x000002a281002c00.invokeExact_MT(Ljava/lang/Object;Ljava/lang/Object;Ljava/lang/Object;Ljava/lang/Object;Ljava/lang/Object;)Ljava/lang/Object;+22 java.base@21.0.8
j  jdk.internal.reflect.DirectMethodHandleAccessor.invokeImpl(Ljava/lang/Object;[Ljava/lang/Object;)Ljava/lang/Object;+72 java.base@21.0.8
j  jdk.internal.reflect.DirectMethodHandleAccessor.invoke(Ljava/lang/Object;[Ljava/lang/Object;)Ljava/lang/Object;+23 java.base@21.0.8
j  java.lang.reflect.Method.invoke(Ljava/lang/Object;[Ljava/lang/Object;)Ljava/lang/Object;+102 java.base@21.0.8
j  org.eclipse.equinox.launcher.Main.invokeFramework([Ljava/lang/String;[Ljava/net/URL;)V+155
j  org.eclipse.equinox.launcher.Main.basicRun([Ljava/lang/String;)V+191
j  org.eclipse.equinox.launcher.Main.run([Ljava/lang/String;)I+4
j  org.eclipse.equinox.launcher.Main.main([Ljava/lang/String;)V+10
v  ~StubRoutines::call_stub 0x000002a2da78100d

Compiled method (c1) 8687 1004       3       java.lang.ClassLoader::loadClass (7 bytes)
 total in heap  [0x000002a2d33e1410,0x000002a2d33e1800] = 1008
 relocation     [0x000002a2d33e1570,0x000002a2d33e15b0] = 64
 main code      [0x000002a2d33e15c0,0x000002a2d33e1750] = 400
 stub code      [0x000002a2d33e1750,0x000002a2d33e1798] = 72
 metadata       [0x000002a2d33e1798,0x000002a2d33e17a0] = 8
 scopes data    [0x000002a2d33e17a0,0x000002a2d33e17b8] = 24
 scopes pcs     [0x000002a2d33e17b8,0x000002a2d33e17f8] = 64
 dependencies   [0x000002a2d33e17f8,0x000002a2d33e1800] = 8

[Constant Pool (empty)]

[MachCode]
[Entry Point]
  # {method} {0x000002a2800145e8} 'loadClass' '(Ljava/lang/String;)Ljava/lang/Class;' in 'java/lang/ClassLoader'
  # this:     rdx:rdx   = 'java/lang/ClassLoader'
  # parm0:    r8:r8     = 'java/lang/String'
  #           [sp+0x40]  (sp of caller)
  0x000002a2d33e15c0: 448b 5208 | 49bb 0000 | 0080 a202 | 0000 4d03 | d34c 3bd0 

  0x000002a2d33e15d4: ;   {runtime_call ic_miss_stub}
  0x000002a2d33e15d4: 0f85 a6ce | 3e07 660f | 1f44 0000 
[Verified Entry Point]
  0x000002a2d33e15e0: 8984 2400 | 80ff ff55 | 4883 ec30 | 4181 7f20 | 0100 0000 

  0x000002a2d33e15f4: ;   {runtime_call StubRoutines (final stubs)}
  0x000002a2d33e15f4: 7405 e8e5 

  0x000002a2d33e15f8: ;   {metadata(method data for {method} {0x000002a2800145e8} 'loadClass' '(Ljava/lang/String;)Ljava/lang/Class;' in 'java/lang/ClassLoader')}
  0x000002a2d33e15f8: 743d 0749 | b9d8 792a | e8a2 0200 | 0041 8bb1 | cc00 0000 | 83c6 0241 | 89b1 cc00 | 0000 81e6 
  0x000002a2d33e1618: fe07 0000 | 85f6 0f84 | cb00 0000 

  0x000002a2d33e1624: ;   {metadata(method data for {method} {0x000002a2800145e8} 'loadClass' '(Ljava/lang/String;)Ljava/lang/Class;' in 'java/lang/ClassLoader')}
  0x000002a2d33e1624: 4c8b ca48 | bed8 792a | e8a2 0200 | 0045 8b49 | 0849 ba00 | 0000 80a2 | 0200 004d | 03ca 4c3b 
  0x000002a2d33e1644: 8e20 0100 | 0075 0d48 | 8386 2801 | 0000 01e9 | 6000 0000 | 4c3b 8e30 | 0100 0075 | 0d48 8386 
  0x000002a2d33e1664: 3801 0000 | 01e9 4a00 | 0000 4883 | be20 0100 | 0000 7517 | 4c89 8e20 | 0100 0048 | c786 2801 
  0x000002a2d33e1684: 0000 0100 | 0000 e929 | 0000 0048 | 83be 3001 | 0000 0075 | 174c 898e | 3001 0000 | 48c7 8638 
  0x000002a2d33e16a4: 0100 0001 | 0000 00e9 | 0800 0000 | 4883 8610 | 0100 0001 | 41b9 0000 | 0000 0f1f | 8000 0000 
  0x000002a2d33e16c4: 0048 b880 | e02f eca2 

  0x000002a2d33e16cc: ;   {virtual_call}
  0x000002a2d33e16cc: 0200 00e8 

  0x000002a2d33e16d0: ; ImmutableOopMap {}
                      ;*invokevirtual loadClass {reexecute=0 rethrow=0 return_oop=0}
                      ; - java.lang.ClassLoader::loadClass@3
  0x000002a2d33e16d0: 657e 3e07 

  0x000002a2d33e16d4: ;   {other}
  0x000002a2d33e16d4: 0f1f 8400 | c402 0000 | 4883 c430 

  0x000002a2d33e16e0: ;   {poll_return}
  0x000002a2d33e16e0: 5d49 3ba7 | 4804 0000 | 0f87 2200 

  0x000002a2d33e16ec: ;   {metadata({method} {0x000002a2800145e8} 'loadClass' '(Ljava/lang/String;)Ljava/lang/Class;' in 'java/lang/ClassLoader')}
  0x000002a2d33e16ec: 0000 c349 | bae0 4501 | 80a2 0200 | 004c 8954 | 2408 48c7 | 0424 ffff 

  0x000002a2d33e1704: ;   {runtime_call counter_overflow Runtime1 stub}
  0x000002a2d33e1704: ffff e875 

  0x000002a2d33e1708: ; ImmutableOopMap {rdx=Oop r8=Oop }
                      ;*synchronization entry
                      ; - java.lang.ClassLoader::loadClass@-1
  0x000002a2d33e1708: 424a 07e9 | 14ff ffff 

  0x000002a2d33e1710: ;   {internal_word}
  0x000002a2d33e1710: 49ba e116 | 3ed3 a202 | 0000 4d89 | 9760 0400 

  0x000002a2d33e1720: ;   {runtime_call SafepointBlob}
  0x000002a2d33e1720: 00e9 da33 | 3f07 498b | 87f8 0400 | 0049 c787 | f804 0000 | 0000 0000 | 49c7 8700 | 0500 0000 
  0x000002a2d33e1740: 0000 0048 | 83c4 305d 

  0x000002a2d33e1748: ;   {runtime_call unwind_exception Runtime1 stub}
  0x000002a2d33e1748: e9b3 1441 | 07f4 f4f4 
[Stub Code]
  0x000002a2d33e1750: ;   {no_reloc}
  0x000002a2d33e1750: 0f1f 4400 

  0x000002a2d33e1754: ;   {static_stub}
  0x000002a2d33e1754: 0048 bb00 | 0000 0000 

  0x000002a2d33e175c: ;   {runtime_call nmethod}
  0x000002a2d33e175c: 0000 00e9 | fbff ffff 
[Exception Handler]
  0x000002a2d33e1764: ;   {runtime_call handle_exception_from_callee Runtime1 stub}
  0x000002a2d33e1764: e897 e740 

  0x000002a2d33e1768: ;   {external_word}
  0x000002a2d33e1768: 0748 b990 | e2b6 09fb | 7f00 0048 

  0x000002a2d33e1774: ;   {runtime_call}
  0x000002a2d33e1774: 83e4 f048 | b810 7979 | 09fb 7f00 | 00ff d0f4 
[Deopt Handler Code]
  0x000002a2d33e1784: ;   {section_word}
  0x000002a2d33e1784: 49ba 8417 | 3ed3 a202 | 0000 4152 

  0x000002a2d33e1790: ;   {runtime_call DeoptimizationBlob}
  0x000002a2d33e1790: e90b 263f | 07f4 f4f4 
[/MachCode]


---------------  P R O C E S S  ---------------

Threads class SMR info:
_java_thread_list=0x000002a2e797f5d0, length=11, elements={
0x000002a2cdc9aee0, 0x000002a2e6a8e9c0, 0x000002a2e6a90a60, 0x000002a2e6a92980,
0x000002a2e6a93890, 0x000002a2e6a986b0, 0x000002a2e6a9c520, 0x000002a2e6a9d6b0,
0x000002a2e76d8dd0, 0x000002a2d00e9310, 0x000002a2e799b210
}

Java Threads: ( => current thread )
=>0x000002a2cdc9aee0 JavaThread "main"                              [_thread_in_vm, id=18140, stack(0x000000f265f00000,0x000000f266000000) (1024K)]
  0x000002a2e6a8e9c0 JavaThread "Reference Handler"          daemon [_thread_blocked, id=14240, stack(0x000000f266300000,0x000000f266400000) (1024K)]
  0x000002a2e6a90a60 JavaThread "Finalizer"                  daemon [_thread_blocked, id=18372, stack(0x000000f266400000,0x000000f266500000) (1024K)]
  0x000002a2e6a92980 JavaThread "Signal Dispatcher"          daemon [_thread_blocked, id=8888, stack(0x000000f266500000,0x000000f266600000) (1024K)]
  0x000002a2e6a93890 JavaThread "Attach Listener"            daemon [_thread_blocked, id=11916, stack(0x000000f266600000,0x000000f266700000) (1024K)]
  0x000002a2e6a986b0 JavaThread "Service Thread"             daemon [_thread_blocked, id=9700, stack(0x000000f266700000,0x000000f266800000) (1024K)]
  0x000002a2e6a9c520 JavaThread "Monitor Deflation Thread"   daemon [_thread_blocked, id=16092, stack(0x000000f266800000,0x000000f266900000) (1024K)]
  0x000002a2e6a9d6b0 JavaThread "C2 CompilerThread0"         daemon [_thread_blocked, id=3928, stack(0x000000f266900000,0x000000f266a00000) (1024K)]
  0x000002a2e76d8dd0 JavaThread "C1 CompilerThread0"         daemon [_thread_blocked, id=12628, stack(0x000000f266a00000,0x000000f266b00000) (1024K)]
  0x000002a2d00e9310 JavaThread "Common-Cleaner"             daemon [_thread_blocked, id=17320, stack(0x000000f266b00000,0x000000f266c00000) (1024K)]
  0x000002a2e799b210 JavaThread "Notification Thread"        daemon [_thread_blocked, id=13116, stack(0x000000f266c00000,0x000000f266d00000) (1024K)]
Total: 11

Other Threads:
  0x000002a2e6a7fda0 VMThread "VM Thread"                           [id=4608, stack(0x000000f266200000,0x000000f266300000) (1024K)]
  0x000002a2d00e6f50 WatcherThread "VM Periodic Task Thread"        [id=3060, stack(0x000000f266100000,0x000000f266200000) (1024K)]
  0x000002a2d00db670 WorkerThread "GC Thread#0"                     [id=15664, stack(0x000000f266000000,0x000000f266100000) (1024K)]
Total: 3

Threads with active compile tasks:
Total: 0

VM state: not at safepoint (normal execution)

VM Mutex/Monitor currently owned by a thread:  ([mutex/lock_event])
[0x00007ffb09e23458] Metaspace_lock - owner thread: 0x000002a2cdc9aee0

Heap address: 0x0000000080000000, size: 2048 MB, Compressed Oops mode: 32-bit

CDS archive(s) mapped at: [0x000002a280000000-0x000002a280ba0000-0x000002a280ba0000), size 12189696, SharedBaseAddress: 0x000002a280000000, ArchiveRelocationMode: 1.
Compressed class space mapped at: 0x000002a281000000-0x000002a2c1000000, reserved size: 1073741824
Narrow klass base: 0x000002a280000000, Narrow klass shift: 0, Narrow klass range: 0x100000000

GC Precious Log:
 CardTable entry size: 512
 CPUs: 4 total, 4 available
 Memory: 5977M
 Large Page Support: Disabled
 NUMA Support: Disabled
 Compressed Oops: Enabled (32-bit)
 Alignments: Space 512K, Generation 512K, Heap 2M
 Heap Min Capacity: 100M
 Heap Initial Capacity: 100M
 Heap Max Capacity: 2G
 Pre-touch: Disabled
 Parallel Workers: 4

Heap:
 PSYoungGen      total 29696K, used 25600K [0x00000000d5580000, 0x00000000d7680000, 0x0000000100000000)
  eden space 25600K, 100% used [0x00000000d5580000,0x00000000d6e80000,0x00000000d6e80000)
  from space 4096K, 0% used [0x00000000d7280000,0x00000000d7280000,0x00000000d7680000)
  to   space 4096K, 0% used [0x00000000d6e80000,0x00000000d6e80000,0x00000000d7280000)
 ParOldGen       total 68608K, used 0K [0x0000000080000000, 0x0000000084300000, 0x00000000d5580000)
  object space 68608K, 0% used [0x0000000080000000,0x0000000080000000,0x0000000084300000)
 Metaspace       used 4291K, committed 4480K, reserved 1114112K
  class space    used 468K, committed 576K, reserved 1048576K

Card table byte_map: [0x000002a2cfa20000,0x000002a2cfe30000] _byte_map_base: 0x000002a2cf620000

Marking Bits: (ParMarkBitMap*) 0x00007ffb09e2a340
 Begin Bits: [0x000002a2e2500000, 0x000002a2e4500000)
 End Bits:   [0x000002a2e4500000, 0x000002a2e6500000)

Polling page: 0x000002a2cdfd0000

Metaspace:

Usage:
  Non-class:      3.73 MB used.
      Class:    468.16 KB used.
       Both:      4.19 MB used.

Virtual space:
  Non-class space:       64.00 MB reserved,       3.81 MB (  6%) committed,  1 nodes.
      Class space:        1.00 GB reserved,     576.00 KB ( <1%) committed,  1 nodes.
             Both:        1.06 GB reserved,       4.38 MB ( <1%) committed. 

Chunk freelists:
   Non-Class:  11.17 MB
       Class:  15.44 MB
        Both:  26.61 MB

MaxMetaspaceSize: unlimited
CompressedClassSpaceSize: 1.00 GB
Initial GC threshold: 21.00 MB
Current GC threshold: 21.00 MB
CDS: on
 - commit_granule_bytes: 65536.
 - commit_granule_words: 8192.
 - virtual_space_node_default_size: 8388608.
 - enlarge_chunks_in_place: 1.
 - use_allocation_guard: 0.


Internal statistics:

num_allocs_failed_limit: 0.
num_arena_births: 184.
num_arena_deaths: 0.
num_vsnodes_births: 2.
num_vsnodes_deaths: 0.
num_space_committed: 70.
num_space_uncommitted: 0.
num_chunks_returned_to_freelist: 0.
num_chunks_taken_from_freelist: 246.
num_chunk_merges: 0.
num_chunk_splits: 158.
num_chunks_enlarged: 93.
num_inconsistent_stats: 0.

CodeHeap 'non-profiled nmethods': size=120000Kb used=441Kb max_used=441Kb free=119558Kb
 bounds [0x000002a2dad20000, 0x000002a2daf90000, 0x000002a2e2250000]
CodeHeap 'profiled nmethods': size=120000Kb used=1757Kb max_used=1757Kb free=118242Kb
 bounds [0x000002a2d3250000, 0x000002a2d34c0000, 0x000002a2da780000]
CodeHeap 'non-nmethods': size=5760Kb used=1189Kb max_used=1212Kb free=4570Kb
 bounds [0x000002a2da780000, 0x000002a2da9f0000, 0x000002a2dad20000]
CodeCache: size=245760Kb, used=3387Kb, max_used=3410Kb, free=242370Kb
 total_blobs=1542, nmethods=1091, adapters=358, full_count=0
Compilation: enabled, stopped_count=0, restarted_count=0

Compilation events (20 events):
Event: 8.529 Thread 0x000002a2e76d8dd0 1083       3       java.util.AbstractCollection::addAll (42 bytes)
Event: 8.529 Thread 0x000002a2e6a9d6b0 1084       4       java.util.HashSet::iterator (13 bytes)
Event: 8.530 Thread 0x000002a2e76d8dd0 nmethod 1083 0x000002a2d3403390 code [0x000002a2d3403580, 0x000002a2d3403aa0]
Event: 8.532 Thread 0x000002a2e76d8dd0 1087       3       java.lang.StringLatin1::inflate (34 bytes)
Event: 8.533 Thread 0x000002a2e76d8dd0 nmethod 1087 0x000002a2d3403c10 code [0x000002a2d3403dc0, 0x000002a2d3403fc0]
Event: 8.553 Thread 0x000002a2e6a9d6b0 nmethod 1084 0x000002a2dad8ce90 code [0x000002a2dad8d080, 0x000002a2dad8d680]
Event: 8.553 Thread 0x000002a2e76d8dd0 1088   !   3       jdk.internal.loader.BuiltinClassLoader::loadClassOrNull (143 bytes)
Event: 8.553 Thread 0x000002a2e6a9d6b0 1085       4       java.util.HashMap::keySet (25 bytes)
Event: 8.555 Thread 0x000002a2e76d8dd0 nmethod 1088 0x000002a2d3404110 code [0x000002a2d34043e0, 0x000002a2d3405300]
Event: 8.555 Thread 0x000002a2e6a9d6b0 nmethod 1085 0x000002a2dad8da10 code [0x000002a2dad8dba0, 0x000002a2dad8dcb8]
Event: 8.555 Thread 0x000002a2e76d8dd0 1089       3       java.lang.Object::toString (36 bytes)
Event: 8.555 Thread 0x000002a2e6a9d6b0 1086       4       java.util.HashMap$KeySet::iterator (12 bytes)
Event: 8.556 Thread 0x000002a2e76d8dd0 nmethod 1089 0x000002a2d3405990 code [0x000002a2d3405c00, 0x000002a2d34063e8]
Event: 8.558 Thread 0x000002a2e76d8dd0 1090       3       java.util.ArrayDeque::elementAt (4 bytes)
Event: 8.559 Thread 0x000002a2e76d8dd0 nmethod 1090 0x000002a2d3406710 code [0x000002a2d34068a0, 0x000002a2d34069b8]
Event: 8.561 Thread 0x000002a2e76d8dd0 1091       3       jdk.internal.loader.BuiltinClassLoader::loadClass (22 bytes)
Event: 8.561 Thread 0x000002a2e76d8dd0 nmethod 1091 0x000002a2d3406a90 code [0x000002a2d3406c60, 0x000002a2d3406f18]
Event: 8.567 Thread 0x000002a2e76d8dd0 1092       3       java.util.ArrayDeque::pollFirst (36 bytes)
Event: 8.568 Thread 0x000002a2e76d8dd0 nmethod 1092 0x000002a2d3407010 code [0x000002a2d34071e0, 0x000002a2d3407590]
Event: 8.568 Thread 0x000002a2e6a9d6b0 nmethod 1086 0x000002a2dad8dd90 code [0x000002a2dad8df40, 0x000002a2dad8e2d0]

GC Heap History (0 events):
No events

Dll operation events (8 events):
Event: 0.035 Loaded shared library c:\Users\yoelp\.vscode\extensions\redhat.java-1.45.0-win32-x64\jre\21.0.8-win32-x86_64\bin\java.dll
Event: 1.068 Loaded shared library c:\Users\yoelp\.vscode\extensions\redhat.java-1.45.0-win32-x64\jre\21.0.8-win32-x86_64\bin\zip.dll
Event: 1.280 Loaded shared library C:\Users\yoelp\.vscode\extensions\redhat.java-1.45.0-win32-x64\jre\21.0.8-win32-x86_64\bin\instrument.dll
Event: 1.302 Loaded shared library C:\Users\yoelp\.vscode\extensions\redhat.java-1.45.0-win32-x64\jre\21.0.8-win32-x86_64\bin\net.dll
Event: 1.372 Loaded shared library C:\Users\yoelp\.vscode\extensions\redhat.java-1.45.0-win32-x64\jre\21.0.8-win32-x86_64\bin\nio.dll
Event: 1.467 Loaded shared library C:\Users\yoelp\.vscode\extensions\redhat.java-1.45.0-win32-x64\jre\21.0.8-win32-x86_64\bin\zip.dll
Event: 2.040 Loaded shared library C:\Users\yoelp\.vscode\extensions\redhat.java-1.45.0-win32-x64\jre\21.0.8-win32-x86_64\bin\jimage.dll
Event: 2.984 Loaded shared library c:\Users\yoelp\.vscode\extensions\redhat.java-1.45.0-win32-x64\jre\21.0.8-win32-x86_64\bin\verify.dll

Deoptimization events (20 events):
Event: 8.301 Thread 0x000002a2cdc9aee0 DEOPT PACKING pc=0x000002a2d33c1e31 sp=0x000000f265ffdb90
Event: 8.301 Thread 0x000002a2cdc9aee0 DEOPT UNPACKING pc=0x000002a2da7d4242 sp=0x000000f265ffd008 mode 0
Event: 8.301 Thread 0x000002a2cdc9aee0 DEOPT PACKING pc=0x000002a2d33c1e31 sp=0x000000f265ffdb90
Event: 8.301 Thread 0x000002a2cdc9aee0 DEOPT UNPACKING pc=0x000002a2da7d4242 sp=0x000000f265ffd008 mode 0
Event: 8.302 Thread 0x000002a2cdc9aee0 DEOPT PACKING pc=0x000002a2d33c1e31 sp=0x000000f265ffdb90
Event: 8.302 Thread 0x000002a2cdc9aee0 DEOPT UNPACKING pc=0x000002a2da7d4242 sp=0x000000f265ffd008 mode 0
Event: 8.303 Thread 0x000002a2cdc9aee0 DEOPT PACKING pc=0x000002a2d33c1e31 sp=0x000000f265ffdb90
Event: 8.303 Thread 0x000002a2cdc9aee0 DEOPT UNPACKING pc=0x000002a2da7d4242 sp=0x000000f265ffd008 mode 0
Event: 8.303 Thread 0x000002a2cdc9aee0 DEOPT PACKING pc=0x000002a2d33c1e31 sp=0x000000f265ffdb90
Event: 8.303 Thread 0x000002a2cdc9aee0 DEOPT UNPACKING pc=0x000002a2da7d4242 sp=0x000000f265ffd008 mode 0
Event: 8.307 Thread 0x000002a2cdc9aee0 DEOPT PACKING pc=0x000002a2d33c1e31 sp=0x000000f265ffdb90
Event: 8.307 Thread 0x000002a2cdc9aee0 DEOPT UNPACKING pc=0x000002a2da7d4242 sp=0x000000f265ffd008 mode 0
Event: 8.307 Thread 0x000002a2cdc9aee0 DEOPT PACKING pc=0x000002a2d33c1e31 sp=0x000000f265ffdb90
Event: 8.307 Thread 0x000002a2cdc9aee0 DEOPT UNPACKING pc=0x000002a2da7d4242 sp=0x000000f265ffd008 mode 0
Event: 8.332 Thread 0x000002a2cdc9aee0 DEOPT PACKING pc=0x000002a2d33c1e31 sp=0x000000f265ffdb90
Event: 8.332 Thread 0x000002a2cdc9aee0 DEOPT UNPACKING pc=0x000002a2da7d4242 sp=0x000000f265ffd008 mode 0
Event: 8.383 Thread 0x000002a2cdc9aee0 Uncommon trap: trap_request=0xffffffc6 fr.pc=0x000002a2dad7abc0 relative=0x00000000000002e0
Event: 8.383 Thread 0x000002a2cdc9aee0 Uncommon trap: reason=bimorphic_or_optimized_type_check action=maybe_recompile pc=0x000002a2dad7abc0 method=java.util.HashMap.getNode(Ljava/lang/Object;)Ljava/util/HashMap$Node; @ 128 c2
Event: 8.383 Thread 0x000002a2cdc9aee0 DEOPT PACKING pc=0x000002a2dad7abc0 sp=0x000000f265ffd320
Event: 8.383 Thread 0x000002a2cdc9aee0 DEOPT UNPACKING pc=0x000002a2da7d3aa2 sp=0x000000f265ffd298 mode 2

Classes loaded (20 events):
Event: 8.367 Loading class jdk/internal/logger/LazyLoggers$LazyLoggerAccessor
Event: 8.367 Loading class jdk/internal/logger/LazyLoggers$LoggerAccessor
Event: 8.367 Loading class jdk/internal/logger/LazyLoggers$LoggerAccessor done
Event: 8.367 Loading class jdk/internal/logger/LazyLoggers$LazyLoggerAccessor done
Event: 8.368 Loading class jdk/internal/logger/SurrogateLogger
Event: 8.369 Loading class jdk/internal/logger/SimpleConsoleLogger
Event: 8.369 Loading class sun/util/logging/PlatformLogger$ConfigurableBridge$LoggerConfiguration
Event: 8.369 Loading class sun/util/logging/PlatformLogger$ConfigurableBridge$LoggerConfiguration done
Event: 8.369 Loading class jdk/internal/logger/SimpleConsoleLogger done
Event: 8.369 Loading class jdk/internal/logger/SurrogateLogger done
Event: 8.370 Loading class sun/util/logging/PlatformLogger
Event: 8.374 Loading class sun/util/logging/PlatformLogger done
Event: 8.374 Loading class sun/util/logging/PlatformLogger$Level
Event: 8.374 Loading class sun/util/logging/PlatformLogger$Level done
Event: 8.514 Loading class java/io/BufferedReader
Event: 8.515 Loading class java/io/BufferedReader done
Event: 8.516 Loading class sun/nio/cs/StreamDecoder
Event: 8.516 Loading class sun/nio/cs/StreamDecoder done
Event: 8.517 Loading class sun/nio/cs/UTF_8$Decoder
Event: 8.518 Loading class sun/nio/cs/UTF_8$Decoder done

Classes unloaded (0 events):
No events

Classes redefined (0 events):
No events

Internal exceptions (20 events):
Event: 2.644 Thread 0x000002a2cdc9aee0 Exception <a 'java/lang/NoSuchMethodError'{0x00000000d59f8a90}: 'int java.lang.invoke.DirectMethodHandle$Holder.invokeSpecial(java.lang.Object, java.lang.Object, java.lang.Object)'> (0x00000000d59f8a90) 
thrown [s\src\hotspot\share\interpreter\linkResolver.cpp, line 773]
Event: 2.717 Thread 0x000002a2cdc9aee0 Exception <a 'java/lang/NoSuchMethodError'{0x00000000d5a04750}: 'java.lang.Object java.lang.invoke.DirectMethodHandle$Holder.invokeStatic(java.lang.Object, java.lang.Object, int)'> (0x00000000d5a04750) 
thrown [s\src\hotspot\share\interpreter\linkResolver.cpp, line 773]
Event: 2.719 Thread 0x000002a2cdc9aee0 Exception <a 'java/lang/NoSuchMethodError'{0x00000000d5a090a0}: 'void java.lang.invoke.DirectMethodHandle$Holder.invokeStatic(java.lang.Object, java.lang.Object, int, java.lang.Object)'> (0x00000000d5a090a0) 
thrown [s\src\hotspot\share\interpreter\linkResolver.cpp, line 773]
Event: 2.720 Thread 0x000002a2cdc9aee0 Exception <a 'java/lang/NoSuchMethodError'{0x00000000d5a0cc30}: 'void java.lang.invoke.DirectMethodHandle$Holder.invokeSpecial(java.lang.Object, java.lang.Object, java.lang.Object, int, java.lang.Object)'> (0x00000000d5a0cc30) 
thrown [s\src\hotspot\share\interpreter\linkResolver.cpp, line 773]
Event: 2.721 Thread 0x000002a2cdc9aee0 Exception <a 'java/lang/NoSuchMethodError'{0x00000000d5a100a0}: 'void java.lang.invoke.DelegatingMethodHandle$Holder.delegate(java.lang.Object, java.lang.Object, int, java.lang.Object)'> (0x00000000d5a100a0) 
thrown [s\src\hotspot\share\interpreter\linkResolver.cpp, line 773]
Event: 3.261 Thread 0x000002a2cdc9aee0 Exception <a 'java/lang/NoSuchMethodError'{0x00000000d5bcf3b8}: 'void java.lang.invoke.DelegatingMethodHandle$Holder.reinvoke_L(java.lang.Object, java.lang.Object, java.lang.Object, int)'> (0x00000000d5bcf3b8) 
thrown [s\src\hotspot\share\interpreter\linkResolver.cpp, line 773]
Event: 4.870 Thread 0x000002a2cdc9aee0 Exception <a 'java/lang/NoSuchMethodError'{0x00000000d605a648}: 'void java.lang.invoke.DirectMethodHandle$Holder.invokeVirtual(java.lang.Object, java.lang.Object)'> (0x00000000d605a648) 
thrown [s\src\hotspot\share\interpreter\linkResolver.cpp, line 773]
Event: 6.352 Thread 0x000002a2cdc9aee0 Exception <a 'java/lang/NoSuchMethodError'{0x00000000d642ada0}: 'void java.lang.invoke.DirectMethodHandle$Holder.invokeStatic(java.lang.Object, java.lang.Object)'> (0x00000000d642ada0) 
thrown [s\src\hotspot\share\interpreter\linkResolver.cpp, line 773]
Event: 6.370 Thread 0x000002a2cdc9aee0 Exception <a 'java/lang/ClassNotFoundException'{0x00000000d6450818}: sun/net/www/protocol/c/Handler> (0x00000000d6450818) 
thrown [s\src\hotspot\share\classfile\systemDictionary.cpp, line 312]
Event: 6.507 Thread 0x000002a2cdc9aee0 Exception <a 'java/io/FileNotFoundException'{0x00000000d64ad890}> (0x00000000d64ad890) 
thrown [s\src\hotspot\share\prims\jni.cpp, line 520]
Event: 6.508 Thread 0x000002a2cdc9aee0 Exception <a 'java/io/FileNotFoundException'{0x00000000d64aec30}> (0x00000000d64aec30) 
thrown [s\src\hotspot\share\prims\jni.cpp, line 520]
Event: 6.509 Thread 0x000002a2cdc9aee0 Exception <a 'java/io/FileNotFoundException'{0x00000000d64af8e0}> (0x00000000d64af8e0) 
thrown [s\src\hotspot\share\prims\jni.cpp, line 520]
Event: 6.510 Thread 0x000002a2cdc9aee0 Exception <a 'java/io/FileNotFoundException'{0x00000000d64b0458}> (0x00000000d64b0458) 
thrown [s\src\hotspot\share\prims\jni.cpp, line 520]
Event: 6.538 Thread 0x000002a2cdc9aee0 Implicit null exception at 0x000002a2dad51ca4 to 0x000002a2dad52214
Event: 6.565 Thread 0x000002a2cdc9aee0 Exception <a 'java/io/FileNotFoundException'{0x00000000d64e88e0}> (0x00000000d64e88e0) 
thrown [s\src\hotspot\share\prims\jni.cpp, line 520]
Event: 6.625 Thread 0x000002a2cdc9aee0 Exception <a 'java/lang/NoSuchMethodError'{0x00000000d6520e28}: 'java.lang.Object java.lang.invoke.DirectMethodHandle$Holder.invokeInterface(java.lang.Object, java.lang.Object)'> (0x00000000d6520e28) 
thrown [s\src\hotspot\share\interpreter\linkResolver.cpp, line 773]
Event: 6.637 Thread 0x000002a2cdc9aee0 Exception <a 'java/lang/NoSuchMethodError'{0x00000000d65353a0}: 'java.lang.Object java.lang.invoke.Invokers$Holder.invokeExact_MT(java.lang.Object, java.lang.Object, java.lang.Object, java.lang.Object, java.lang.Object, java.lang.Object)'> (0x00000000d65353a0) 
thrown [s\src\hotspot\share\interpreter\linkResolver.cpp, line 773]
Event: 6.651 Thread 0x000002a2cdc9aee0 Exception <a 'java/lang/NoSuchMethodError'{0x00000000d654c5f8}: 'int java.lang.invoke.DirectMethodHandle$Holder.invokeStatic(java.lang.Object, java.lang.Object, java.lang.Object, java.lang.Object, java.lang.Object)'> (0x00000000d654c5f8) 
thrown [s\src\hotspot\share\interpreter\linkResolver.cpp, line 773]
Event: 6.784 Thread 0x000002a2cdc9aee0 Exception <a 'java/lang/NoSuchMethodError'{0x00000000d65e01d0}: 'java.lang.Object java.lang.invoke.DirectMethodHandle$Holder.invokeInterface(java.lang.Object, java.lang.Object, int)'> (0x00000000d65e01d0) 
thrown [s\src\hotspot\share\interpreter\linkResolver.cpp, line 773]
Event: 8.046 Thread 0x000002a2cdc9aee0 Exception <a 'java/lang/NoSuchMethodError'{0x00000000d6a67a88}: 'java.lang.ClassLoader java.lang.ClassLoader.getPlatformClassLoader(java.lang.Class)'> (0x00000000d6a67a88) 
thrown [s\src\hotspot\share\interpreter\linkResolver.cpp, line 773]

ZGC Phase Switch (0 events):
No events

VM Operations (20 events):
Event: 2.075 Executing VM operation: Cleanup
Event: 2.169 Executing VM operation: Cleanup done
Event: 2.211 Executing VM operation: HandshakeAllThreads (Deoptimize)
Event: 2.211 Executing VM operation: HandshakeAllThreads (Deoptimize) done
Event: 3.224 Executing VM operation: Cleanup
Event: 3.224 Executing VM operation: Cleanup done
Event: 4.239 Executing VM operation: Cleanup
Event: 4.239 Executing VM operation: Cleanup done
Event: 5.245 Executing VM operation: Cleanup
Event: 5.258 Executing VM operation: Cleanup done
Event: 6.055 Executing VM operation: HandshakeAllThreads (Deoptimize)
Event: 6.055 Executing VM operation: HandshakeAllThreads (Deoptimize) done
Event: 6.225 Executing VM operation: HandshakeAllThreads (Deoptimize)
Event: 6.225 Executing VM operation: HandshakeAllThreads (Deoptimize) done
Event: 7.238 Executing VM operation: Cleanup
Event: 7.253 Executing VM operation: Cleanup done
Event: 8.266 Executing VM operation: Cleanup
Event: 8.266 Executing VM operation: Cleanup done
Event: 8.518 Executing VM operation: HandshakeAllThreads (Deoptimize)
Event: 8.518 Executing VM operation: HandshakeAllThreads (Deoptimize) done

Memory protections (0 events):
No events

Nmethod flushes (0 events):
No events

Events (11 events):
Event: 0.184 Thread 0x000002a2cdc9aee0 Thread added: 0x000002a2cdc9aee0
Event: 0.339 Thread 0x000002a2cdc9aee0 Thread added: 0x000002a2e6a8e9c0
Event: 0.339 Thread 0x000002a2cdc9aee0 Thread added: 0x000002a2e6a90a60
Event: 0.340 Thread 0x000002a2cdc9aee0 Thread added: 0x000002a2e6a92980
Event: 0.341 Thread 0x000002a2cdc9aee0 Thread added: 0x000002a2e6a93890
Event: 0.341 Thread 0x000002a2cdc9aee0 Thread added: 0x000002a2e6a986b0
Event: 0.341 Thread 0x000002a2cdc9aee0 Thread added: 0x000002a2e6a9c520
Event: 0.341 Thread 0x000002a2cdc9aee0 Thread added: 0x000002a2e6a9d6b0
Event: 0.413 Thread 0x000002a2cdc9aee0 Thread added: 0x000002a2e76d8dd0
Event: 0.863 Thread 0x000002a2cdc9aee0 Thread added: 0x000002a2d00e9310
Event: 4.064 Thread 0x000002a2cdc9aee0 Thread added: 0x000002a2e799b210


Dynamic libraries:
0x00007ff6db070000 - 0x00007ff6db07e000 	c:\Users\yoelp\.vscode\extensions\redhat.java-1.45.0-win32-x64\jre\21.0.8-win32-x86_64\bin\java.exe
0x00007ffb3bc90000 - 0x00007ffb3be88000 	C:\Windows\SYSTEM32\ntdll.dll
0x00007ffb3a510000 - 0x00007ffb3a5d2000 	C:\Windows\System32\KERNEL32.DLL
0x00007ffb39410000 - 0x00007ffb39707000 	C:\Windows\System32\KERNELBASE.dll
0x00007ffb39b30000 - 0x00007ffb39c30000 	C:\Windows\System32\ucrtbase.dll
0x00007ffb33390000 - 0x00007ffb333a8000 	c:\Users\yoelp\.vscode\extensions\redhat.java-1.45.0-win32-x64\jre\21.0.8-win32-x86_64\bin\jli.dll
0x00007ffb39d50000 - 0x00007ffb39eed000 	C:\Windows\System32\USER32.dll
0x00007ffb393b0000 - 0x00007ffb393d2000 	C:\Windows\System32\win32u.dll
0x00007ffb3bc20000 - 0x00007ffb3bc4b000 	C:\Windows\System32\GDI32.dll
0x00007ffb39760000 - 0x00007ffb39879000 	C:\Windows\System32\gdi32full.dll
0x00007ffb399e0000 - 0x00007ffb39a7d000 	C:\Windows\System32\msvcp_win.dll
0x00007ffb2cbb0000 - 0x00007ffb2cbce000 	c:\Users\yoelp\.vscode\extensions\redhat.java-1.45.0-win32-x64\jre\21.0.8-win32-x86_64\bin\VCRUNTIME140.dll
0x00007ffb2cbd0000 - 0x00007ffb2ce6a000 	C:\Windows\WinSxS\amd64_microsoft.windows.common-controls_6595b64144ccf1df_6.0.19041.5915_none_60b4b9d171f9c7c7\COMCTL32.dll
0x00007ffb3ae10000 - 0x00007ffb3aeae000 	C:\Windows\System32\msvcrt.dll
0x00007ffb3ade0000 - 0x00007ffb3ae0f000 	C:\Windows\System32\IMM32.DLL
0x00007ffb38e50000 - 0x00007ffb38e87000 	C:\Windows\system32\DriverStore\FileRepository\nvacwu.inf_amd64_9d2734742a07f3cf\nvinitx.dll
0x00007ffb3b250000 - 0x00007ffb3b301000 	C:\Windows\System32\ADVAPI32.dll
0x00007ffb39cb0000 - 0x00007ffb39d4f000 	C:\Windows\System32\sechost.dll
0x00007ffb3b0c0000 - 0x00007ffb3b1e6000 	C:\Windows\System32\RPCRT4.dll
0x00007ffb393e0000 - 0x00007ffb39407000 	C:\Windows\System32\bcrypt.dll
0x00007ffb38e40000 - 0x00007ffb38e4a000 	C:\Windows\SYSTEM32\VERSION.dll
0x00007ffb3b320000 - 0x00007ffb3ba8e000 	C:\Windows\System32\Shell32.dll
0x00007ffb37350000 - 0x00007ffb37af4000 	C:\Windows\SYSTEM32\windows.storage.dll
0x00007ffb3a1b0000 - 0x00007ffb3a503000 	C:\Windows\System32\combase.dll
0x00007ffb38c90000 - 0x00007ffb38cbb000 	C:\Windows\SYSTEM32\Wldp.dll
0x00007ffb39fd0000 - 0x00007ffb3a09d000 	C:\Windows\System32\OLEAUT32.dll
0x00007ffb3a100000 - 0x00007ffb3a1ad000 	C:\Windows\System32\SHCORE.dll
0x00007ffb3ba90000 - 0x00007ffb3baeb000 	C:\Windows\System32\shlwapi.dll
0x000000005ff20000 - 0x000000005ff26000 	C:\Program Files\NVIDIA Corporation\CoProcManager\_etoured.dll
0x00007ffb29660000 - 0x00007ffb296a4000 	C:\Program Files\NVIDIA Corporation\CoProcManager\nvd3d9wrapx.dll
0x00007ffb3a900000 - 0x00007ffb3ad70000 	C:\Windows\System32\SETUPAPI.dll
0x00007ffb39710000 - 0x00007ffb3975e000 	C:\Windows\System32\cfgmgr32.dll
0x00007ffb29630000 - 0x00007ffb2965e000 	C:\Program Files\NVIDIA Corporation\CoProcManager\nvdxgiwrapx.dll
0x00007ffb36940000 - 0x00007ffb3694c000 	c:\Users\yoelp\.vscode\extensions\redhat.java-1.45.0-win32-x64\jre\21.0.8-win32-x86_64\bin\vcruntime140_1.dll
0x00007ffb1eaf0000 - 0x00007ffb1eb7d000 	c:\Users\yoelp\.vscode\extensions\redhat.java-1.45.0-win32-x64\jre\21.0.8-win32-x86_64\bin\msvcp140.dll
0x00007ffb09170000 - 0x00007ffb09f07000 	c:\Users\yoelp\.vscode\extensions\redhat.java-1.45.0-win32-x64\jre\21.0.8-win32-x86_64\bin\server\jvm.dll
0x00007ffb3ad70000 - 0x00007ffb3addb000 	C:\Windows\System32\WS2_32.dll
0x00007ffb390d0000 - 0x00007ffb3911b000 	C:\Windows\SYSTEM32\POWRPROF.dll
0x00007ffb2ce70000 - 0x00007ffb2ce97000 	C:\Windows\SYSTEM32\WINMM.dll
0x00007ffb390b0000 - 0x00007ffb390c2000 	C:\Windows\SYSTEM32\UMPDC.dll
0x00007ffb37150000 - 0x00007ffb37162000 	C:\Windows\SYSTEM32\kernel.appcore.dll
0x00007ffb35c90000 - 0x00007ffb35c9a000 	c:\Users\yoelp\.vscode\extensions\redhat.java-1.45.0-win32-x64\jre\21.0.8-win32-x86_64\bin\jimage.dll
0x00007ffb31b40000 - 0x00007ffb31d41000 	C:\Windows\SYSTEM32\DBGHELP.DLL
0x00007ffb31e90000 - 0x00007ffb31ec4000 	C:\Windows\SYSTEM32\dbgcore.DLL
0x000002a2cf790000 - 0x000002a2cf812000 	C:\Windows\System32\bcryptPrimitives.dll
0x00007ffb35bf0000 - 0x00007ffb35bff000 	c:\Users\yoelp\.vscode\extensions\redhat.java-1.45.0-win32-x64\jre\21.0.8-win32-x86_64\bin\instrument.dll
0x00007ffb2cb70000 - 0x00007ffb2cb8f000 	c:\Users\yoelp\.vscode\extensions\redhat.java-1.45.0-win32-x64\jre\21.0.8-win32-x86_64\bin\java.dll
0x00007ffb39250000 - 0x00007ffb39274000 	C:\Windows\SYSTEM32\profapi.dll
0x00007ffb33ab0000 - 0x00007ffb33ac8000 	c:\Users\yoelp\.vscode\extensions\redhat.java-1.45.0-win32-x64\jre\21.0.8-win32-x86_64\bin\zip.dll
0x00007ffb33aa0000 - 0x00007ffb33ab0000 	C:\Users\yoelp\.vscode\extensions\redhat.java-1.45.0-win32-x64\jre\21.0.8-win32-x86_64\bin\net.dll
0x00007ffb30d40000 - 0x00007ffb30e4a000 	C:\Windows\SYSTEM32\WINHTTP.dll
0x00007ffb38990000 - 0x00007ffb389fa000 	C:\Windows\system32\mswsock.dll
0x00007ffb33a80000 - 0x00007ffb33a96000 	C:\Users\yoelp\.vscode\extensions\redhat.java-1.45.0-win32-x64\jre\21.0.8-win32-x86_64\bin\nio.dll
0x00007ffb33a70000 - 0x00007ffb33a80000 	c:\Users\yoelp\.vscode\extensions\redhat.java-1.45.0-win32-x64\jre\21.0.8-win32-x86_64\bin\verify.dll

JVMTI agents:
c:\Users\yoelp\.vscode\extensions\redhat.java-1.45.0-win32-x64\lombok\lombok-1.18.39-4050.jar path:c:\Users\yoelp\.vscode\extensions\redhat.java-1.45.0-win32-x64\jre\21.0.8-win32-x86_64\bin\instrument.dll, loaded, initialized, instrumentlib options:none

dbghelp: loaded successfully - version: 4.0.5 - missing functions: none
symbol engine: initialized successfully - sym options: 0x614 - pdb path: .;c:\Users\yoelp\.vscode\extensions\redhat.java-1.45.0-win32-x64\jre\21.0.8-win32-x86_64\bin;C:\Windows\SYSTEM32;C:\Windows\WinSxS\amd64_microsoft.windows.common-controls_6595b64144ccf1df_6.0.19041.5915_none_60b4b9d171f9c7c7;C:\Windows\system32\DriverStore\FileRepository\nvacwu.inf_amd64_9d2734742a07f3cf;C:\Program Files\NVIDIA Corporation\CoProcManager;c:\Users\yoelp\.vscode\extensions\redhat.java-1.45.0-win32-x64\jre\21.0.8-win32-x86_64\bin\server

VM Arguments:
jvm_args: --add-modules=ALL-SYSTEM --add-opens=java.base/java.util=ALL-UNNAMED --add-opens=java.base/java.lang=ALL-UNNAMED --add-opens=java.base/sun.nio.fs=ALL-UNNAMED -Declipse.application=org.eclipse.jdt.ls.core.id1 -Dosgi.bundles.defaultStartLevel=4 -Declipse.product=org.eclipse.jdt.ls.core.product -Djava.import.generatesMetadataFilesAtProjectRoot=false -DDetectVMInstallationsJob.disabled=true -Dfile.encoding=utf8 -XX:+UseParallelGC -XX:GCTimeRatio=4 -XX:AdaptiveSizePolicyWeight=90 -Dsun.zip.disableMemoryMapping=true -Xmx2G -Xms100m -Xlog:disable -javaagent:c:\Users\yoelp\.vscode\extensions\redhat.java-1.45.0-win32-x64\lombok\lombok-1.18.39-4050.jar -XX:+HeapDumpOnOutOfMemoryError -XX:HeapDumpPath=c:\Users\yoelp\AppData\Roaming\Code\User\workspaceStorage\ce60890354c079d3dad443cb89cf7f19\redhat.java -Daether.dependencyCollector.impl=bf 
java_command: c:\Users\yoelp\.vscode\extensions\redhat.java-1.45.0-win32-x64\server\plugins\org.eclipse.equinox.launcher_1.7.0.v20250519-0528.jar -configuration c:\Users\yoelp\AppData\Roaming\Code\User\globalStorage\redhat.java\1.45.0\config_win -data c:\Users\yoelp\AppData\Roaming\Code\User\workspaceStorage\ce60890354c079d3dad443cb89cf7f19\redhat.java\jdt_ws --pipe=\\.\pipe\lsp-535c596bcb8e4285ca4a8b0dc0104bb1-sock
java_class_path (initial): c:\Users\yoelp\.vscode\extensions\redhat.java-1.45.0-win32-x64\server\plugins\org.eclipse.equinox.launcher_1.7.0.v20250519-0528.jar
Launcher Type: SUN_STANDARD

[Global flags]
    uintx AdaptiveSizePolicyWeight                 = 90                                        {product} {command line}
     intx CICompilerCount                          = 3                                         {product} {ergonomic}
    uintx GCTimeRatio                              = 4                                         {product} {command line}
     bool HeapDumpOnOutOfMemoryError               = true                                   {manageable} {command line}
    ccstr HeapDumpPath                             = c:\Users\yoelp\AppData\Roaming\Code\User\workspaceStorage\ce60890354c079d3dad443cb89cf7f19\redhat.java         {manageable} {command line}
   size_t InitialHeapSize                          = 104857600                                 {product} {command line}
   size_t MaxHeapSize                              = 2147483648                                {product} {command line}
   size_t MaxNewSize                               = 715653120                                 {product} {ergonomic}
   size_t MinHeapDeltaBytes                        = 524288                                    {product} {ergonomic}
   size_t MinHeapSize                              = 104857600                                 {product} {command line}
   size_t NewSize                                  = 34603008                                  {product} {ergonomic}
    uintx NonNMethodCodeHeapSize                   = 5832780                                {pd product} {ergonomic}
    uintx NonProfiledCodeHeapSize                  = 122912730                              {pd product} {ergonomic}
   size_t OldSize                                  = 70254592                                  {product} {ergonomic}
    uintx ProfiledCodeHeapSize                     = 122912730                              {pd product} {ergonomic}
    uintx ReservedCodeCacheSize                    = 251658240                              {pd product} {ergonomic}
     bool SegmentedCodeCache                       = true                                      {product} {ergonomic}
   size_t SoftMaxHeapSize                          = 2147483648                             {manageable} {ergonomic}
     bool UseCompressedOops                        = true                           {product lp64_product} {ergonomic}
     bool UseLargePagesIndividualAllocation        = false                                  {pd product} {ergonomic}
     bool UseParallelGC                            = true                                      {product} {command line}

Logging:
Log output configuration:
 #0: stdout all=off uptime,level,tags foldmultilines=false
 #1: stderr all=off uptime,level,tags foldmultilines=false

Environment Variables:
JAVA_HOME=C:\Program Files\Eclipse Adoptium\jdk-17.0.8.101-hotspot\
PATH=C:\app\yoelp\product\21c\dbhomeXE\bin;C:\Program Files\Eclipse Adoptium\jdk-17.0.8.101-hotspot\bin;C:\Windows\system32;C:\Windows;C:\Windows\System32\Wbem;C:\Windows\System32\WindowsPowerShell\v1.0\;C:\Windows\System32\OpenSSH\;C:\Program Files\Microsoft SQL Server\Client SDK\ODBC\170\Tools\Binn\;C:\Program Files\Microsoft SQL Server\150\Tools\Binn\;C:\Program Files\Git\cmd;C:\Program Files\AutoFirma\AutoFirma;C:\Program Files\dotnet\;C:\Program Files\nodejs\;C:\apache-maven-3.9.9\bin;C:\Program Files\MySQL\MySQL Shell 8.0\bin\;C:\Users\yoelp\AppData\Local\Programs\Python\Python313\Scripts\;C:\Users\yoelp\AppData\Local\Programs\Python\Python313\;C:\Users\yoelp\AppData\Local\Programs\Python\Launcher\;C:\Users\yoelp\AppData\Local\Microsoft\WindowsApps;C:\Users\yoelp\AppData\Local\Programs\Microsoft VS Code\bin;C:\Program Files\MongoDB\Server\8.0\bin;C:\Users\yoelp\.dotnet\tools;C:\Users\yoelp\AppData\Roaming\npm
USERNAME=yoelp
OS=Windows_NT
PROCESSOR_IDENTIFIER=Intel64 Family 6 Model 42 Stepping 7, GenuineIntel
TMP=C:\Users\yoelp\AppData\Local\Temp
TEMP=C:\Users\yoelp\AppData\Local\Temp




Periodic native trim disabled

---------------  S Y S T E M  ---------------

OS:
 Windows 10 , 64 bit Build 19041 (10.0.19041.5915)
OS uptime: 24 days 16:07 hours

CPU: total 4 (initial active 4) (2 cores per cpu, 2 threads per core) family 6 model 42 stepping 7 microcode 0x2f, cx8, cmov, fxsr, ht, mmx, sse, sse2, sse3, ssse3, sse4.1, sse4.2, popcnt, tsc, tscinvbit, avx, aes, clmul, vzeroupper, clflush, rdtscp
Processor Information for the first 4 processors :
  Max Mhz: 1601, Current Mhz: 1601, Mhz Limit: 1601

Memory: 4k page, system-wide physical 5977M (447M free)
TotalPageFile size 24409M (AvailPageFile size 2M)
current process WorkingSet (physical memory assigned to process): 74M, peak: 74M
current process commit charge ("private bytes"): 221M, peak: 222M

vm_info: OpenJDK 64-Bit Server VM (21.0.8+9-LTS) for windows-amd64 JRE (21.0.8+9-LTS), built on 2025-07-15T00:00:00Z by "admin" with MS VC++ 17.7 (VS2022)

END.
